{"/home/giku/Documents/SE/application/src/classes/Router.js": {"path":"/home/giku/Documents/SE/application/src/classes/Router.js","statementMap":{"0":{"start":{"line":4,"column":23},"end":{"line":4,"column":62}},"1":{"start":{"line":5,"column":16},"end":{"line":5,"column":21}},"2":{"start":{"line":6,"column":16},"end":{"line":6,"column":26}},"3":{"start":{"line":7,"column":12},"end":{"line":7,"column":18}},"4":{"start":{"line":9,"column":19},"end":{"line":9,"column":39}},"5":{"start":{"line":10,"column":17},"end":{"line":10,"column":32}},"6":{"start":{"line":11,"column":20},"end":{"line":11,"column":51}},"7":{"start":{"line":12,"column":16},"end":{"line":12,"column":22}},"8":{"start":{"line":16,"column":8},"end":{"line":16,"column":77}},"9":{"start":{"line":17,"column":8},"end":{"line":17,"column":49}},"10":{"start":{"line":21,"column":22},"end":{"line":21,"column":56}},"11":{"start":{"line":23,"column":8},"end":{"line":26,"column":42}},"12":{"start":{"line":24,"column":30},"end":{"line":24,"column":45}},"13":{"start":{"line":25,"column":26},"end":{"line":25,"column":53}},"14":{"start":{"line":26,"column":24},"end":{"line":26,"column":40}},"15":{"start":{"line":30,"column":19},"end":{"line":30,"column":23}},"16":{"start":{"line":31,"column":8},"end":{"line":43,"column":15}},"17":{"start":{"line":33,"column":16},"end":{"line":42,"column":17}},"18":{"start":{"line":34,"column":20},"end":{"line":34,"column":36}},"19":{"start":{"line":36,"column":20},"end":{"line":36,"column":85}},"20":{"start":{"line":37,"column":20},"end":{"line":41,"column":23}},"21":{"start":{"line":38,"column":24},"end":{"line":40,"column":33}},"22":{"start":{"line":39,"column":28},"end":{"line":39,"column":64}},"23":{"start":{"line":46,"column":8},"end":{"line":52,"column":9}},"24":{"start":{"line":56,"column":26},"end":{"line":56,"column":84}},"25":{"start":{"line":57,"column":23},"end":{"line":57,"column":59}},"26":{"start":{"line":58,"column":23},"end":{"line":58,"column":59}},"27":{"start":{"line":59,"column":20},"end":{"line":59,"column":22}},"28":{"start":{"line":61,"column":8},"end":{"line":67,"column":9}},"29":{"start":{"line":61,"column":20},"end":{"line":61,"column":21}},"30":{"start":{"line":62,"column":12},"end":{"line":66,"column":15}},"31":{"start":{"line":69,"column":8},"end":{"line":75,"column":9}},"32":{"start":{"line":70,"column":12},"end":{"line":74,"column":15}},"33":{"start":{"line":77,"column":8},"end":{"line":77,"column":21}},"34":{"start":{"line":81,"column":8},"end":{"line":84,"column":9}},"35":{"start":{"line":88,"column":26},"end":{"line":88,"column":28}},"36":{"start":{"line":89,"column":8},"end":{"line":89,"column":65}},"37":{"start":{"line":90,"column":8},"end":{"line":92,"column":9}},"38":{"start":{"line":90,"column":20},"end":{"line":90,"column":21}},"39":{"start":{"line":91,"column":12},"end":{"line":91,"column":75}},"40":{"start":{"line":93,"column":8},"end":{"line":93,"column":57}},"41":{"start":{"line":97,"column":8},"end":{"line":99,"column":35}}},"fnMap":{"0":{"name":"(anonymous_0)","decl":{"start":{"line":15,"column":4},"end":{"line":15,"column":5}},"loc":{"start":{"line":15,"column":18},"end":{"line":18,"column":5}},"line":15},"1":{"name":"(anonymous_1)","decl":{"start":{"line":20,"column":4},"end":{"line":20,"column":5}},"loc":{"start":{"line":20,"column":23},"end":{"line":27,"column":5}},"line":20},"2":{"name":"(anonymous_2)","decl":{"start":{"line":24,"column":18},"end":{"line":24,"column":19}},"loc":{"start":{"line":24,"column":30},"end":{"line":24,"column":45}},"line":24},"3":{"name":"(anonymous_3)","decl":{"start":{"line":25,"column":18},"end":{"line":25,"column":19}},"loc":{"start":{"line":25,"column":26},"end":{"line":25,"column":53}},"line":25},"4":{"name":"(anonymous_4)","decl":{"start":{"line":26,"column":19},"end":{"line":26,"column":20}},"loc":{"start":{"line":26,"column":24},"end":{"line":26,"column":40}},"line":26},"5":{"name":"(anonymous_5)","decl":{"start":{"line":29,"column":4},"end":{"line":29,"column":5}},"loc":{"start":{"line":29,"column":25},"end":{"line":44,"column":5}},"line":29},"6":{"name":"(anonymous_6)","decl":{"start":{"line":32,"column":18},"end":{"line":32,"column":19}},"loc":{"start":{"line":32,"column":30},"end":{"line":43,"column":13}},"line":32},"7":{"name":"(anonymous_7)","decl":{"start":{"line":37,"column":40},"end":{"line":37,"column":41}},"loc":{"start":{"line":37,"column":57},"end":{"line":41,"column":21}},"line":37},"8":{"name":"(anonymous_8)","decl":{"start":{"line":38,"column":35},"end":{"line":38,"column":36}},"loc":{"start":{"line":38,"column":47},"end":{"line":40,"column":25}},"line":38},"9":{"name":"(anonymous_9)","decl":{"start":{"line":45,"column":4},"end":{"line":45,"column":5}},"loc":{"start":{"line":45,"column":26},"end":{"line":53,"column":5}},"line":45},"10":{"name":"(anonymous_10)","decl":{"start":{"line":55,"column":4},"end":{"line":55,"column":5}},"loc":{"start":{"line":55,"column":27},"end":{"line":78,"column":5}},"line":55},"11":{"name":"(anonymous_11)","decl":{"start":{"line":80,"column":4},"end":{"line":80,"column":5}},"loc":{"start":{"line":80,"column":34},"end":{"line":85,"column":5}},"line":80},"12":{"name":"(anonymous_12)","decl":{"start":{"line":87,"column":4},"end":{"line":87,"column":5}},"loc":{"start":{"line":87,"column":31},"end":{"line":94,"column":5}},"line":87},"13":{"name":"(anonymous_13)","decl":{"start":{"line":96,"column":4},"end":{"line":96,"column":5}},"loc":{"start":{"line":96,"column":22},"end":{"line":100,"column":5}},"line":96}},"branchMap":{"0":{"loc":{"start":{"line":33,"column":16},"end":{"line":42,"column":17}},"type":"if","locations":[{"start":{"line":33,"column":16},"end":{"line":42,"column":17}},{"start":{"line":33,"column":16},"end":{"line":42,"column":17}}],"line":33},"1":{"loc":{"start":{"line":69,"column":8},"end":{"line":75,"column":9}},"type":"if","locations":[{"start":{"line":69,"column":8},"end":{"line":75,"column":9}},{"start":{"line":69,"column":8},"end":{"line":75,"column":9}}],"line":69}},"s":{"0":0,"1":0,"2":0,"3":0,"4":0,"5":0,"6":0,"7":0,"8":0,"9":0,"10":0,"11":0,"12":0,"13":0,"14":0,"15":0,"16":0,"17":0,"18":0,"19":0,"20":0,"21":0,"22":0,"23":0,"24":0,"25":0,"26":0,"27":0,"28":0,"29":0,"30":0,"31":0,"32":0,"33":0,"34":0,"35":0,"36":0,"37":0,"38":0,"39":0,"40":0,"41":0},"f":{"0":0,"1":0,"2":0,"3":0,"4":0,"5":0,"6":0,"7":0,"8":0,"9":0,"10":0,"11":0,"12":0,"13":0},"b":{"0":[0,0],"1":[0,0]},"_coverageSchema":"1a1c01bbd47fc00a2c39e90264f33305004495a9","hash":"3ddcfe7e39d7fd2244e02ee3a8ee4355601ca860"}
,"/home/giku/Documents/SE/application/src/classes/Time.js": {"path":"/home/giku/Documents/SE/application/src/classes/Time.js","statementMap":{"0":{"start":{"line":5,"column":16},"end":{"line":5,"column":20}},"1":{"start":{"line":6,"column":16},"end":{"line":6,"column":18}},"2":{"start":{"line":9,"column":20},"end":{"line":9,"column":21}},"3":{"start":{"line":12,"column":18},"end":{"line":12,"column":21}},"4":{"start":{"line":28,"column":8},"end":{"line":28,"column":29}},"5":{"start":{"line":29,"column":8},"end":{"line":29,"column":44}},"6":{"start":{"line":30,"column":8},"end":{"line":30,"column":30}},"7":{"start":{"line":37,"column":8},"end":{"line":45,"column":10}},"8":{"start":{"line":38,"column":16},"end":{"line":42,"column":17}},"9":{"start":{"line":39,"column":20},"end":{"line":39,"column":94}},"10":{"start":{"line":39,"column":40},"end":{"line":39,"column":94}},"11":{"start":{"line":41,"column":20},"end":{"line":41,"column":31}},"12":{"start":{"line":49,"column":8},"end":{"line":49,"column":29}},"13":{"start":{"line":58,"column":8},"end":{"line":58,"column":39}},"14":{"start":{"line":66,"column":8},"end":{"line":66,"column":49}},"15":{"start":{"line":74,"column":8},"end":{"line":74,"column":48}},"16":{"start":{"line":81,"column":8},"end":{"line":81,"column":45}},"17":{"start":{"line":81,"column":38},"end":{"line":81,"column":45}},"18":{"start":{"line":82,"column":8},"end":{"line":82,"column":51}},"19":{"start":{"line":82,"column":31},"end":{"line":82,"column":51}},"20":{"start":{"line":91,"column":8},"end":{"line":91,"column":48}},"21":{"start":{"line":98,"column":8},"end":{"line":98,"column":45}},"22":{"start":{"line":98,"column":38},"end":{"line":98,"column":45}},"23":{"start":{"line":99,"column":8},"end":{"line":99,"column":51}},"24":{"start":{"line":99,"column":31},"end":{"line":99,"column":51}},"25":{"start":{"line":108,"column":8},"end":{"line":108,"column":29}},"26":{"start":{"line":115,"column":8},"end":{"line":115,"column":68}},"27":{"start":{"line":115,"column":37},"end":{"line":115,"column":68}}},"fnMap":{"0":{"name":"(anonymous_0)","decl":{"start":{"line":27,"column":4},"end":{"line":27,"column":5}},"loc":{"start":{"line":27,"column":18},"end":{"line":31,"column":5}},"line":27},"1":{"name":"(anonymous_1)","decl":{"start":{"line":36,"column":4},"end":{"line":36,"column":5}},"loc":{"start":{"line":36,"column":10},"end":{"line":46,"column":5}},"line":36},"2":{"name":"(anonymous_2)","decl":{"start":{"line":37,"column":20},"end":{"line":37,"column":21}},"loc":{"start":{"line":37,"column":26},"end":{"line":43,"column":13}},"line":37},"3":{"name":"(anonymous_3)","decl":{"start":{"line":48,"column":4},"end":{"line":48,"column":5}},"loc":{"start":{"line":48,"column":11},"end":{"line":50,"column":5}},"line":48},"4":{"name":"(anonymous_4)","decl":{"start":{"line":57,"column":4},"end":{"line":57,"column":5}},"loc":{"start":{"line":57,"column":27},"end":{"line":59,"column":5}},"line":57},"5":{"name":"(anonymous_5)","decl":{"start":{"line":65,"column":4},"end":{"line":65,"column":5}},"loc":{"start":{"line":65,"column":18},"end":{"line":67,"column":5}},"line":65},"6":{"name":"(anonymous_6)","decl":{"start":{"line":73,"column":4},"end":{"line":73,"column":5}},"loc":{"start":{"line":73,"column":16},"end":{"line":75,"column":5}},"line":73},"7":{"name":"(anonymous_7)","decl":{"start":{"line":80,"column":4},"end":{"line":80,"column":5}},"loc":{"start":{"line":80,"column":15},"end":{"line":83,"column":5}},"line":80},"8":{"name":"(anonymous_8)","decl":{"start":{"line":90,"column":4},"end":{"line":90,"column":5}},"loc":{"start":{"line":90,"column":16},"end":{"line":92,"column":5}},"line":90},"9":{"name":"(anonymous_9)","decl":{"start":{"line":97,"column":4},"end":{"line":97,"column":5}},"loc":{"start":{"line":97,"column":14},"end":{"line":100,"column":5}},"line":97},"10":{"name":"(anonymous_10)","decl":{"start":{"line":107,"column":4},"end":{"line":107,"column":5}},"loc":{"start":{"line":107,"column":18},"end":{"line":109,"column":5}},"line":107},"11":{"name":"(anonymous_11)","decl":{"start":{"line":114,"column":4},"end":{"line":114,"column":5}},"loc":{"start":{"line":114,"column":18},"end":{"line":116,"column":5}},"line":114}},"branchMap":{"0":{"loc":{"start":{"line":38,"column":16},"end":{"line":42,"column":17}},"type":"if","locations":[{"start":{"line":38,"column":16},"end":{"line":42,"column":17}},{"start":{"line":38,"column":16},"end":{"line":42,"column":17}}],"line":38},"1":{"loc":{"start":{"line":39,"column":20},"end":{"line":39,"column":94}},"type":"if","locations":[{"start":{"line":39,"column":20},"end":{"line":39,"column":94}},{"start":{"line":39,"column":20},"end":{"line":39,"column":94}}],"line":39},"2":{"loc":{"start":{"line":57,"column":18},"end":{"line":57,"column":26}},"type":"default-arg","locations":[{"start":{"line":57,"column":25},"end":{"line":57,"column":26}}],"line":57},"3":{"loc":{"start":{"line":81,"column":8},"end":{"line":81,"column":45}},"type":"if","locations":[{"start":{"line":81,"column":8},"end":{"line":81,"column":45}},{"start":{"line":81,"column":8},"end":{"line":81,"column":45}}],"line":81},"4":{"loc":{"start":{"line":82,"column":8},"end":{"line":82,"column":51}},"type":"if","locations":[{"start":{"line":82,"column":8},"end":{"line":82,"column":51}},{"start":{"line":82,"column":8},"end":{"line":82,"column":51}}],"line":82},"5":{"loc":{"start":{"line":98,"column":8},"end":{"line":98,"column":45}},"type":"if","locations":[{"start":{"line":98,"column":8},"end":{"line":98,"column":45}},{"start":{"line":98,"column":8},"end":{"line":98,"column":45}}],"line":98},"6":{"loc":{"start":{"line":99,"column":8},"end":{"line":99,"column":51}},"type":"if","locations":[{"start":{"line":99,"column":8},"end":{"line":99,"column":51}},{"start":{"line":99,"column":8},"end":{"line":99,"column":51}}],"line":99},"7":{"loc":{"start":{"line":115,"column":8},"end":{"line":115,"column":68}},"type":"if","locations":[{"start":{"line":115,"column":8},"end":{"line":115,"column":68}},{"start":{"line":115,"column":8},"end":{"line":115,"column":68}}],"line":115}},"s":{"0":3,"1":3,"2":3,"3":3,"4":3,"5":3,"6":3,"7":0,"8":0,"9":0,"10":0,"11":0,"12":0,"13":0,"14":0,"15":0,"16":0,"17":0,"18":0,"19":0,"20":0,"21":0,"22":0,"23":0,"24":0,"25":0,"26":0,"27":0},"f":{"0":3,"1":0,"2":0,"3":0,"4":0,"5":0,"6":0,"7":0,"8":0,"9":0,"10":0,"11":0},"b":{"0":[0,0],"1":[0,0],"2":[0],"3":[0,0],"4":[0,0],"5":[0,0],"6":[0,0],"7":[0,0]},"_coverageSchema":"1a1c01bbd47fc00a2c39e90264f33305004495a9","hash":"ce963f97bfb528b7b98515fa28e1e306eda7ed17"}
,"/home/giku/Documents/SE/application/src/classes/goods/Good.js": {"path":"/home/giku/Documents/SE/application/src/classes/goods/Good.js","statementMap":{"0":{"start":{"line":8,"column":15},"end":{"line":8,"column":21}},"1":{"start":{"line":9,"column":13},"end":{"line":9,"column":19}},"2":{"start":{"line":10,"column":13},"end":{"line":10,"column":19}},"3":{"start":{"line":26,"column":13},"end":{"line":26,"column":19}},"4":{"start":{"line":27,"column":15},"end":{"line":27,"column":21}},"5":{"start":{"line":28,"column":15},"end":{"line":28,"column":20}},"6":{"start":{"line":30,"column":18},"end":{"line":30,"column":22}},"7":{"start":{"line":31,"column":17},"end":{"line":31,"column":21}},"8":{"start":{"line":32,"column":19},"end":{"line":32,"column":23}},"9":{"start":{"line":34,"column":12},"end":{"line":34,"column":18}},"10":{"start":{"line":38,"column":20},"end":{"line":38,"column":25}},"11":{"start":{"line":42,"column":17},"end":{"line":42,"column":23}},"12":{"start":{"line":45,"column":8},"end":{"line":45,"column":16}},"13":{"start":{"line":46,"column":8},"end":{"line":46,"column":39}},"14":{"start":{"line":47,"column":8},"end":{"line":47,"column":35}},"15":{"start":{"line":48,"column":8},"end":{"line":48,"column":35}},"16":{"start":{"line":49,"column":8},"end":{"line":49,"column":29}},"17":{"start":{"line":50,"column":8},"end":{"line":50,"column":33}},"18":{"start":{"line":51,"column":8},"end":{"line":51,"column":40}},"19":{"start":{"line":52,"column":8},"end":{"line":52,"column":50}},"20":{"start":{"line":53,"column":8},"end":{"line":53,"column":53}},"21":{"start":{"line":57,"column":8},"end":{"line":57,"column":49}},"22":{"start":{"line":61,"column":8},"end":{"line":61,"column":51}},"23":{"start":{"line":65,"column":8},"end":{"line":67,"column":9}},"24":{"start":{"line":66,"column":12},"end":{"line":66,"column":24}},"25":{"start":{"line":68,"column":8},"end":{"line":68,"column":51}},"26":{"start":{"line":72,"column":8},"end":{"line":74,"column":9}},"27":{"start":{"line":73,"column":12},"end":{"line":73,"column":24}},"28":{"start":{"line":75,"column":8},"end":{"line":75,"column":52}},"29":{"start":{"line":83,"column":8},"end":{"line":83,"column":54}},"30":{"start":{"line":84,"column":8},"end":{"line":84,"column":91}},"31":{"start":{"line":85,"column":8},"end":{"line":90,"column":9}},"32":{"start":{"line":85,"column":21},"end":{"line":85,"column":22}},"33":{"start":{"line":86,"column":25},"end":{"line":86,"column":54}},"34":{"start":{"line":87,"column":12},"end":{"line":87,"column":34}},"35":{"start":{"line":88,"column":12},"end":{"line":88,"column":43}},"36":{"start":{"line":89,"column":12},"end":{"line":89,"column":77}},"37":{"start":{"line":89,"column":52},"end":{"line":89,"column":77}},"38":{"start":{"line":99,"column":21},"end":{"line":99,"column":46}},"39":{"start":{"line":100,"column":8},"end":{"line":100,"column":34}},"40":{"start":{"line":101,"column":8},"end":{"line":101,"column":43}},"41":{"start":{"line":102,"column":8},"end":{"line":108,"column":9}},"42":{"start":{"line":104,"column":12},"end":{"line":104,"column":34}},"43":{"start":{"line":107,"column":12},"end":{"line":107,"column":77}},"44":{"start":{"line":107,"column":52},"end":{"line":107,"column":77}},"45":{"start":{"line":115,"column":8},"end":{"line":115,"column":91}},"46":{"start":{"line":116,"column":8},"end":{"line":118,"column":9}},"47":{"start":{"line":116,"column":21},"end":{"line":116,"column":22}},"48":{"start":{"line":117,"column":12},"end":{"line":117,"column":107}},"49":{"start":{"line":117,"column":67},"end":{"line":117,"column":107}},"50":{"start":{"line":125,"column":8},"end":{"line":125,"column":31}},"51":{"start":{"line":132,"column":8},"end":{"line":132,"column":36}},"52":{"start":{"line":136,"column":7},"end":{"line":136,"column":28}},"53":{"start":{"line":137,"column":7},"end":{"line":137,"column":38}},"54":{"start":{"line":138,"column":7},"end":{"line":138,"column":43}}},"fnMap":{"0":{"name":"(anonymous_0)","decl":{"start":{"line":44,"column":4},"end":{"line":44,"column":5}},"loc":{"start":{"line":44,"column":67},"end":{"line":54,"column":5}},"line":44},"1":{"name":"(anonymous_1)","decl":{"start":{"line":56,"column":4},"end":{"line":56,"column":5}},"loc":{"start":{"line":56,"column":12},"end":{"line":58,"column":5}},"line":56},"2":{"name":"(anonymous_2)","decl":{"start":{"line":60,"column":4},"end":{"line":60,"column":5}},"loc":{"start":{"line":60,"column":13},"end":{"line":62,"column":5}},"line":60},"3":{"name":"(anonymous_3)","decl":{"start":{"line":64,"column":4},"end":{"line":64,"column":5}},"loc":{"start":{"line":64,"column":20},"end":{"line":69,"column":5}},"line":64},"4":{"name":"(anonymous_4)","decl":{"start":{"line":71,"column":4},"end":{"line":71,"column":5}},"loc":{"start":{"line":71,"column":21},"end":{"line":76,"column":5}},"line":71},"5":{"name":"(anonymous_5)","decl":{"start":{"line":82,"column":4},"end":{"line":82,"column":5}},"loc":{"start":{"line":82,"column":26},"end":{"line":91,"column":5}},"line":82},"6":{"name":"(anonymous_6)","decl":{"start":{"line":98,"column":4},"end":{"line":98,"column":5}},"loc":{"start":{"line":98,"column":30},"end":{"line":109,"column":5}},"line":98},"7":{"name":"(anonymous_7)","decl":{"start":{"line":114,"column":4},"end":{"line":114,"column":5}},"loc":{"start":{"line":114,"column":20},"end":{"line":119,"column":5}},"line":114},"8":{"name":"(anonymous_8)","decl":{"start":{"line":124,"column":4},"end":{"line":124,"column":5}},"loc":{"start":{"line":124,"column":20},"end":{"line":126,"column":5}},"line":124},"9":{"name":"(anonymous_9)","decl":{"start":{"line":131,"column":4},"end":{"line":131,"column":5}},"loc":{"start":{"line":131,"column":20},"end":{"line":133,"column":5}},"line":131},"10":{"name":"(anonymous_10)","decl":{"start":{"line":135,"column":4},"end":{"line":135,"column":5}},"loc":{"start":{"line":135,"column":13},"end":{"line":139,"column":5}},"line":135}},"branchMap":{"0":{"loc":{"start":{"line":65,"column":8},"end":{"line":67,"column":9}},"type":"if","locations":[{"start":{"line":65,"column":8},"end":{"line":67,"column":9}},{"start":{"line":65,"column":8},"end":{"line":67,"column":9}}],"line":65},"1":{"loc":{"start":{"line":72,"column":8},"end":{"line":74,"column":9}},"type":"if","locations":[{"start":{"line":72,"column":8},"end":{"line":74,"column":9}},{"start":{"line":72,"column":8},"end":{"line":74,"column":9}}],"line":72},"2":{"loc":{"start":{"line":89,"column":12},"end":{"line":89,"column":77}},"type":"if","locations":[{"start":{"line":89,"column":12},"end":{"line":89,"column":77}},{"start":{"line":89,"column":12},"end":{"line":89,"column":77}}],"line":89},"3":{"loc":{"start":{"line":102,"column":8},"end":{"line":108,"column":9}},"type":"if","locations":[{"start":{"line":102,"column":8},"end":{"line":108,"column":9}},{"start":{"line":102,"column":8},"end":{"line":108,"column":9}}],"line":102},"4":{"loc":{"start":{"line":107,"column":12},"end":{"line":107,"column":77}},"type":"if","locations":[{"start":{"line":107,"column":12},"end":{"line":107,"column":77}},{"start":{"line":107,"column":12},"end":{"line":107,"column":77}}],"line":107},"5":{"loc":{"start":{"line":117,"column":12},"end":{"line":117,"column":107}},"type":"if","locations":[{"start":{"line":117,"column":12},"end":{"line":117,"column":107}},{"start":{"line":117,"column":12},"end":{"line":117,"column":107}}],"line":117}},"s":{"0":0,"1":0,"2":0,"3":0,"4":0,"5":0,"6":0,"7":0,"8":0,"9":0,"10":0,"11":0,"12":0,"13":0,"14":0,"15":0,"16":0,"17":0,"18":0,"19":0,"20":0,"21":0,"22":0,"23":0,"24":0,"25":0,"26":0,"27":0,"28":0,"29":0,"30":0,"31":0,"32":0,"33":0,"34":0,"35":0,"36":0,"37":0,"38":0,"39":0,"40":0,"41":0,"42":0,"43":0,"44":0,"45":0,"46":0,"47":0,"48":0,"49":0,"50":0,"51":0,"52":0,"53":0,"54":0},"f":{"0":0,"1":0,"2":0,"3":0,"4":0,"5":0,"6":0,"7":0,"8":0,"9":0,"10":0},"b":{"0":[0,0],"1":[0,0],"2":[0,0],"3":[0,0],"4":[0,0],"5":[0,0]},"_coverageSchema":"1a1c01bbd47fc00a2c39e90264f33305004495a9","hash":"9754dd87c901f8899eb5a2df7012c25e42eca294"}
,"/home/giku/Documents/SE/application/src/classes/simulation/FreightPlatform.js": {"path":"/home/giku/Documents/SE/application/src/classes/simulation/FreightPlatform.js","statementMap":{"0":{"start":{"line":21,"column":22},"end":{"line":21,"column":24}},"1":{"start":{"line":29,"column":8},"end":{"line":29,"column":30}},"2":{"start":{"line":30,"column":8},"end":{"line":30,"column":28}},"3":{"start":{"line":31,"column":8},"end":{"line":31,"column":32}},"4":{"start":{"line":32,"column":8},"end":{"line":32,"column":73}},"5":{"start":{"line":32,"column":34},"end":{"line":32,"column":71}},"6":{"start":{"line":39,"column":8},"end":{"line":41,"column":11}},"7":{"start":{"line":40,"column":12},"end":{"line":40,"column":45}},"8":{"start":{"line":48,"column":8},"end":{"line":55,"column":9}},"9":{"start":{"line":49,"column":23},"end":{"line":49,"column":40}},"10":{"start":{"line":50,"column":12},"end":{"line":50,"column":44}},"11":{"start":{"line":51,"column":25},"end":{"line":51,"column":45}},"12":{"start":{"line":52,"column":12},"end":{"line":52,"column":95}},"13":{"start":{"line":53,"column":12},"end":{"line":53,"column":112}},"14":{"start":{"line":53,"column":41},"end":{"line":53,"column":109}},"15":{"start":{"line":54,"column":12},"end":{"line":54,"column":31}},"16":{"start":{"line":63,"column":8},"end":{"line":70,"column":9}},"17":{"start":{"line":63,"column":21},"end":{"line":63,"column":22}},"18":{"start":{"line":64,"column":29},"end":{"line":64,"column":43}},"19":{"start":{"line":65,"column":12},"end":{"line":68,"column":13}},"20":{"start":{"line":66,"column":16},"end":{"line":66,"column":84}},"21":{"start":{"line":66,"column":78},"end":{"line":66,"column":84}},"22":{"start":{"line":67,"column":16},"end":{"line":67,"column":52}},"23":{"start":{"line":69,"column":12},"end":{"line":69,"column":41}},"24":{"start":{"line":74,"column":8},"end":{"line":74,"column":36}}},"fnMap":{"0":{"name":"(anonymous_0)","decl":{"start":{"line":28,"column":4},"end":{"line":28,"column":5}},"loc":{"start":{"line":28,"column":31},"end":{"line":33,"column":5}},"line":28},"1":{"name":"(anonymous_1)","decl":{"start":{"line":32,"column":25},"end":{"line":32,"column":26}},"loc":{"start":{"line":32,"column":34},"end":{"line":32,"column":71}},"line":32},"2":{"name":"(anonymous_2)","decl":{"start":{"line":38,"column":4},"end":{"line":38,"column":5}},"loc":{"start":{"line":38,"column":22},"end":{"line":42,"column":5}},"line":38},"3":{"name":"(anonymous_3)","decl":{"start":{"line":39,"column":28},"end":{"line":39,"column":29}},"loc":{"start":{"line":39,"column":36},"end":{"line":41,"column":9}},"line":39},"4":{"name":"(anonymous_4)","decl":{"start":{"line":47,"column":4},"end":{"line":47,"column":5}},"loc":{"start":{"line":47,"column":32},"end":{"line":56,"column":5}},"line":47},"5":{"name":"(anonymous_5)","decl":{"start":{"line":53,"column":32},"end":{"line":53,"column":33}},"loc":{"start":{"line":53,"column":40},"end":{"line":53,"column":110}},"line":53},"6":{"name":"(anonymous_6)","decl":{"start":{"line":62,"column":4},"end":{"line":62,"column":5}},"loc":{"start":{"line":62,"column":17},"end":{"line":71,"column":5}},"line":62},"7":{"name":"(anonymous_7)","decl":{"start":{"line":73,"column":4},"end":{"line":73,"column":5}},"loc":{"start":{"line":73,"column":23},"end":{"line":75,"column":5}},"line":73}},"branchMap":{"0":{"loc":{"start":{"line":66,"column":16},"end":{"line":66,"column":84}},"type":"if","locations":[{"start":{"line":66,"column":16},"end":{"line":66,"column":84}},{"start":{"line":66,"column":16},"end":{"line":66,"column":84}}],"line":66}},"s":{"0":0,"1":0,"2":0,"3":0,"4":0,"5":0,"6":0,"7":0,"8":0,"9":0,"10":0,"11":0,"12":0,"13":0,"14":0,"15":0,"16":0,"17":0,"18":0,"19":0,"20":0,"21":0,"22":0,"23":0,"24":0},"f":{"0":0,"1":0,"2":0,"3":0,"4":0,"5":0,"6":0,"7":0},"b":{"0":[0,0]},"_coverageSchema":"1a1c01bbd47fc00a2c39e90264f33305004495a9","hash":"30230db94419e95c9adc37f605dd911ef7cca411"}
,"/home/giku/Documents/SE/application/src/classes/simulation/Simulation.js": {"path":"/home/giku/Documents/SE/application/src/classes/simulation/Simulation.js","statementMap":{"0":{"start":{"line":17,"column":20},"end":{"line":17,"column":22}},"1":{"start":{"line":18,"column":18},"end":{"line":18,"column":20}},"2":{"start":{"line":19,"column":17},"end":{"line":19,"column":19}},"3":{"start":{"line":20,"column":13},"end":{"line":20,"column":17}},"4":{"start":{"line":21,"column":15},"end":{"line":21,"column":19}},"5":{"start":{"line":22,"column":20},"end":{"line":22,"column":26}},"6":{"start":{"line":23,"column":15},"end":{"line":23,"column":20}},"7":{"start":{"line":24,"column":23},"end":{"line":24,"column":29}},"8":{"start":{"line":27,"column":8},"end":{"line":27,"column":32}},"9":{"start":{"line":28,"column":8},"end":{"line":28,"column":28}},"10":{"start":{"line":32,"column":8},"end":{"line":32,"column":87}},"11":{"start":{"line":33,"column":8},"end":{"line":33,"column":58}},"12":{"start":{"line":34,"column":8},"end":{"line":34,"column":30}},"13":{"start":{"line":38,"column":8},"end":{"line":38,"column":40}},"14":{"start":{"line":39,"column":8},"end":{"line":39,"column":21}},"15":{"start":{"line":40,"column":8},"end":{"line":40,"column":29}},"16":{"start":{"line":41,"column":8},"end":{"line":41,"column":43}},"17":{"start":{"line":42,"column":8},"end":{"line":42,"column":39}},"18":{"start":{"line":43,"column":8},"end":{"line":43,"column":24}},"19":{"start":{"line":47,"column":8},"end":{"line":54,"column":9}},"20":{"start":{"line":48,"column":12},"end":{"line":48,"column":34}},"21":{"start":{"line":49,"column":12},"end":{"line":49,"column":48}},"22":{"start":{"line":50,"column":12},"end":{"line":50,"column":80}},"23":{"start":{"line":51,"column":12},"end":{"line":51,"column":33}},"24":{"start":{"line":52,"column":12},"end":{"line":52,"column":34}},"25":{"start":{"line":53,"column":12},"end":{"line":53,"column":60}},"26":{"start":{"line":58,"column":8},"end":{"line":58,"column":20}},"27":{"start":{"line":59,"column":8},"end":{"line":59,"column":60}},"28":{"start":{"line":60,"column":8},"end":{"line":60,"column":76}},"29":{"start":{"line":61,"column":8},"end":{"line":61,"column":64}},"30":{"start":{"line":65,"column":8},"end":{"line":65,"column":56}},"31":{"start":{"line":65,"column":40},"end":{"line":65,"column":54}},"32":{"start":{"line":66,"column":8},"end":{"line":66,"column":82}},"33":{"start":{"line":66,"column":66},"end":{"line":66,"column":80}},"34":{"start":{"line":70,"column":8},"end":{"line":70,"column":59}},"35":{"start":{"line":70,"column":42},"end":{"line":70,"column":57}},"36":{"start":{"line":74,"column":8},"end":{"line":74,"column":32}},"37":{"start":{"line":78,"column":20},"end":{"line":78,"column":22}},"38":{"start":{"line":79,"column":8},"end":{"line":79,"column":32}},"39":{"start":{"line":80,"column":8},"end":{"line":91,"column":11}},"40":{"start":{"line":81,"column":23},"end":{"line":88,"column":13}},"41":{"start":{"line":89,"column":12},"end":{"line":89,"column":29}},"42":{"start":{"line":90,"column":12},"end":{"line":90,"column":42}},"43":{"start":{"line":92,"column":8},"end":{"line":92,"column":21}},"44":{"start":{"line":96,"column":8},"end":{"line":96,"column":34}},"45":{"start":{"line":100,"column":8},"end":{"line":108,"column":9}},"46":{"start":{"line":102,"column":16},"end":{"line":102,"column":59}},"47":{"start":{"line":104,"column":20},"end":{"line":104,"column":68}},"48":{"start":{"line":106,"column":16},"end":{"line":106,"column":99}},"49":{"start":{"line":107,"column":16},"end":{"line":107,"column":64}},"50":{"start":{"line":112,"column":21},"end":{"line":112,"column":23}},"51":{"start":{"line":113,"column":8},"end":{"line":117,"column":11}},"52":{"start":{"line":114,"column":12},"end":{"line":116,"column":13}},"53":{"start":{"line":114,"column":24},"end":{"line":114,"column":25}},"54":{"start":{"line":115,"column":16},"end":{"line":115,"column":66}},"55":{"start":{"line":118,"column":8},"end":{"line":118,"column":22}},"56":{"start":{"line":122,"column":28},"end":{"line":127,"column":9}},"57":{"start":{"line":128,"column":8},"end":{"line":128,"column":38}},"58":{"start":{"line":129,"column":8},"end":{"line":129,"column":27}},"59":{"start":{"line":133,"column":21},"end":{"line":133,"column":23}},"60":{"start":{"line":134,"column":8},"end":{"line":138,"column":11}},"61":{"start":{"line":135,"column":12},"end":{"line":137,"column":13}},"62":{"start":{"line":135,"column":24},"end":{"line":135,"column":25}},"63":{"start":{"line":136,"column":16},"end":{"line":136,"column":71}},"64":{"start":{"line":139,"column":8},"end":{"line":139,"column":22}},"65":{"start":{"line":143,"column":33},"end":{"line":148,"column":9}},"66":{"start":{"line":149,"column":8},"end":{"line":149,"column":43}},"67":{"start":{"line":150,"column":8},"end":{"line":150,"column":32}},"68":{"start":{"line":154,"column":8},"end":{"line":154,"column":60}},"69":{"start":{"line":154,"column":42},"end":{"line":154,"column":58}},"70":{"start":{"line":158,"column":8},"end":{"line":163,"column":9}},"71":{"start":{"line":159,"column":12},"end":{"line":159,"column":49}},"72":{"start":{"line":160,"column":12},"end":{"line":162,"column":13}},"73":{"start":{"line":161,"column":16},"end":{"line":161,"column":30}},"74":{"start":{"line":167,"column":8},"end":{"line":167,"column":43}},"75":{"start":{"line":168,"column":34},"end":{"line":170,"column":13}},"76":{"start":{"line":169,"column":12},"end":{"line":169,"column":50}},"77":{"start":{"line":172,"column":24},"end":{"line":192,"column":9}},"78":{"start":{"line":174,"column":16},"end":{"line":174,"column":59}},"79":{"start":{"line":176,"column":62},"end":{"line":176,"column":88}},"80":{"start":{"line":183,"column":20},"end":{"line":183,"column":64}},"81":{"start":{"line":184,"column":20},"end":{"line":184,"column":39}},"82":{"start":{"line":189,"column":20},"end":{"line":189,"column":63}},"83":{"start":{"line":190,"column":21},"end":{"line":190,"column":40}},"84":{"start":{"line":194,"column":8},"end":{"line":194,"column":94}}},"fnMap":{"0":{"name":"(anonymous_0)","decl":{"start":{"line":26,"column":4},"end":{"line":26,"column":5}},"loc":{"start":{"line":26,"column":31},"end":{"line":29,"column":5}},"line":26},"1":{"name":"(anonymous_1)","decl":{"start":{"line":31,"column":4},"end":{"line":31,"column":5}},"loc":{"start":{"line":31,"column":14},"end":{"line":35,"column":5}},"line":31},"2":{"name":"(anonymous_2)","decl":{"start":{"line":37,"column":4},"end":{"line":37,"column":5}},"loc":{"start":{"line":37,"column":11},"end":{"line":44,"column":5}},"line":37},"3":{"name":"(anonymous_3)","decl":{"start":{"line":46,"column":4},"end":{"line":46,"column":5}},"loc":{"start":{"line":46,"column":10},"end":{"line":55,"column":5}},"line":46},"4":{"name":"(anonymous_4)","decl":{"start":{"line":57,"column":4},"end":{"line":57,"column":5}},"loc":{"start":{"line":57,"column":11},"end":{"line":62,"column":5}},"line":57},"5":{"name":"(anonymous_5)","decl":{"start":{"line":64,"column":4},"end":{"line":64,"column":5}},"loc":{"start":{"line":64,"column":19},"end":{"line":67,"column":5}},"line":64},"6":{"name":"(anonymous_6)","decl":{"start":{"line":65,"column":32},"end":{"line":65,"column":33}},"loc":{"start":{"line":65,"column":40},"end":{"line":65,"column":54}},"line":65},"7":{"name":"(anonymous_7)","decl":{"start":{"line":66,"column":58},"end":{"line":66,"column":59}},"loc":{"start":{"line":66,"column":66},"end":{"line":66,"column":80}},"line":66},"8":{"name":"(anonymous_8)","decl":{"start":{"line":69,"column":4},"end":{"line":69,"column":5}},"loc":{"start":{"line":69,"column":20},"end":{"line":71,"column":5}},"line":69},"9":{"name":"(anonymous_9)","decl":{"start":{"line":70,"column":33},"end":{"line":70,"column":34}},"loc":{"start":{"line":70,"column":42},"end":{"line":70,"column":57}},"line":70},"10":{"name":"(anonymous_10)","decl":{"start":{"line":73,"column":4},"end":{"line":73,"column":5}},"loc":{"start":{"line":73,"column":15},"end":{"line":75,"column":5}},"line":73},"11":{"name":"(anonymous_11)","decl":{"start":{"line":77,"column":4},"end":{"line":77,"column":5}},"loc":{"start":{"line":77,"column":26},"end":{"line":93,"column":5}},"line":77},"12":{"name":"(anonymous_12)","decl":{"start":{"line":80,"column":34},"end":{"line":80,"column":35}},"loc":{"start":{"line":80,"column":42},"end":{"line":91,"column":9}},"line":80},"13":{"name":"(anonymous_13)","decl":{"start":{"line":95,"column":4},"end":{"line":95,"column":5}},"loc":{"start":{"line":95,"column":17},"end":{"line":97,"column":5}},"line":95},"14":{"name":"(anonymous_14)","decl":{"start":{"line":99,"column":4},"end":{"line":99,"column":5}},"loc":{"start":{"line":99,"column":35},"end":{"line":109,"column":5}},"line":99},"15":{"name":"(anonymous_15)","decl":{"start":{"line":111,"column":4},"end":{"line":111,"column":5}},"loc":{"start":{"line":111,"column":34},"end":{"line":119,"column":5}},"line":111},"16":{"name":"(anonymous_16)","decl":{"start":{"line":113,"column":35},"end":{"line":113,"column":36}},"loc":{"start":{"line":113,"column":44},"end":{"line":117,"column":9}},"line":113},"17":{"name":"(anonymous_17)","decl":{"start":{"line":121,"column":4},"end":{"line":121,"column":5}},"loc":{"start":{"line":121,"column":35},"end":{"line":130,"column":5}},"line":121},"18":{"name":"(anonymous_18)","decl":{"start":{"line":132,"column":4},"end":{"line":132,"column":5}},"loc":{"start":{"line":132,"column":39},"end":{"line":140,"column":5}},"line":132},"19":{"name":"(anonymous_19)","decl":{"start":{"line":134,"column":35},"end":{"line":134,"column":36}},"loc":{"start":{"line":134,"column":44},"end":{"line":138,"column":9}},"line":134},"20":{"name":"(anonymous_20)","decl":{"start":{"line":142,"column":4},"end":{"line":142,"column":5}},"loc":{"start":{"line":142,"column":40},"end":{"line":151,"column":5}},"line":142},"21":{"name":"(anonymous_21)","decl":{"start":{"line":153,"column":4},"end":{"line":153,"column":5}},"loc":{"start":{"line":153,"column":20},"end":{"line":155,"column":5}},"line":153},"22":{"name":"(anonymous_22)","decl":{"start":{"line":154,"column":33},"end":{"line":154,"column":34}},"loc":{"start":{"line":154,"column":42},"end":{"line":154,"column":58}},"line":154},"23":{"name":"(anonymous_23)","decl":{"start":{"line":157,"column":4},"end":{"line":157,"column":5}},"loc":{"start":{"line":157,"column":27},"end":{"line":164,"column":5}},"line":157},"24":{"name":"(anonymous_24)","decl":{"start":{"line":166,"column":4},"end":{"line":166,"column":5}},"loc":{"start":{"line":166,"column":12},"end":{"line":195,"column":5}},"line":166},"25":{"name":"(anonymous_25)","decl":{"start":{"line":168,"column":58},"end":{"line":168,"column":59}},"loc":{"start":{"line":168,"column":79},"end":{"line":170,"column":9}},"line":168},"26":{"name":"(anonymous_26)","decl":{"start":{"line":173,"column":47},"end":{"line":173,"column":48}},"loc":{"start":{"line":173,"column":68},"end":{"line":175,"column":13}},"line":173},"27":{"name":"(anonymous_27)","decl":{"start":{"line":176,"column":53},"end":{"line":176,"column":54}},"loc":{"start":{"line":176,"column":62},"end":{"line":176,"column":88}},"line":176},"28":{"name":"(anonymous_28)","decl":{"start":{"line":182,"column":69},"end":{"line":182,"column":70}},"loc":{"start":{"line":182,"column":94},"end":{"line":185,"column":17}},"line":182},"29":{"name":"(anonymous_29)","decl":{"start":{"line":188,"column":69},"end":{"line":188,"column":70}},"loc":{"start":{"line":188,"column":94},"end":{"line":191,"column":17}},"line":188}},"branchMap":{"0":{"loc":{"start":{"line":47,"column":8},"end":{"line":54,"column":9}},"type":"if","locations":[{"start":{"line":47,"column":8},"end":{"line":54,"column":9}},{"start":{"line":47,"column":8},"end":{"line":54,"column":9}}],"line":47},"1":{"loc":{"start":{"line":100,"column":8},"end":{"line":108,"column":9}},"type":"switch","locations":[{"start":{"line":101,"column":12},"end":{"line":102,"column":59}},{"start":{"line":103,"column":12},"end":{"line":104,"column":68}},{"start":{"line":105,"column":12},"end":{"line":107,"column":64}}],"line":100},"2":{"loc":{"start":{"line":158,"column":8},"end":{"line":163,"column":9}},"type":"if","locations":[{"start":{"line":158,"column":8},"end":{"line":163,"column":9}},{"start":{"line":158,"column":8},"end":{"line":163,"column":9}}],"line":158},"3":{"loc":{"start":{"line":160,"column":12},"end":{"line":162,"column":13}},"type":"if","locations":[{"start":{"line":160,"column":12},"end":{"line":162,"column":13}},{"start":{"line":160,"column":12},"end":{"line":162,"column":13}}],"line":160},"4":{"loc":{"start":{"line":160,"column":15},"end":{"line":160,"column":74}},"type":"binary-expr","locations":[{"start":{"line":160,"column":15},"end":{"line":160,"column":43}},{"start":{"line":160,"column":47},"end":{"line":160,"column":74}}],"line":160},"5":{"loc":{"start":{"line":180,"column":34},"end":{"line":185,"column":22}},"type":"cond-expr","locations":[{"start":{"line":181,"column":16},"end":{"line":181,"column":17}},{"start":{"line":182,"column":16},"end":{"line":185,"column":22}}],"line":180},"6":{"loc":{"start":{"line":186,"column":33},"end":{"line":191,"column":22}},"type":"cond-expr","locations":[{"start":{"line":187,"column":16},"end":{"line":187,"column":17}},{"start":{"line":188,"column":16},"end":{"line":191,"column":22}}],"line":186}},"s":{"0":2,"1":2,"2":2,"3":2,"4":2,"5":2,"6":2,"7":2,"8":2,"9":2,"10":0,"11":0,"12":0,"13":0,"14":0,"15":0,"16":0,"17":0,"18":0,"19":0,"20":0,"21":0,"22":0,"23":0,"24":0,"25":0,"26":0,"27":0,"28":0,"29":0,"30":0,"31":0,"32":0,"33":0,"34":0,"35":0,"36":0,"37":0,"38":0,"39":0,"40":0,"41":0,"42":0,"43":0,"44":0,"45":0,"46":0,"47":0,"48":0,"49":0,"50":0,"51":0,"52":0,"53":0,"54":0,"55":0,"56":0,"57":0,"58":0,"59":0,"60":0,"61":0,"62":0,"63":0,"64":0,"65":0,"66":0,"67":0,"68":0,"69":0,"70":0,"71":0,"72":0,"73":0,"74":0,"75":0,"76":0,"77":0,"78":0,"79":0,"80":0,"81":0,"82":0,"83":0,"84":0},"f":{"0":2,"1":0,"2":0,"3":0,"4":0,"5":0,"6":0,"7":0,"8":0,"9":0,"10":0,"11":0,"12":0,"13":0,"14":0,"15":0,"16":0,"17":0,"18":0,"19":0,"20":0,"21":0,"22":0,"23":0,"24":0,"25":0,"26":0,"27":0,"28":0,"29":0},"b":{"0":[0,0],"1":[0,0,0],"2":[0,0],"3":[0,0],"4":[0,0],"5":[0,0],"6":[0,0]},"_coverageSchema":"1a1c01bbd47fc00a2c39e90264f33305004495a9","hash":"3da309d6729188ff73d5a1e087c689a11db5cbc6"}
,"/home/giku/Documents/SE/application/src/classes/simulation/SimulationType.js": {"path":"/home/giku/Documents/SE/application/src/classes/simulation/SimulationType.js","statementMap":{"0":{"start":{"line":4,"column":30},"end":{"line":8,"column":1}}},"fnMap":{},"branchMap":{},"s":{"0":3},"f":{},"b":{},"_coverageSchema":"1a1c01bbd47fc00a2c39e90264f33305004495a9","hash":"12a38e91436b6403312470eb3e3dfe2b31935f55"}
,"/home/giku/Documents/SE/application/src/classes/simulation/TruckTracker.js": {"path":"/home/giku/Documents/SE/application/src/classes/simulation/TruckTracker.js","statementMap":{"0":{"start":{"line":3,"column":17},"end":{"line":3,"column":23}},"1":{"start":{"line":4,"column":20},"end":{"line":4,"column":26}},"2":{"start":{"line":5,"column":18},"end":{"line":5,"column":19}},"3":{"start":{"line":6,"column":15},"end":{"line":6,"column":20}},"4":{"start":{"line":9,"column":8},"end":{"line":9,"column":36}},"5":{"start":{"line":10,"column":8},"end":{"line":10,"column":65}},"6":{"start":{"line":14,"column":20},"end":{"line":14,"column":50}},"7":{"start":{"line":15,"column":8},"end":{"line":23,"column":9}},"8":{"start":{"line":16,"column":12},"end":{"line":20,"column":13}},"9":{"start":{"line":17,"column":16},"end":{"line":17,"column":38}},"10":{"start":{"line":18,"column":16},"end":{"line":18,"column":46}},"11":{"start":{"line":19,"column":16},"end":{"line":19,"column":37}},"12":{"start":{"line":22,"column":12},"end":{"line":22,"column":43}},"13":{"start":{"line":28,"column":8},"end":{"line":28,"column":68}}},"fnMap":{"0":{"name":"(anonymous_0)","decl":{"start":{"line":8,"column":4},"end":{"line":8,"column":5}},"loc":{"start":{"line":8,"column":27},"end":{"line":11,"column":5}},"line":8},"1":{"name":"(anonymous_1)","decl":{"start":{"line":13,"column":4},"end":{"line":13,"column":5}},"loc":{"start":{"line":13,"column":20},"end":{"line":25,"column":5}},"line":13},"2":{"name":"(anonymous_2)","decl":{"start":{"line":27,"column":4},"end":{"line":27,"column":5}},"loc":{"start":{"line":27,"column":19},"end":{"line":29,"column":5}},"line":27}},"branchMap":{"0":{"loc":{"start":{"line":15,"column":8},"end":{"line":23,"column":9}},"type":"if","locations":[{"start":{"line":15,"column":8},"end":{"line":23,"column":9}},{"start":{"line":15,"column":8},"end":{"line":23,"column":9}}],"line":15},"1":{"loc":{"start":{"line":16,"column":12},"end":{"line":20,"column":13}},"type":"if","locations":[{"start":{"line":16,"column":12},"end":{"line":20,"column":13}},{"start":{"line":16,"column":12},"end":{"line":20,"column":13}}],"line":16}},"s":{"0":0,"1":0,"2":0,"3":0,"4":0,"5":0,"6":0,"7":0,"8":0,"9":0,"10":0,"11":0,"12":0,"13":0},"f":{"0":0,"1":0,"2":0},"b":{"0":[0,0],"1":[0,0]},"_coverageSchema":"1a1c01bbd47fc00a2c39e90264f33305004495a9","hash":"201c472a024a62e287785e75eb6a81346c36cb65"}
,"/home/giku/Documents/SE/application/src/classes/trucks/CostHandler.js": {"path":"/home/giku/Documents/SE/application/src/classes/trucks/CostHandler.js","statementMap":{"0":{"start":{"line":8,"column":8},"end":{"line":8,"column":25}},"1":{"start":{"line":9,"column":8},"end":{"line":9,"column":27}},"2":{"start":{"line":14,"column":21},"end":{"line":14,"column":98}},"3":{"start":{"line":15,"column":23},"end":{"line":15,"column":114}},"4":{"start":{"line":18,"column":19},"end":{"line":18,"column":90}},"5":{"start":{"line":19,"column":8},"end":{"line":19,"column":31}},"6":{"start":{"line":20,"column":8},"end":{"line":20,"column":46}},"7":{"start":{"line":22,"column":8},"end":{"line":25,"column":9}},"8":{"start":{"line":23,"column":12},"end":{"line":23,"column":118}},"9":{"start":{"line":24,"column":12},"end":{"line":24,"column":62}},"10":{"start":{"line":27,"column":8},"end":{"line":33,"column":9}},"11":{"start":{"line":27,"column":20},"end":{"line":27,"column":35}},"12":{"start":{"line":29,"column":27},"end":{"line":29,"column":80}},"13":{"start":{"line":30,"column":12},"end":{"line":30,"column":94}},"14":{"start":{"line":31,"column":12},"end":{"line":31,"column":91}},"15":{"start":{"line":32,"column":12},"end":{"line":32,"column":52}},"16":{"start":{"line":36,"column":8},"end":{"line":36,"column":89}},"17":{"start":{"line":37,"column":8},"end":{"line":37,"column":46}},"18":{"start":{"line":40,"column":8},"end":{"line":41,"column":127}},"19":{"start":{"line":41,"column":12},"end":{"line":41,"column":127}},"20":{"start":{"line":43,"column":8},"end":{"line":43,"column":59}},"21":{"start":{"line":44,"column":8},"end":{"line":44,"column":20}},"22":{"start":{"line":57,"column":21},"end":{"line":57,"column":98}},"23":{"start":{"line":58,"column":23},"end":{"line":58,"column":114}},"24":{"start":{"line":59,"column":19},"end":{"line":59,"column":20}},"25":{"start":{"line":61,"column":8},"end":{"line":65,"column":9}},"26":{"start":{"line":62,"column":12},"end":{"line":62,"column":118}},"27":{"start":{"line":63,"column":12},"end":{"line":63,"column":68}},"28":{"start":{"line":64,"column":12},"end":{"line":64,"column":77}},"29":{"start":{"line":66,"column":8},"end":{"line":68,"column":9}},"30":{"start":{"line":67,"column":12},"end":{"line":67,"column":120}},"31":{"start":{"line":69,"column":8},"end":{"line":69,"column":20}}},"fnMap":{"0":{"name":"(anonymous_0)","decl":{"start":{"line":7,"column":4},"end":{"line":7,"column":5}},"loc":{"start":{"line":7,"column":27},"end":{"line":10,"column":5}},"line":7},"1":{"name":"(anonymous_1)","decl":{"start":{"line":12,"column":4},"end":{"line":12,"column":5}},"loc":{"start":{"line":12,"column":43},"end":{"line":45,"column":5}},"line":12},"2":{"name":"(anonymous_2)","decl":{"start":{"line":55,"column":4},"end":{"line":55,"column":5}},"loc":{"start":{"line":55,"column":41},"end":{"line":70,"column":5}},"line":55}},"branchMap":{"0":{"loc":{"start":{"line":14,"column":21},"end":{"line":14,"column":98}},"type":"cond-expr","locations":[{"start":{"line":14,"column":41},"end":{"line":14,"column":42}},{"start":{"line":14,"column":45},"end":{"line":14,"column":98}}],"line":14},"1":{"loc":{"start":{"line":15,"column":23},"end":{"line":15,"column":114}},"type":"cond-expr","locations":[{"start":{"line":15,"column":43},"end":{"line":15,"column":69}},{"start":{"line":15,"column":72},"end":{"line":15,"column":114}}],"line":15},"2":{"loc":{"start":{"line":22,"column":8},"end":{"line":25,"column":9}},"type":"if","locations":[{"start":{"line":22,"column":8},"end":{"line":25,"column":9}},{"start":{"line":22,"column":8},"end":{"line":25,"column":9}}],"line":22},"3":{"loc":{"start":{"line":40,"column":8},"end":{"line":41,"column":127}},"type":"if","locations":[{"start":{"line":40,"column":8},"end":{"line":41,"column":127}},{"start":{"line":40,"column":8},"end":{"line":41,"column":127}}],"line":40},"4":{"loc":{"start":{"line":57,"column":21},"end":{"line":57,"column":98}},"type":"cond-expr","locations":[{"start":{"line":57,"column":41},"end":{"line":57,"column":42}},{"start":{"line":57,"column":45},"end":{"line":57,"column":98}}],"line":57},"5":{"loc":{"start":{"line":58,"column":23},"end":{"line":58,"column":114}},"type":"cond-expr","locations":[{"start":{"line":58,"column":43},"end":{"line":58,"column":69}},{"start":{"line":58,"column":72},"end":{"line":58,"column":114}}],"line":58},"6":{"loc":{"start":{"line":61,"column":8},"end":{"line":65,"column":9}},"type":"if","locations":[{"start":{"line":61,"column":8},"end":{"line":65,"column":9}},{"start":{"line":61,"column":8},"end":{"line":65,"column":9}}],"line":61},"7":{"loc":{"start":{"line":66,"column":8},"end":{"line":68,"column":9}},"type":"if","locations":[{"start":{"line":66,"column":8},"end":{"line":68,"column":9}},{"start":{"line":66,"column":8},"end":{"line":68,"column":9}}],"line":66}},"s":{"0":0,"1":0,"2":0,"3":0,"4":0,"5":0,"6":0,"7":0,"8":0,"9":0,"10":0,"11":0,"12":0,"13":0,"14":0,"15":0,"16":0,"17":0,"18":0,"19":0,"20":0,"21":0,"22":0,"23":0,"24":0,"25":0,"26":0,"27":0,"28":0,"29":0,"30":0,"31":0},"f":{"0":0,"1":0,"2":0},"b":{"0":[0,0],"1":[0,0],"2":[0,0],"3":[0,0],"4":[0,0],"5":[0,0],"6":[0,0],"7":[0,0]},"_coverageSchema":"1a1c01bbd47fc00a2c39e90264f33305004495a9","hash":"1af7fed73103cc0d3a794b48bcac9e51275f68cd"}
,"/home/giku/Documents/SE/application/src/classes/trucks/PlanManager.js": {"path":"/home/giku/Documents/SE/application/src/classes/trucks/PlanManager.js","statementMap":{"0":{"start":{"line":7,"column":12},"end":{"line":7,"column":18}},"1":{"start":{"line":26,"column":11},"end":{"line":29,"column":5}},"2":{"start":{"line":35,"column":13},"end":{"line":35,"column":25}},"3":{"start":{"line":40,"column":8},"end":{"line":40,"column":27}},"4":{"start":{"line":41,"column":8},"end":{"line":41,"column":60}},"5":{"start":{"line":48,"column":8},"end":{"line":52,"column":11}},"6":{"start":{"line":53,"column":8},"end":{"line":53,"column":21}},"7":{"start":{"line":57,"column":8},"end":{"line":68,"column":9}},"8":{"start":{"line":58,"column":12},"end":{"line":58,"column":39}},"9":{"start":{"line":59,"column":24},"end":{"line":59,"column":64}},"10":{"start":{"line":60,"column":12},"end":{"line":67,"column":15}},"11":{"start":{"line":61,"column":16},"end":{"line":65,"column":19}},"12":{"start":{"line":66,"column":16},"end":{"line":66,"column":46}},"13":{"start":{"line":78,"column":8},"end":{"line":78,"column":89}},"14":{"start":{"line":79,"column":8},"end":{"line":79,"column":65}},"15":{"start":{"line":80,"column":8},"end":{"line":80,"column":99}},"16":{"start":{"line":81,"column":8},"end":{"line":81,"column":21}},"17":{"start":{"line":85,"column":8},"end":{"line":88,"column":9}},"18":{"start":{"line":85,"column":20},"end":{"line":85,"column":35}},"19":{"start":{"line":86,"column":12},"end":{"line":86,"column":83}},"20":{"start":{"line":87,"column":12},"end":{"line":87,"column":83}},"21":{"start":{"line":92,"column":8},"end":{"line":104,"column":10}},"22":{"start":{"line":108,"column":8},"end":{"line":116,"column":10}},"23":{"start":{"line":120,"column":8},"end":{"line":120,"column":39}},"24":{"start":{"line":124,"column":8},"end":{"line":124,"column":39}},"25":{"start":{"line":128,"column":8},"end":{"line":128,"column":38}},"26":{"start":{"line":132,"column":8},"end":{"line":132,"column":72}},"27":{"start":{"line":136,"column":8},"end":{"line":139,"column":9}},"28":{"start":{"line":137,"column":12},"end":{"line":137,"column":40}},"29":{"start":{"line":138,"column":12},"end":{"line":138,"column":25}}},"fnMap":{"0":{"name":"(anonymous_0)","decl":{"start":{"line":39,"column":4},"end":{"line":39,"column":5}},"loc":{"start":{"line":39,"column":23},"end":{"line":42,"column":5}},"line":39},"1":{"name":"(anonymous_1)","decl":{"start":{"line":47,"column":4},"end":{"line":47,"column":5}},"loc":{"start":{"line":47,"column":12},"end":{"line":54,"column":5}},"line":47},"2":{"name":"(anonymous_2)","decl":{"start":{"line":56,"column":4},"end":{"line":56,"column":5}},"loc":{"start":{"line":56,"column":11},"end":{"line":69,"column":5}},"line":56},"3":{"name":"(anonymous_3)","decl":{"start":{"line":60,"column":75},"end":{"line":60,"column":76}},"loc":{"start":{"line":60,"column":84},"end":{"line":67,"column":13}},"line":60},"4":{"name":"(anonymous_4)","decl":{"start":{"line":77,"column":4},"end":{"line":77,"column":5}},"loc":{"start":{"line":77,"column":43},"end":{"line":82,"column":5}},"line":77},"5":{"name":"(anonymous_5)","decl":{"start":{"line":84,"column":4},"end":{"line":84,"column":5}},"loc":{"start":{"line":84,"column":55},"end":{"line":89,"column":5}},"line":84},"6":{"name":"(anonymous_6)","decl":{"start":{"line":91,"column":4},"end":{"line":91,"column":5}},"loc":{"start":{"line":91,"column":40},"end":{"line":105,"column":5}},"line":91},"7":{"name":"(anonymous_7)","decl":{"start":{"line":107,"column":4},"end":{"line":107,"column":5}},"loc":{"start":{"line":107,"column":44},"end":{"line":117,"column":5}},"line":107},"8":{"name":"(anonymous_8)","decl":{"start":{"line":119,"column":4},"end":{"line":119,"column":5}},"loc":{"start":{"line":119,"column":19},"end":{"line":121,"column":5}},"line":119},"9":{"name":"(anonymous_9)","decl":{"start":{"line":123,"column":4},"end":{"line":123,"column":5}},"loc":{"start":{"line":123,"column":19},"end":{"line":125,"column":5}},"line":123},"10":{"name":"(anonymous_10)","decl":{"start":{"line":127,"column":4},"end":{"line":127,"column":5}},"loc":{"start":{"line":127,"column":14},"end":{"line":129,"column":5}},"line":127},"11":{"name":"(anonymous_11)","decl":{"start":{"line":131,"column":4},"end":{"line":131,"column":5}},"loc":{"start":{"line":131,"column":43},"end":{"line":133,"column":5}},"line":131},"12":{"name":"(anonymous_12)","decl":{"start":{"line":135,"column":4},"end":{"line":135,"column":5}},"loc":{"start":{"line":135,"column":26},"end":{"line":140,"column":5}},"line":135}},"branchMap":{"0":{"loc":{"start":{"line":57,"column":8},"end":{"line":68,"column":9}},"type":"if","locations":[{"start":{"line":57,"column":8},"end":{"line":68,"column":9}},{"start":{"line":57,"column":8},"end":{"line":68,"column":9}}],"line":57},"1":{"loc":{"start":{"line":57,"column":11},"end":{"line":57,"column":83}},"type":"binary-expr","locations":[{"start":{"line":57,"column":11},"end":{"line":57,"column":31}},{"start":{"line":57,"column":35},"end":{"line":57,"column":83}}],"line":57},"2":{"loc":{"start":{"line":97,"column":25},"end":{"line":99,"column":103}},"type":"cond-expr","locations":[{"start":{"line":98,"column":20},"end":{"line":98,"column":47}},{"start":{"line":99,"column":20},"end":{"line":99,"column":103}}],"line":97},"3":{"loc":{"start":{"line":100,"column":25},"end":{"line":102,"column":103}},"type":"cond-expr","locations":[{"start":{"line":101,"column":20},"end":{"line":101,"column":47}},{"start":{"line":102,"column":20},"end":{"line":102,"column":103}}],"line":100},"4":{"loc":{"start":{"line":136,"column":8},"end":{"line":139,"column":9}},"type":"if","locations":[{"start":{"line":136,"column":8},"end":{"line":139,"column":9}},{"start":{"line":136,"column":8},"end":{"line":139,"column":9}}],"line":136}},"s":{"0":0,"1":0,"2":0,"3":0,"4":0,"5":0,"6":0,"7":0,"8":0,"9":0,"10":0,"11":0,"12":0,"13":0,"14":0,"15":0,"16":0,"17":0,"18":0,"19":0,"20":0,"21":0,"22":0,"23":0,"24":0,"25":0,"26":0,"27":0,"28":0,"29":0},"f":{"0":0,"1":0,"2":0,"3":0,"4":0,"5":0,"6":0,"7":0,"8":0,"9":0,"10":0,"11":0,"12":0},"b":{"0":[0,0],"1":[0,0],"2":[0,0],"3":[0,0],"4":[0,0]},"_coverageSchema":"1a1c01bbd47fc00a2c39e90264f33305004495a9","hash":"64bf75d67db6e324c1f8da4ef8f3d216663c0ffb"}
,"/home/giku/Documents/SE/application/src/classes/trucks/SharedTruck.js": {"path":"/home/giku/Documents/SE/application/src/classes/trucks/SharedTruck.js","statementMap":{"0":{"start":{"line":5,"column":8},"end":{"line":5,"column":44}},"1":{"start":{"line":16,"column":19},"end":{"line":16,"column":59}},"2":{"start":{"line":19,"column":26},"end":{"line":19,"column":103}},"3":{"start":{"line":20,"column":8},"end":{"line":30,"column":9}},"4":{"start":{"line":20,"column":26},"end":{"line":20,"column":37}},"5":{"start":{"line":21,"column":12},"end":{"line":29,"column":13}},"6":{"start":{"line":21,"column":32},"end":{"line":21,"column":38}},"7":{"start":{"line":23,"column":16},"end":{"line":25,"column":143}},"8":{"start":{"line":25,"column":137},"end":{"line":25,"column":143}},"9":{"start":{"line":27,"column":27},"end":{"line":27,"column":63}},"10":{"start":{"line":28,"column":16},"end":{"line":28,"column":94}},"11":{"start":{"line":28,"column":38},"end":{"line":28,"column":94}},"12":{"start":{"line":31,"column":8},"end":{"line":31,"column":20}}},"fnMap":{"0":{"name":"(anonymous_0)","decl":{"start":{"line":4,"column":4},"end":{"line":4,"column":5}},"loc":{"start":{"line":4,"column":46},"end":{"line":6,"column":5}},"line":4},"1":{"name":"(anonymous_1)","decl":{"start":{"line":14,"column":4},"end":{"line":14,"column":5}},"loc":{"start":{"line":14,"column":24},"end":{"line":32,"column":5}},"line":14}},"branchMap":{"0":{"loc":{"start":{"line":19,"column":26},"end":{"line":19,"column":103}},"type":"cond-expr","locations":[{"start":{"line":19,"column":69},"end":{"line":19,"column":100}},{"start":{"line":19,"column":102},"end":{"line":19,"column":103}}],"line":19},"1":{"loc":{"start":{"line":23,"column":16},"end":{"line":25,"column":143}},"type":"if","locations":[{"start":{"line":23,"column":16},"end":{"line":25,"column":143}},{"start":{"line":23,"column":16},"end":{"line":25,"column":143}}],"line":23},"2":{"loc":{"start":{"line":23,"column":20},"end":{"line":25,"column":135}},"type":"binary-expr","locations":[{"start":{"line":23,"column":20},"end":{"line":23,"column":32}},{"start":{"line":24,"column":21},"end":{"line":24,"column":140}},{"start":{"line":25,"column":20},"end":{"line":25,"column":134}}],"line":23},"3":{"loc":{"start":{"line":28,"column":16},"end":{"line":28,"column":94}},"type":"if","locations":[{"start":{"line":28,"column":16},"end":{"line":28,"column":94}},{"start":{"line":28,"column":16},"end":{"line":28,"column":94}}],"line":28}},"s":{"0":0,"1":0,"2":0,"3":0,"4":0,"5":0,"6":0,"7":0,"8":0,"9":0,"10":0,"11":0,"12":0},"f":{"0":0,"1":0},"b":{"0":[0,0],"1":[0,0],"2":[0,0,0],"3":[0,0]},"_coverageSchema":"1a1c01bbd47fc00a2c39e90264f33305004495a9","hash":"2142b19d9c489d727bb1e4dcf8aef72360055dc6"}
,"/home/giku/Documents/SE/application/src/classes/trucks/TraditionalTruck.js": {"path":"/home/giku/Documents/SE/application/src/classes/trucks/TraditionalTruck.js","statementMap":{"0":{"start":{"line":6,"column":8},"end":{"line":6,"column":44}},"1":{"start":{"line":17,"column":19},"end":{"line":17,"column":59}},"2":{"start":{"line":20,"column":8},"end":{"line":21,"column":78}},"3":{"start":{"line":21,"column":66},"end":{"line":21,"column":78}},"4":{"start":{"line":24,"column":26},"end":{"line":24,"column":103}},"5":{"start":{"line":25,"column":8},"end":{"line":30,"column":9}},"6":{"start":{"line":25,"column":26},"end":{"line":25,"column":37}},"7":{"start":{"line":26,"column":12},"end":{"line":26,"column":125}},"8":{"start":{"line":26,"column":116},"end":{"line":26,"column":125}},"9":{"start":{"line":27,"column":27},"end":{"line":27,"column":33}},"10":{"start":{"line":28,"column":23},"end":{"line":28,"column":59}},"11":{"start":{"line":29,"column":12},"end":{"line":29,"column":90}},"12":{"start":{"line":29,"column":34},"end":{"line":29,"column":90}},"13":{"start":{"line":31,"column":8},"end":{"line":31,"column":20}}},"fnMap":{"0":{"name":"(anonymous_0)","decl":{"start":{"line":5,"column":4},"end":{"line":5,"column":5}},"loc":{"start":{"line":5,"column":45},"end":{"line":7,"column":5}},"line":5},"1":{"name":"(anonymous_1)","decl":{"start":{"line":15,"column":4},"end":{"line":15,"column":5}},"loc":{"start":{"line":15,"column":24},"end":{"line":32,"column":5}},"line":15}},"branchMap":{"0":{"loc":{"start":{"line":20,"column":8},"end":{"line":21,"column":78}},"type":"if","locations":[{"start":{"line":20,"column":8},"end":{"line":21,"column":78}},{"start":{"line":20,"column":8},"end":{"line":21,"column":78}}],"line":20},"1":{"loc":{"start":{"line":20,"column":12},"end":{"line":21,"column":64}},"type":"binary-expr","locations":[{"start":{"line":20,"column":12},"end":{"line":20,"column":68}},{"start":{"line":21,"column":12},"end":{"line":21,"column":64}}],"line":20},"2":{"loc":{"start":{"line":24,"column":26},"end":{"line":24,"column":103}},"type":"cond-expr","locations":[{"start":{"line":24,"column":69},"end":{"line":24,"column":100}},{"start":{"line":24,"column":102},"end":{"line":24,"column":103}}],"line":24},"3":{"loc":{"start":{"line":26,"column":12},"end":{"line":26,"column":125}},"type":"if","locations":[{"start":{"line":26,"column":12},"end":{"line":26,"column":125}},{"start":{"line":26,"column":12},"end":{"line":26,"column":125}}],"line":26},"4":{"loc":{"start":{"line":26,"column":16},"end":{"line":26,"column":114}},"type":"binary-expr","locations":[{"start":{"line":26,"column":16},"end":{"line":26,"column":57}},{"start":{"line":26,"column":61},"end":{"line":26,"column":114}}],"line":26},"5":{"loc":{"start":{"line":29,"column":12},"end":{"line":29,"column":90}},"type":"if","locations":[{"start":{"line":29,"column":12},"end":{"line":29,"column":90}},{"start":{"line":29,"column":12},"end":{"line":29,"column":90}}],"line":29}},"s":{"0":0,"1":0,"2":0,"3":0,"4":0,"5":0,"6":0,"7":0,"8":0,"9":0,"10":0,"11":0,"12":0,"13":0},"f":{"0":0,"1":0},"b":{"0":[0,0],"1":[0,0],"2":[0,0],"3":[0,0],"4":[0,0],"5":[0,0]},"_coverageSchema":"1a1c01bbd47fc00a2c39e90264f33305004495a9","hash":"544d1f0c627fabebfefb3db723b711be3eebd699"}
,"/home/giku/Documents/SE/application/src/classes/trucks/Truck.js": {"path":"/home/giku/Documents/SE/application/src/classes/trucks/Truck.js","statementMap":{"0":{"start":{"line":27,"column":17},"end":{"line":27,"column":21}},"1":{"start":{"line":33,"column":15},"end":{"line":36,"column":5}},"2":{"start":{"line":42,"column":22},"end":{"line":45,"column":5}},"3":{"start":{"line":51,"column":19},"end":{"line":51,"column":20}},"4":{"start":{"line":57,"column":24},"end":{"line":57,"column":25}},"5":{"start":{"line":63,"column":23},"end":{"line":63,"column":24}},"6":{"start":{"line":65,"column":18},"end":{"line":68,"column":5}},"7":{"start":{"line":87,"column":12},"end":{"line":87,"column":18}},"8":{"start":{"line":92,"column":16},"end":{"line":92,"column":18}},"9":{"start":{"line":98,"column":18},"end":{"line":98,"column":19}},"10":{"start":{"line":103,"column":15},"end":{"line":103,"column":20}},"11":{"start":{"line":105,"column":15},"end":{"line":105,"column":20}},"12":{"start":{"line":107,"column":18},"end":{"line":107,"column":24}},"13":{"start":{"line":110,"column":19},"end":{"line":110,"column":25}},"14":{"start":{"line":119,"column":8},"end":{"line":119,"column":16}},"15":{"start":{"line":120,"column":8},"end":{"line":122,"column":9}},"16":{"start":{"line":121,"column":12},"end":{"line":121,"column":73}},"17":{"start":{"line":123,"column":8},"end":{"line":123,"column":40}},"18":{"start":{"line":124,"column":8},"end":{"line":124,"column":33}},"19":{"start":{"line":125,"column":8},"end":{"line":125,"column":34}},"20":{"start":{"line":126,"column":8},"end":{"line":126,"column":27}},"21":{"start":{"line":127,"column":8},"end":{"line":127,"column":49}},"22":{"start":{"line":128,"column":8},"end":{"line":128,"column":73}},"23":{"start":{"line":129,"column":8},"end":{"line":129,"column":64}},"24":{"start":{"line":130,"column":8},"end":{"line":130,"column":43}},"25":{"start":{"line":134,"column":8},"end":{"line":134,"column":29}},"26":{"start":{"line":135,"column":8},"end":{"line":135,"column":44}},"27":{"start":{"line":142,"column":8},"end":{"line":142,"column":34}},"28":{"start":{"line":152,"column":8},"end":{"line":152,"column":65}},"29":{"start":{"line":163,"column":8},"end":{"line":163,"column":72}},"30":{"start":{"line":173,"column":8},"end":{"line":173,"column":58}},"31":{"start":{"line":181,"column":8},"end":{"line":181,"column":34}},"32":{"start":{"line":182,"column":8},"end":{"line":184,"column":9}},"33":{"start":{"line":183,"column":12},"end":{"line":183,"column":19}},"34":{"start":{"line":185,"column":8},"end":{"line":192,"column":31}},"35":{"start":{"line":186,"column":12},"end":{"line":191,"column":13}},"36":{"start":{"line":187,"column":16},"end":{"line":187,"column":44}},"37":{"start":{"line":188,"column":16},"end":{"line":188,"column":40}},"38":{"start":{"line":190,"column":16},"end":{"line":190,"column":43}},"39":{"start":{"line":201,"column":8},"end":{"line":218,"column":9}},"40":{"start":{"line":203,"column":16},"end":{"line":203,"column":52}},"41":{"start":{"line":204,"column":16},"end":{"line":204,"column":36}},"42":{"start":{"line":205,"column":16},"end":{"line":205,"column":83}},"43":{"start":{"line":206,"column":16},"end":{"line":206,"column":83}},"44":{"start":{"line":207,"column":16},"end":{"line":207,"column":22}},"45":{"start":{"line":209,"column":16},"end":{"line":209,"column":52}},"46":{"start":{"line":210,"column":16},"end":{"line":210,"column":37}},"47":{"start":{"line":211,"column":16},"end":{"line":211,"column":83}},"48":{"start":{"line":212,"column":16},"end":{"line":212,"column":83}},"49":{"start":{"line":213,"column":16},"end":{"line":213,"column":43}},"50":{"start":{"line":214,"column":16},"end":{"line":214,"column":22}},"51":{"start":{"line":216,"column":16},"end":{"line":216,"column":72}},"52":{"start":{"line":217,"column":16},"end":{"line":217,"column":56}},"53":{"start":{"line":219,"column":8},"end":{"line":219,"column":30}},"54":{"start":{"line":220,"column":8},"end":{"line":220,"column":49}},"55":{"start":{"line":229,"column":19},"end":{"line":229,"column":74}},"56":{"start":{"line":230,"column":8},"end":{"line":230,"column":33}},"57":{"start":{"line":231,"column":8},"end":{"line":231,"column":63}},"58":{"start":{"line":241,"column":23},"end":{"line":241,"column":24}},"59":{"start":{"line":242,"column":8},"end":{"line":254,"column":9}},"60":{"start":{"line":243,"column":12},"end":{"line":248,"column":13}},"61":{"start":{"line":244,"column":16},"end":{"line":244,"column":51}},"62":{"start":{"line":245,"column":16},"end":{"line":245,"column":97}},"63":{"start":{"line":246,"column":16},"end":{"line":246,"column":71}},"64":{"start":{"line":247,"column":16},"end":{"line":247,"column":24}},"65":{"start":{"line":249,"column":12},"end":{"line":249,"column":34}},"66":{"start":{"line":250,"column":12},"end":{"line":250,"column":47}},"67":{"start":{"line":251,"column":12},"end":{"line":251,"column":43}},"68":{"start":{"line":252,"column":12},"end":{"line":252,"column":70}},"69":{"start":{"line":253,"column":12},"end":{"line":253,"column":70}},"70":{"start":{"line":255,"column":20},"end":{"line":255,"column":49}},"71":{"start":{"line":256,"column":8},"end":{"line":256,"column":51}},"72":{"start":{"line":257,"column":8},"end":{"line":257,"column":89}},"73":{"start":{"line":258,"column":8},"end":{"line":258,"column":39}},"74":{"start":{"line":259,"column":8},"end":{"line":259,"column":65}},"75":{"start":{"line":260,"column":8},"end":{"line":260,"column":43}},"76":{"start":{"line":261,"column":8},"end":{"line":266,"column":11}},"77":{"start":{"line":277,"column":8},"end":{"line":278,"column":46}},"78":{"start":{"line":288,"column":8},"end":{"line":288,"column":33}},"79":{"start":{"line":289,"column":8},"end":{"line":289,"column":45}}},"fnMap":{"0":{"name":"(anonymous_0)","decl":{"start":{"line":118,"column":4},"end":{"line":118,"column":5}},"loc":{"start":{"line":118,"column":46},"end":{"line":131,"column":5}},"line":118},"1":{"name":"(anonymous_1)","decl":{"start":{"line":133,"column":4},"end":{"line":133,"column":5}},"loc":{"start":{"line":133,"column":13},"end":{"line":136,"column":5}},"line":133},"2":{"name":"(anonymous_2)","decl":{"start":{"line":141,"column":4},"end":{"line":141,"column":5}},"loc":{"start":{"line":141,"column":15},"end":{"line":143,"column":5}},"line":141},"3":{"name":"(anonymous_3)","decl":{"start":{"line":151,"column":4},"end":{"line":151,"column":5}},"loc":{"start":{"line":151,"column":48},"end":{"line":153,"column":5}},"line":151},"4":{"name":"(anonymous_4)","decl":{"start":{"line":162,"column":4},"end":{"line":162,"column":5}},"loc":{"start":{"line":162,"column":43},"end":{"line":164,"column":5}},"line":162},"5":{"name":"(anonymous_5)","decl":{"start":{"line":172,"column":4},"end":{"line":172,"column":5}},"loc":{"start":{"line":172,"column":23},"end":{"line":174,"column":5}},"line":172},"6":{"name":"(anonymous_6)","decl":{"start":{"line":180,"column":4},"end":{"line":180,"column":5}},"loc":{"start":{"line":180,"column":22},"end":{"line":193,"column":5}},"line":180},"7":{"name":"(anonymous_7)","decl":{"start":{"line":185,"column":19},"end":{"line":185,"column":20}},"loc":{"start":{"line":185,"column":25},"end":{"line":192,"column":9}},"line":185},"8":{"name":"(anonymous_8)","decl":{"start":{"line":200,"column":4},"end":{"line":200,"column":5}},"loc":{"start":{"line":200,"column":25},"end":{"line":221,"column":5}},"line":200},"9":{"name":"(anonymous_9)","decl":{"start":{"line":228,"column":4},"end":{"line":228,"column":5}},"loc":{"start":{"line":228,"column":26},"end":{"line":232,"column":5}},"line":228},"10":{"name":"(anonymous_10)","decl":{"start":{"line":240,"column":4},"end":{"line":240,"column":5}},"loc":{"start":{"line":240,"column":42},"end":{"line":267,"column":5}},"line":240},"11":{"name":"(anonymous_11)","decl":{"start":{"line":276,"column":4},"end":{"line":276,"column":5}},"loc":{"start":{"line":276,"column":41},"end":{"line":279,"column":5}},"line":276},"12":{"name":"(anonymous_12)","decl":{"start":{"line":287,"column":4},"end":{"line":287,"column":5}},"loc":{"start":{"line":287,"column":26},"end":{"line":290,"column":5}},"line":287}},"branchMap":{"0":{"loc":{"start":{"line":120,"column":8},"end":{"line":122,"column":9}},"type":"if","locations":[{"start":{"line":120,"column":8},"end":{"line":122,"column":9}},{"start":{"line":120,"column":8},"end":{"line":122,"column":9}}],"line":120},"1":{"loc":{"start":{"line":182,"column":8},"end":{"line":184,"column":9}},"type":"if","locations":[{"start":{"line":182,"column":8},"end":{"line":184,"column":9}},{"start":{"line":182,"column":8},"end":{"line":184,"column":9}}],"line":182},"2":{"loc":{"start":{"line":186,"column":12},"end":{"line":191,"column":13}},"type":"if","locations":[{"start":{"line":186,"column":12},"end":{"line":191,"column":13}},{"start":{"line":186,"column":12},"end":{"line":191,"column":13}}],"line":186},"3":{"loc":{"start":{"line":201,"column":8},"end":{"line":218,"column":9}},"type":"switch","locations":[{"start":{"line":202,"column":12},"end":{"line":207,"column":22}},{"start":{"line":208,"column":12},"end":{"line":214,"column":22}},{"start":{"line":215,"column":12},"end":{"line":217,"column":56}}],"line":201},"4":{"loc":{"start":{"line":243,"column":12},"end":{"line":248,"column":13}},"type":"if","locations":[{"start":{"line":243,"column":12},"end":{"line":248,"column":13}},{"start":{"line":243,"column":12},"end":{"line":248,"column":13}}],"line":243}},"s":{"0":0,"1":0,"2":0,"3":0,"4":0,"5":0,"6":0,"7":0,"8":0,"9":0,"10":0,"11":0,"12":0,"13":0,"14":0,"15":0,"16":0,"17":0,"18":0,"19":0,"20":0,"21":0,"22":0,"23":0,"24":0,"25":0,"26":0,"27":0,"28":0,"29":0,"30":0,"31":0,"32":0,"33":0,"34":0,"35":0,"36":0,"37":0,"38":0,"39":0,"40":0,"41":0,"42":0,"43":0,"44":0,"45":0,"46":0,"47":0,"48":0,"49":0,"50":0,"51":0,"52":0,"53":0,"54":0,"55":0,"56":0,"57":0,"58":0,"59":0,"60":0,"61":0,"62":0,"63":0,"64":0,"65":0,"66":0,"67":0,"68":0,"69":0,"70":0,"71":0,"72":0,"73":0,"74":0,"75":0,"76":0,"77":0,"78":0,"79":0},"f":{"0":0,"1":0,"2":0,"3":0,"4":0,"5":0,"6":0,"7":0,"8":0,"9":0,"10":0,"11":0,"12":0},"b":{"0":[0,0],"1":[0,0],"2":[0,0],"3":[0,0,0],"4":[0,0]},"_coverageSchema":"1a1c01bbd47fc00a2c39e90264f33305004495a9","hash":"8be17ac7b6e63e50848f6fc0b740402e7c764118"}
,"/home/giku/Documents/SE/application/src/classes/trucks/TruckPropertyHandler.js": {"path":"/home/giku/Documents/SE/application/src/classes/trucks/TruckPropertyHandler.js","statementMap":{"0":{"start":{"line":11,"column":20},"end":{"line":11,"column":62}},"1":{"start":{"line":12,"column":8},"end":{"line":19,"column":9}},"2":{"start":{"line":32,"column":20},"end":{"line":32,"column":68}},"3":{"start":{"line":32,"column":53},"end":{"line":32,"column":67}},"4":{"start":{"line":34,"column":8},"end":{"line":39,"column":9}},"5":{"start":{"line":35,"column":12},"end":{"line":35,"column":26}},"6":{"start":{"line":37,"column":12},"end":{"line":37,"column":76}},"7":{"start":{"line":38,"column":12},"end":{"line":38,"column":72}},"8":{"start":{"line":38,"column":53},"end":{"line":38,"column":70}},"9":{"start":{"line":40,"column":8},"end":{"line":40,"column":21}}},"fnMap":{"0":{"name":"(anonymous_0)","decl":{"start":{"line":10,"column":4},"end":{"line":10,"column":5}},"loc":{"start":{"line":10,"column":29},"end":{"line":20,"column":5}},"line":10},"1":{"name":"(anonymous_1)","decl":{"start":{"line":31,"column":4},"end":{"line":31,"column":5}},"loc":{"start":{"line":31,"column":41},"end":{"line":41,"column":5}},"line":31},"2":{"name":"(anonymous_2)","decl":{"start":{"line":32,"column":48},"end":{"line":32,"column":49}},"loc":{"start":{"line":32,"column":53},"end":{"line":32,"column":67}},"line":32},"3":{"name":"(anonymous_3)","decl":{"start":{"line":38,"column":48},"end":{"line":38,"column":49}},"loc":{"start":{"line":38,"column":53},"end":{"line":38,"column":70}},"line":38}},"branchMap":{"0":{"loc":{"start":{"line":34,"column":8},"end":{"line":39,"column":9}},"type":"if","locations":[{"start":{"line":34,"column":8},"end":{"line":39,"column":9}},{"start":{"line":34,"column":8},"end":{"line":39,"column":9}}],"line":34}},"s":{"0":0,"1":0,"2":0,"3":0,"4":0,"5":0,"6":0,"7":0,"8":0,"9":0},"f":{"0":0,"1":0,"2":0,"3":0},"b":{"0":[0,0]},"_coverageSchema":"1a1c01bbd47fc00a2c39e90264f33305004495a9","hash":"5b6bbc9562238e6210218b766abf7a0e86a36f74"}
,"/home/giku/Documents/SE/application/src/classes/util/Observable.js": {"path":"/home/giku/Documents/SE/application/src/classes/util/Observable.js","statementMap":{"0":{"start":{"line":3,"column":17},"end":{"line":3,"column":19}},"1":{"start":{"line":6,"column":8},"end":{"line":10,"column":9}},"2":{"start":{"line":7,"column":12},"end":{"line":7,"column":38}},"3":{"start":{"line":9,"column":12},"end":{"line":9,"column":73}},"4":{"start":{"line":14,"column":8},"end":{"line":14,"column":57}},"5":{"start":{"line":14,"column":33},"end":{"line":14,"column":55}}},"fnMap":{"0":{"name":"(anonymous_0)","decl":{"start":{"line":5,"column":4},"end":{"line":5,"column":5}},"loc":{"start":{"line":5,"column":20},"end":{"line":11,"column":5}},"line":5},"1":{"name":"(anonymous_1)","decl":{"start":{"line":13,"column":4},"end":{"line":13,"column":5}},"loc":{"start":{"line":13,"column":19},"end":{"line":15,"column":5}},"line":13},"2":{"name":"(anonymous_2)","decl":{"start":{"line":14,"column":28},"end":{"line":14,"column":29}},"loc":{"start":{"line":14,"column":33},"end":{"line":14,"column":55}},"line":14}},"branchMap":{"0":{"loc":{"start":{"line":6,"column":8},"end":{"line":10,"column":9}},"type":"if","locations":[{"start":{"line":6,"column":8},"end":{"line":10,"column":9}},{"start":{"line":6,"column":8},"end":{"line":10,"column":9}}],"line":6}},"s":{"0":0,"1":0,"2":0,"3":0,"4":0,"5":0},"f":{"0":0,"1":0,"2":0},"b":{"0":[0,0]},"_coverageSchema":"1a1c01bbd47fc00a2c39e90264f33305004495a9","hash":"b4281b754bb62b6b52bce7761930478fae290952"}
,"/home/giku/Documents/SE/application/src/classes/util/UpdateMessage.js": {"path":"/home/giku/Documents/SE/application/src/classes/util/UpdateMessage.js","statementMap":{},"fnMap":{},"branchMap":{},"s":{},"f":{},"b":{},"_coverageSchema":"1a1c01bbd47fc00a2c39e90264f33305004495a9","hash":"b691d24af9869c6f64fb6eb96c6db2048f27ad3a"}
,"/home/giku/Documents/SE/application/src/classes/view/GoodView.js": {"path":"/home/giku/Documents/SE/application/src/classes/view/GoodView.js","statementMap":{"0":{"start":{"line":6,"column":11},"end":{"line":6,"column":17}},"1":{"start":{"line":14,"column":8},"end":{"line":19,"column":11}},"2":{"start":{"line":20,"column":8},"end":{"line":20,"column":35}},"3":{"start":{"line":24,"column":8},"end":{"line":32,"column":9}},"4":{"start":{"line":26,"column":16},"end":{"line":26,"column":45}},"5":{"start":{"line":27,"column":16},"end":{"line":27,"column":35}},"6":{"start":{"line":28,"column":16},"end":{"line":28,"column":22}},"7":{"start":{"line":30,"column":16},"end":{"line":30,"column":58}},"8":{"start":{"line":31,"column":16},"end":{"line":31,"column":22}}},"fnMap":{"0":{"name":"(anonymous_0)","decl":{"start":{"line":8,"column":4},"end":{"line":8,"column":5}},"loc":{"start":{"line":8,"column":31},"end":{"line":21,"column":5}},"line":8},"1":{"name":"(anonymous_1)","decl":{"start":{"line":23,"column":4},"end":{"line":23,"column":5}},"loc":{"start":{"line":23,"column":31},"end":{"line":33,"column":5}},"line":23}},"branchMap":{"0":{"loc":{"start":{"line":24,"column":8},"end":{"line":32,"column":9}},"type":"switch","locations":[{"start":{"line":25,"column":12},"end":{"line":28,"column":22}},{"start":{"line":29,"column":12},"end":{"line":31,"column":22}}],"line":24}},"s":{"0":0,"1":0,"2":0,"3":0,"4":0,"5":0,"6":0,"7":0,"8":0},"f":{"0":0,"1":0},"b":{"0":[0,0]},"_coverageSchema":"1a1c01bbd47fc00a2c39e90264f33305004495a9","hash":"877767de487fdb99e4208b914e20692e846c4d26"}
,"/home/giku/Documents/SE/application/src/classes/view/TruckView.js": {"path":"/home/giku/Documents/SE/application/src/classes/view/TruckView.js","statementMap":{"0":{"start":{"line":6,"column":16},"end":{"line":6,"column":22}},"1":{"start":{"line":7,"column":12},"end":{"line":7,"column":18}},"2":{"start":{"line":8,"column":11},"end":{"line":8,"column":17}},"3":{"start":{"line":11,"column":8},"end":{"line":11,"column":35}},"4":{"start":{"line":12,"column":8},"end":{"line":12,"column":27}},"5":{"start":{"line":19,"column":8},"end":{"line":25,"column":11}},"6":{"start":{"line":26,"column":8},"end":{"line":26,"column":35}},"7":{"start":{"line":30,"column":8},"end":{"line":41,"column":9}},"8":{"start":{"line":32,"column":16},"end":{"line":32,"column":51}},"9":{"start":{"line":34,"column":16},"end":{"line":34,"column":51}},"10":{"start":{"line":36,"column":16},"end":{"line":36,"column":48}},"11":{"start":{"line":38,"column":16},"end":{"line":38,"column":51}},"12":{"start":{"line":39,"column":16},"end":{"line":39,"column":80}},"13":{"start":{"line":40,"column":16},"end":{"line":40,"column":38}},"14":{"start":{"line":45,"column":8},"end":{"line":56,"column":9}},"15":{"start":{"line":47,"column":16},"end":{"line":47,"column":30}},"16":{"start":{"line":49,"column":16},"end":{"line":49,"column":31}},"17":{"start":{"line":51,"column":16},"end":{"line":51,"column":31}},"18":{"start":{"line":53,"column":16},"end":{"line":53,"column":51}},"19":{"start":{"line":54,"column":16},"end":{"line":54,"column":75}},"20":{"start":{"line":55,"column":16},"end":{"line":55,"column":29}},"21":{"start":{"line":60,"column":8},"end":{"line":72,"column":9}},"22":{"start":{"line":62,"column":16},"end":{"line":62,"column":35}},"23":{"start":{"line":63,"column":16},"end":{"line":63,"column":22}},"24":{"start":{"line":65,"column":16},"end":{"line":70,"column":17}},"25":{"start":{"line":66,"column":20},"end":{"line":66,"column":62}},"26":{"start":{"line":68,"column":20},"end":{"line":68,"column":59}},"27":{"start":{"line":69,"column":20},"end":{"line":69,"column":56}},"28":{"start":{"line":71,"column":16},"end":{"line":71,"column":22}}},"fnMap":{"0":{"name":"(anonymous_0)","decl":{"start":{"line":10,"column":4},"end":{"line":10,"column":5}},"loc":{"start":{"line":10,"column":32},"end":{"line":27,"column":5}},"line":10},"1":{"name":"(anonymous_1)","decl":{"start":{"line":29,"column":4},"end":{"line":29,"column":5}},"loc":{"start":{"line":29,"column":26},"end":{"line":42,"column":5}},"line":29},"2":{"name":"(anonymous_2)","decl":{"start":{"line":44,"column":4},"end":{"line":44,"column":5}},"loc":{"start":{"line":44,"column":22},"end":{"line":57,"column":5}},"line":44},"3":{"name":"(anonymous_3)","decl":{"start":{"line":59,"column":4},"end":{"line":59,"column":5}},"loc":{"start":{"line":59,"column":31},"end":{"line":73,"column":5}},"line":59}},"branchMap":{"0":{"loc":{"start":{"line":30,"column":8},"end":{"line":41,"column":9}},"type":"switch","locations":[{"start":{"line":31,"column":12},"end":{"line":32,"column":51}},{"start":{"line":33,"column":12},"end":{"line":34,"column":51}},{"start":{"line":35,"column":12},"end":{"line":36,"column":48}},{"start":{"line":37,"column":12},"end":{"line":40,"column":38}}],"line":30},"1":{"loc":{"start":{"line":45,"column":8},"end":{"line":56,"column":9}},"type":"switch","locations":[{"start":{"line":46,"column":12},"end":{"line":47,"column":30}},{"start":{"line":48,"column":12},"end":{"line":49,"column":31}},{"start":{"line":50,"column":12},"end":{"line":51,"column":31}},{"start":{"line":52,"column":12},"end":{"line":55,"column":29}}],"line":45},"2":{"loc":{"start":{"line":60,"column":8},"end":{"line":72,"column":9}},"type":"switch","locations":[{"start":{"line":61,"column":12},"end":{"line":63,"column":22}},{"start":{"line":64,"column":12},"end":{"line":71,"column":22}}],"line":60}},"s":{"0":0,"1":0,"2":0,"3":0,"4":0,"5":0,"6":0,"7":0,"8":0,"9":0,"10":0,"11":0,"12":0,"13":0,"14":0,"15":0,"16":0,"17":0,"18":0,"19":0,"20":0,"21":0,"22":0,"23":0,"24":0,"25":0,"26":0,"27":0,"28":0},"f":{"0":0,"1":0,"2":0,"3":0},"b":{"0":[0,0,0,0],"1":[0,0,0,0],"2":[0,0]},"_coverageSchema":"1a1c01bbd47fc00a2c39e90264f33305004495a9","hash":"79071397327f837c25a99ab4a36671f97b43b9cd"}
[...]
,"/home/giku/Documents/SE/application/src/store/index.js": {"path":"/home/giku/Documents/SE/application/src/store/index.js","statementMap":{"0":{"start":{"line":9,"column":0},"end":{"line":9,"column":14}},"1":{"start":{"line":116,"column":12},"end":{"line":118,"column":13}},"2":{"start":{"line":117,"column":16},"end":{"line":117,"column":54}},"3":{"start":{"line":119,"column":24},"end":{"line":119,"column":35}},"4":{"start":{"line":120,"column":12},"end":{"line":122,"column":13}},"5":{"start":{"line":121,"column":16},"end":{"line":121,"column":50}},"6":{"start":{"line":123,"column":12},"end":{"line":125,"column":13}},"7":{"start":{"line":124,"column":16},"end":{"line":124,"column":90}},"8":{"start":{"line":126,"column":12},"end":{"line":128,"column":13}},"9":{"start":{"line":127,"column":16},"end":{"line":127,"column":47}},"10":{"start":{"line":129,"column":12},"end":{"line":129,"column":31}}},"fnMap":{"0":{"name":"(anonymous_0)","decl":{"start":{"line":115,"column":22},"end":{"line":115,"column":23}},"loc":{"start":{"line":115,"column":54},"end":{"line":130,"column":9}},"line":115}},"branchMap":{"0":{"loc":{"start":{"line":116,"column":12},"end":{"line":118,"column":13}},"type":"if","locations":[{"start":{"line":116,"column":12},"end":{"line":118,"column":13}},{"start":{"line":116,"column":12},"end":{"line":118,"column":13}}],"line":116},"1":{"loc":{"start":{"line":120,"column":12},"end":{"line":122,"column":13}},"type":"if","locations":[{"start":{"line":120,"column":12},"end":{"line":122,"column":13}},{"start":{"line":120,"column":12},"end":{"line":122,"column":13}}],"line":120},"2":{"loc":{"start":{"line":123,"column":12},"end":{"line":125,"column":13}},"type":"if","locations":[{"start":{"line":123,"column":12},"end":{"line":125,"column":13}},{"start":{"line":123,"column":12},"end":{"line":125,"column":13}}],"line":123},"3":{"loc":{"start":{"line":123,"column":18},"end":{"line":123,"column":46}},"type":"binary-expr","locations":[{"start":{"line":123,"column":18},"end":{"line":123,"column":30}},{"start":{"line":123,"column":34},"end":{"line":123,"column":46}}],"line":123},"4":{"loc":{"start":{"line":126,"column":12},"end":{"line":128,"column":13}},"type":"if","locations":[{"start":{"line":126,"column":12},"end":{"line":128,"column":13}},{"start":{"line":126,"column":12},"end":{"line":128,"column":13}}],"line":126},"5":{"loc":{"start":{"line":126,"column":16},"end":{"line":126,"column":39}},"type":"binary-expr","locations":[{"start":{"line":126,"column":16},"end":{"line":126,"column":24}},{"start":{"line":126,"column":28},"end":{"line":126,"column":39}}],"line":126}},"s":{"0":3,"1":6,"2":0,"3":6,"4":6,"5":0,"6":6,"7":0,"8":6,"9":0,"10":6},"f":{"0":6},"b":{"0":[0,6],"1":[0,6],"2":[0,6],"3":[6,6],"4":[0,6],"5":[6,3]},"_coverageSchema":"1a1c01bbd47fc00a2c39e90264f33305004495a9","hash":"66e08a7281c34c106c588a40566c8b1d147b16e7"}
,"/home/giku/Documents/SE/application/src/store/mutations.js": {"path":"/home/giku/Documents/SE/application/src/store/mutations.js","statementMap":{"0":{"start":{"line":15,"column":25},"end":{"line":305,"column":1}},"1":{"start":{"line":22,"column":8},"end":{"line":22,"column":24}},"2":{"start":{"line":31,"column":20},"end":{"line":31,"column":60}},"3":{"start":{"line":32,"column":8},"end":{"line":32,"column":40}},"4":{"start":{"line":33,"column":8},"end":{"line":33,"column":42}},"5":{"start":{"line":34,"column":8},"end":{"line":34,"column":37}},"6":{"start":{"line":43,"column":20},"end":{"line":43,"column":58}},"7":{"start":{"line":44,"column":8},"end":{"line":44,"column":44}},"8":{"start":{"line":45,"column":8},"end":{"line":45,"column":46}},"9":{"start":{"line":46,"column":8},"end":{"line":46,"column":41}},"10":{"start":{"line":56,"column":20},"end":{"line":56,"column":59}},"11":{"start":{"line":57,"column":8},"end":{"line":57,"column":56}},"12":{"start":{"line":58,"column":8},"end":{"line":58,"column":58}},"13":{"start":{"line":59,"column":8},"end":{"line":59,"column":53}},"14":{"start":{"line":70,"column":8},"end":{"line":72,"column":9}},"15":{"start":{"line":71,"column":12},"end":{"line":71,"column":93}},"16":{"start":{"line":73,"column":8},"end":{"line":86,"column":9}},"17":{"start":{"line":75,"column":16},"end":{"line":77,"column":17}},"18":{"start":{"line":76,"column":20},"end":{"line":76,"column":81}},"19":{"start":{"line":78,"column":16},"end":{"line":78,"column":22}},"20":{"start":{"line":80,"column":16},"end":{"line":82,"column":17}},"21":{"start":{"line":81,"column":20},"end":{"line":81,"column":75}},"22":{"start":{"line":83,"column":16},"end":{"line":83,"column":22}},"23":{"start":{"line":85,"column":16},"end":{"line":85,"column":55}},"24":{"start":{"line":96,"column":8},"end":{"line":96,"column":29}},"25":{"start":{"line":97,"column":8},"end":{"line":101,"column":9}},"26":{"start":{"line":98,"column":12},"end":{"line":98,"column":58}},"27":{"start":{"line":99,"column":15},"end":{"line":101,"column":9}},"28":{"start":{"line":100,"column":12},"end":{"line":100,"column":53}},"29":{"start":{"line":105,"column":8},"end":{"line":107,"column":9}},"30":{"start":{"line":106,"column":12},"end":{"line":106,"column":66}},"31":{"start":{"line":108,"column":8},"end":{"line":110,"column":9}},"32":{"start":{"line":109,"column":12},"end":{"line":109,"column":42}},"33":{"start":{"line":111,"column":8},"end":{"line":111,"column":27}},"34":{"start":{"line":112,"column":8},"end":{"line":112,"column":44}},"35":{"start":{"line":113,"column":8},"end":{"line":113,"column":65}},"36":{"start":{"line":117,"column":8},"end":{"line":119,"column":9}},"37":{"start":{"line":118,"column":12},"end":{"line":118,"column":61}},"38":{"start":{"line":120,"column":8},"end":{"line":122,"column":9}},"39":{"start":{"line":121,"column":12},"end":{"line":121,"column":47}},"40":{"start":{"line":123,"column":8},"end":{"line":123,"column":27}},"41":{"start":{"line":124,"column":8},"end":{"line":124,"column":39}},"42":{"start":{"line":125,"column":8},"end":{"line":125,"column":60}},"43":{"start":{"line":134,"column":20},"end":{"line":134,"column":60}},"44":{"start":{"line":135,"column":8},"end":{"line":135,"column":60}},"45":{"start":{"line":136,"column":8},"end":{"line":136,"column":62}},"46":{"start":{"line":137,"column":8},"end":{"line":137,"column":57}},"47":{"start":{"line":147,"column":20},"end":{"line":147,"column":57}},"48":{"start":{"line":148,"column":8},"end":{"line":148,"column":66}},"49":{"start":{"line":149,"column":8},"end":{"line":149,"column":68}},"50":{"start":{"line":150,"column":8},"end":{"line":150,"column":63}},"51":{"start":{"line":160,"column":20},"end":{"line":160,"column":57}},"52":{"start":{"line":161,"column":8},"end":{"line":161,"column":65}},"53":{"start":{"line":162,"column":8},"end":{"line":162,"column":67}},"54":{"start":{"line":163,"column":8},"end":{"line":163,"column":62}},"55":{"start":{"line":171,"column":19},"end":{"line":177,"column":9}},"56":{"start":{"line":178,"column":8},"end":{"line":178,"column":31}},"57":{"start":{"line":187,"column":8},"end":{"line":187,"column":37}},"58":{"start":{"line":197,"column":20},"end":{"line":197,"column":58}},"59":{"start":{"line":198,"column":8},"end":{"line":198,"column":53}},"60":{"start":{"line":199,"column":8},"end":{"line":199,"column":55}},"61":{"start":{"line":200,"column":8},"end":{"line":200,"column":50}},"62":{"start":{"line":210,"column":20},"end":{"line":210,"column":60}},"63":{"start":{"line":211,"column":8},"end":{"line":211,"column":51}},"64":{"start":{"line":212,"column":8},"end":{"line":212,"column":53}},"65":{"start":{"line":213,"column":8},"end":{"line":213,"column":48}},"66":{"start":{"line":223,"column":20},"end":{"line":223,"column":61}},"67":{"start":{"line":224,"column":8},"end":{"line":224,"column":51}},"68":{"start":{"line":225,"column":8},"end":{"line":225,"column":53}},"69":{"start":{"line":226,"column":8},"end":{"line":226,"column":48}},"70":{"start":{"line":237,"column":8},"end":{"line":237,"column":53}},"71":{"start":{"line":248,"column":8},"end":{"line":248,"column":55}},"72":{"start":{"line":256,"column":20},"end":{"line":260,"column":9}},"73":{"start":{"line":261,"column":8},"end":{"line":261,"column":33}},"74":{"start":{"line":270,"column":8},"end":{"line":270,"column":38}},"75":{"start":{"line":281,"column":8},"end":{"line":281,"column":40}},"76":{"start":{"line":292,"column":8},"end":{"line":292,"column":48}},"77":{"start":{"line":303,"column":8},"end":{"line":303,"column":53}}},"fnMap":{"0":{"name":"(anonymous_0)","decl":{"start":{"line":21,"column":4},"end":{"line":21,"column":5}},"loc":{"start":{"line":21,"column":24},"end":{"line":23,"column":5}},"line":21},"1":{"name":"(anonymous_1)","decl":{"start":{"line":30,"column":4},"end":{"line":30,"column":5}},"loc":{"start":{"line":30,"column":32},"end":{"line":35,"column":5}},"line":30},"2":{"name":"(anonymous_2)","decl":{"start":{"line":42,"column":4},"end":{"line":42,"column":5}},"loc":{"start":{"line":42,"column":36},"end":{"line":47,"column":5}},"line":42},"3":{"name":"(anonymous_3)","decl":{"start":{"line":55,"column":4},"end":{"line":55,"column":5}},"loc":{"start":{"line":55,"column":36},"end":{"line":60,"column":5}},"line":55},"4":{"name":"(anonymous_4)","decl":{"start":{"line":69,"column":4},"end":{"line":69,"column":5}},"loc":{"start":{"line":69,"column":55},"end":{"line":87,"column":5}},"line":69},"5":{"name":"(anonymous_5)","decl":{"start":{"line":95,"column":4},"end":{"line":95,"column":5}},"loc":{"start":{"line":95,"column":49},"end":{"line":102,"column":5}},"line":95},"6":{"name":"(anonymous_6)","decl":{"start":{"line":104,"column":4},"end":{"line":104,"column":5}},"loc":{"start":{"line":104,"column":37},"end":{"line":114,"column":5}},"line":104},"7":{"name":"(anonymous_7)","decl":{"start":{"line":116,"column":4},"end":{"line":116,"column":5}},"loc":{"start":{"line":116,"column":32},"end":{"line":126,"column":5}},"line":116},"8":{"name":"(anonymous_8)","decl":{"start":{"line":133,"column":4},"end":{"line":133,"column":5}},"loc":{"start":{"line":133,"column":40},"end":{"line":138,"column":5}},"line":133},"9":{"name":"(anonymous_9)","decl":{"start":{"line":146,"column":4},"end":{"line":146,"column":5}},"loc":{"start":{"line":146,"column":46},"end":{"line":151,"column":5}},"line":146},"10":{"name":"(anonymous_10)","decl":{"start":{"line":159,"column":4},"end":{"line":159,"column":5}},"loc":{"start":{"line":159,"column":45},"end":{"line":164,"column":5}},"line":159},"11":{"name":"(anonymous_11)","decl":{"start":{"line":170,"column":4},"end":{"line":170,"column":5}},"loc":{"start":{"line":170,"column":22},"end":{"line":179,"column":5}},"line":170},"12":{"name":"(anonymous_12)","decl":{"start":{"line":186,"column":4},"end":{"line":186,"column":5}},"loc":{"start":{"line":186,"column":30},"end":{"line":188,"column":5}},"line":186},"13":{"name":"(anonymous_13)","decl":{"start":{"line":196,"column":4},"end":{"line":196,"column":5}},"loc":{"start":{"line":196,"column":42},"end":{"line":201,"column":5}},"line":196},"14":{"name":"(anonymous_14)","decl":{"start":{"line":209,"column":4},"end":{"line":209,"column":5}},"loc":{"start":{"line":209,"column":40},"end":{"line":214,"column":5}},"line":209},"15":{"name":"(anonymous_15)","decl":{"start":{"line":222,"column":4},"end":{"line":222,"column":5}},"loc":{"start":{"line":222,"column":40},"end":{"line":227,"column":5}},"line":222},"16":{"name":"(anonymous_16)","decl":{"start":{"line":235,"column":4},"end":{"line":235,"column":5}},"loc":{"start":{"line":235,"column":51},"end":{"line":238,"column":5}},"line":235},"17":{"name":"(anonymous_17)","decl":{"start":{"line":246,"column":4},"end":{"line":246,"column":5}},"loc":{"start":{"line":246,"column":53},"end":{"line":249,"column":5}},"line":246},"18":{"name":"(anonymous_18)","decl":{"start":{"line":255,"column":4},"end":{"line":255,"column":5}},"loc":{"start":{"line":255,"column":22},"end":{"line":262,"column":5}},"line":255},"19":{"name":"(anonymous_19)","decl":{"start":{"line":269,"column":4},"end":{"line":269,"column":5}},"loc":{"start":{"line":269,"column":31},"end":{"line":271,"column":5}},"line":269},"20":{"name":"(anonymous_20)","decl":{"start":{"line":279,"column":4},"end":{"line":279,"column":5}},"loc":{"start":{"line":279,"column":38},"end":{"line":282,"column":5}},"line":279},"21":{"name":"(anonymous_21)","decl":{"start":{"line":290,"column":4},"end":{"line":290,"column":5}},"loc":{"start":{"line":290,"column":46},"end":{"line":293,"column":5}},"line":290},"22":{"name":"(anonymous_22)","decl":{"start":{"line":301,"column":4},"end":{"line":301,"column":5}},"loc":{"start":{"line":301,"column":54},"end":{"line":304,"column":5}},"line":301}},"branchMap":{"0":{"loc":{"start":{"line":70,"column":8},"end":{"line":72,"column":9}},"type":"if","locations":[{"start":{"line":70,"column":8},"end":{"line":72,"column":9}},{"start":{"line":70,"column":8},"end":{"line":72,"column":9}}],"line":70},"1":{"loc":{"start":{"line":73,"column":8},"end":{"line":86,"column":9}},"type":"switch","locations":[{"start":{"line":74,"column":12},"end":{"line":78,"column":22}},{"start":{"line":79,"column":12},"end":{"line":83,"column":22}},{"start":{"line":84,"column":12},"end":{"line":85,"column":55}}],"line":73},"2":{"loc":{"start":{"line":75,"column":16},"end":{"line":77,"column":17}},"type":"if","locations":[{"start":{"line":75,"column":16},"end":{"line":77,"column":17}},{"start":{"line":75,"column":16},"end":{"line":77,"column":17}}],"line":75},"3":{"loc":{"start":{"line":80,"column":16},"end":{"line":82,"column":17}},"type":"if","locations":[{"start":{"line":80,"column":16},"end":{"line":82,"column":17}},{"start":{"line":80,"column":16},"end":{"line":82,"column":17}}],"line":80},"4":{"loc":{"start":{"line":97,"column":8},"end":{"line":101,"column":9}},"type":"if","locations":[{"start":{"line":97,"column":8},"end":{"line":101,"column":9}},{"start":{"line":97,"column":8},"end":{"line":101,"column":9}}],"line":97},"5":{"loc":{"start":{"line":99,"column":15},"end":{"line":101,"column":9}},"type":"if","locations":[{"start":{"line":99,"column":15},"end":{"line":101,"column":9}},{"start":{"line":99,"column":15},"end":{"line":101,"column":9}}],"line":99},"6":{"loc":{"start":{"line":105,"column":8},"end":{"line":107,"column":9}},"type":"if","locations":[{"start":{"line":105,"column":8},"end":{"line":107,"column":9}},{"start":{"line":105,"column":8},"end":{"line":107,"column":9}}],"line":105},"7":{"loc":{"start":{"line":108,"column":8},"end":{"line":110,"column":9}},"type":"if","locations":[{"start":{"line":108,"column":8},"end":{"line":110,"column":9}},{"start":{"line":108,"column":8},"end":{"line":110,"column":9}}],"line":108},"8":{"loc":{"start":{"line":117,"column":8},"end":{"line":119,"column":9}},"type":"if","locations":[{"start":{"line":117,"column":8},"end":{"line":119,"column":9}},{"start":{"line":117,"column":8},"end":{"line":119,"column":9}}],"line":117},"9":{"loc":{"start":{"line":120,"column":8},"end":{"line":122,"column":9}},"type":"if","locations":[{"start":{"line":120,"column":8},"end":{"line":122,"column":9}},{"start":{"line":120,"column":8},"end":{"line":122,"column":9}}],"line":120}},"s":{"0":3,"1":4,"2":1,"3":1,"4":1,"5":1,"6":1,"7":1,"8":1,"9":1,"10":1,"11":1,"12":1,"13":1,"14":2,"15":0,"16":2,"17":1,"18":1,"19":1,"20":1,"21":1,"22":1,"23":0,"24":0,"25":0,"26":0,"27":0,"28":0,"29":0,"30":0,"31":0,"32":0,"33":0,"34":0,"35":0,"36":0,"37":0,"38":0,"39":0,"40":0,"41":0,"42":0,"43":1,"44":1,"45":1,"46":1,"47":1,"48":1,"49":1,"50":1,"51":1,"52":1,"53":1,"54":1,"55":1,"56":1,"57":0,"58":0,"59":0,"60":0,"61":0,"62":0,"63":0,"64":0,"65":0,"66":0,"67":0,"68":0,"69":0,"70":0,"71":0,"72":0,"73":0,"74":0,"75":0,"76":0,"77":0},"f":{"0":4,"1":1,"2":1,"3":1,"4":2,"5":0,"6":0,"7":0,"8":1,"9":1,"10":1,"11":1,"12":0,"13":0,"14":0,"15":0,"16":0,"17":0,"18":0,"19":0,"20":0,"21":0,"22":0},"b":{"0":[0,2],"1":[1,1,0],"2":[1,0],"3":[1,0],"4":[0,0],"5":[0,0],"6":[0,0],"7":[0,0],"8":[0,0],"9":[0,0]},"_coverageSchema":"1a1c01bbd47fc00a2c39e90264f33305004495a9","hash":"9621f8f6fe40c8ece1df041a85ac330d4f2e01ea"}
,"/home/giku/Documents/SE/application/src/util/avg.js": {"path":"/home/giku/Documents/SE/application/src/util/avg.js","statementMap":{"0":{"start":{"line":2,"column":4},"end":{"line":2,"column":85}},"1":{"start":{"line":2,"column":49},"end":{"line":2,"column":70}}},"fnMap":{"0":{"name":"avg","decl":{"start":{"line":1,"column":24},"end":{"line":1,"column":27}},"loc":{"start":{"line":1,"column":34},"end":{"line":3,"column":1}},"line":1},"1":{"name":"(anonymous_1)","decl":{"start":{"line":2,"column":24},"end":{"line":2,"column":25}},"loc":{"start":{"line":2,"column":49},"end":{"line":2,"column":70}},"line":2}},"branchMap":{},"s":{"0":0,"1":0},"f":{"0":0,"1":0},"b":{},"_coverageSchema":"1a1c01bbd47fc00a2c39e90264f33305004495a9","hash":"94cdff31b6c18ffba8920562c357cb9ff7ca8846"}
,"/home/giku/Documents/SE/application/src/util/haversine.js": {"path":"/home/giku/Documents/SE/application/src/util/haversine.js","statementMap":{"0":{"start":{"line":2,"column":16},"end":{"line":2,"column":49}},"1":{"start":{"line":2,"column":28},"end":{"line":2,"column":48}},"2":{"start":{"line":3,"column":12},"end":{"line":3,"column":18}},"3":{"start":{"line":4,"column":15},"end":{"line":4,"column":27}},"4":{"start":{"line":5,"column":15},"end":{"line":5,"column":27}},"5":{"start":{"line":7,"column":21},"end":{"line":7,"column":39}},"6":{"start":{"line":8,"column":21},"end":{"line":8,"column":39}},"7":{"start":{"line":10,"column":14},"end":{"line":12,"column":40}},"8":{"start":{"line":13,"column":14},"end":{"line":13,"column":41}},"9":{"start":{"line":15,"column":4},"end":{"line":15,"column":17}}},"fnMap":{"0":{"name":"haversine","decl":{"start":{"line":1,"column":24},"end":{"line":1,"column":33}},"loc":{"start":{"line":1,"column":38},"end":{"line":16,"column":1}},"line":1},"1":{"name":"(anonymous_1)","decl":{"start":{"line":2,"column":16},"end":{"line":2,"column":17}},"loc":{"start":{"line":2,"column":27},"end":{"line":2,"column":49}},"line":2}},"branchMap":{},"s":{"0":0,"1":0,"2":0,"3":0,"4":0,"5":0,"6":0,"7":0,"8":0,"9":0},"f":{"0":0,"1":0},"b":{},"_coverageSchema":"1a1c01bbd47fc00a2c39e90264f33305004495a9","hash":"5236e175d3ac205e4c0de360b6374df09b3ed852"}
}
