{"/home/giku/Documents/SE/application/src/classes/Router.js": {"path":"/home/giku/Documents/SE/application/src/classes/Router.js","statementMap":{"0":{"start":{"line":4,"column":23},"end":{"line":4,"column":62}},"1":{"start":{"line":5,"column":16},"end":{"line":5,"column":21}},"2":{"start":{"line":6,"column":16},"end":{"line":6,"column":26}},"3":{"start":{"line":7,"column":12},"end":{"line":7,"column":18}},"4":{"start":{"line":9,"column":19},"end":{"line":9,"column":39}},"5":{"start":{"line":10,"column":17},"end":{"line":10,"column":32}},"6":{"start":{"line":11,"column":20},"end":{"line":11,"column":51}},"7":{"start":{"line":12,"column":16},"end":{"line":12,"column":22}},"8":{"start":{"line":16,"column":8},"end":{"line":16,"column":77}},"9":{"start":{"line":17,"column":8},"end":{"line":17,"column":49}},"10":{"start":{"line":21,"column":22},"end":{"line":21,"column":56}},"11":{"start":{"line":23,"column":8},"end":{"line":26,"column":42}},"12":{"start":{"line":24,"column":30},"end":{"line":24,"column":45}},"13":{"start":{"line":25,"column":26},"end":{"line":25,"column":53}},"14":{"start":{"line":26,"column":24},"end":{"line":26,"column":40}},"15":{"start":{"line":30,"column":19},"end":{"line":30,"column":23}},"16":{"start":{"line":31,"column":8},"end":{"line":51,"column":9}},"17":{"start":{"line":33,"column":16},"end":{"line":42,"column":17}},"18":{"start":{"line":34,"column":20},"end":{"line":34,"column":36}},"19":{"start":{"line":36,"column":20},"end":{"line":36,"column":85}},"20":{"start":{"line":37,"column":20},"end":{"line":41,"column":23}},"21":{"start":{"line":38,"column":24},"end":{"line":40,"column":33}},"22":{"start":{"line":39,"column":28},"end":{"line":39,"column":64}},"23":{"start":{"line":44,"column":16},"end":{"line":44,"column":81}},"24":{"start":{"line":45,"column":16},"end":{"line":49,"column":19}},"25":{"start":{"line":46,"column":20},"end":{"line":48,"column":29}},"26":{"start":{"line":47,"column":24},"end":{"line":47,"column":60}},"27":{"start":{"line":54,"column":8},"end":{"line":60,"column":9}},"28":{"start":{"line":64,"column":26},"end":{"line":64,"column":84}},"29":{"start":{"line":65,"column":23},"end":{"line":65,"column":59}},"30":{"start":{"line":66,"column":23},"end":{"line":66,"column":59}},"31":{"start":{"line":67,"column":20},"end":{"line":67,"column":22}},"32":{"start":{"line":69,"column":8},"end":{"line":75,"column":9}},"33":{"start":{"line":69,"column":20},"end":{"line":69,"column":21}},"34":{"start":{"line":70,"column":12},"end":{"line":74,"column":15}},"35":{"start":{"line":77,"column":8},"end":{"line":83,"column":9}},"36":{"start":{"line":78,"column":12},"end":{"line":82,"column":15}},"37":{"start":{"line":85,"column":8},"end":{"line":85,"column":21}},"38":{"start":{"line":89,"column":8},"end":{"line":92,"column":9}},"39":{"start":{"line":96,"column":26},"end":{"line":96,"column":28}},"40":{"start":{"line":97,"column":8},"end":{"line":97,"column":65}},"41":{"start":{"line":98,"column":8},"end":{"line":100,"column":9}},"42":{"start":{"line":98,"column":20},"end":{"line":98,"column":21}},"43":{"start":{"line":99,"column":12},"end":{"line":99,"column":75}},"44":{"start":{"line":101,"column":8},"end":{"line":101,"column":57}},"45":{"start":{"line":105,"column":8},"end":{"line":107,"column":35}}},"fnMap":{"0":{"name":"(anonymous_0)","decl":{"start":{"line":15,"column":4},"end":{"line":15,"column":5}},"loc":{"start":{"line":15,"column":18},"end":{"line":18,"column":5}},"line":15},"1":{"name":"(anonymous_1)","decl":{"start":{"line":20,"column":4},"end":{"line":20,"column":5}},"loc":{"start":{"line":20,"column":23},"end":{"line":27,"column":5}},"line":20},"2":{"name":"(anonymous_2)","decl":{"start":{"line":24,"column":18},"end":{"line":24,"column":19}},"loc":{"start":{"line":24,"column":30},"end":{"line":24,"column":45}},"line":24},"3":{"name":"(anonymous_3)","decl":{"start":{"line":25,"column":18},"end":{"line":25,"column":19}},"loc":{"start":{"line":25,"column":26},"end":{"line":25,"column":53}},"line":25},"4":{"name":"(anonymous_4)","decl":{"start":{"line":26,"column":19},"end":{"line":26,"column":20}},"loc":{"start":{"line":26,"column":24},"end":{"line":26,"column":40}},"line":26},"5":{"name":"(anonymous_5)","decl":{"start":{"line":29,"column":4},"end":{"line":29,"column":5}},"loc":{"start":{"line":29,"column":25},"end":{"line":52,"column":5}},"line":29},"6":{"name":"(anonymous_6)","decl":{"start":{"line":32,"column":18},"end":{"line":32,"column":19}},"loc":{"start":{"line":32,"column":32},"end":{"line":43,"column":13}},"line":32},"7":{"name":"(anonymous_7)","decl":{"start":{"line":37,"column":40},"end":{"line":37,"column":41}},"loc":{"start":{"line":37,"column":57},"end":{"line":41,"column":21}},"line":37},"8":{"name":"(anonymous_8)","decl":{"start":{"line":38,"column":35},"end":{"line":38,"column":36}},"loc":{"start":{"line":38,"column":47},"end":{"line":40,"column":25}},"line":38},"9":{"name":"(anonymous_9)","decl":{"start":{"line":43,"column":22},"end":{"line":43,"column":23}},"loc":{"start":{"line":43,"column":28},"end":{"line":50,"column":13}},"line":43},"10":{"name":"(anonymous_10)","decl":{"start":{"line":45,"column":36},"end":{"line":45,"column":37}},"loc":{"start":{"line":45,"column":53},"end":{"line":49,"column":17}},"line":45},"11":{"name":"(anonymous_11)","decl":{"start":{"line":46,"column":31},"end":{"line":46,"column":32}},"loc":{"start":{"line":46,"column":43},"end":{"line":48,"column":21}},"line":46},"12":{"name":"(anonymous_12)","decl":{"start":{"line":53,"column":4},"end":{"line":53,"column":5}},"loc":{"start":{"line":53,"column":26},"end":{"line":61,"column":5}},"line":53},"13":{"name":"(anonymous_13)","decl":{"start":{"line":63,"column":4},"end":{"line":63,"column":5}},"loc":{"start":{"line":63,"column":27},"end":{"line":86,"column":5}},"line":63},"14":{"name":"(anonymous_14)","decl":{"start":{"line":88,"column":4},"end":{"line":88,"column":5}},"loc":{"start":{"line":88,"column":34},"end":{"line":93,"column":5}},"line":88},"15":{"name":"(anonymous_15)","decl":{"start":{"line":95,"column":4},"end":{"line":95,"column":5}},"loc":{"start":{"line":95,"column":31},"end":{"line":102,"column":5}},"line":95},"16":{"name":"(anonymous_16)","decl":{"start":{"line":104,"column":4},"end":{"line":104,"column":5}},"loc":{"start":{"line":104,"column":22},"end":{"line":108,"column":5}},"line":104}},"branchMap":{"0":{"loc":{"start":{"line":33,"column":16},"end":{"line":42,"column":17}},"type":"if","locations":[{"start":{"line":33,"column":16},"end":{"line":42,"column":17}},{"start":{"line":33,"column":16},"end":{"line":42,"column":17}}],"line":33},"1":{"loc":{"start":{"line":77,"column":8},"end":{"line":83,"column":9}},"type":"if","locations":[{"start":{"line":77,"column":8},"end":{"line":83,"column":9}},{"start":{"line":77,"column":8},"end":{"line":83,"column":9}}],"line":77}},"s":{"0":3,"1":3,"2":3,"3":3,"4":3,"5":3,"6":3,"7":3,"8":3,"9":3,"10":0,"11":0,"12":0,"13":0,"14":0,"15":0,"16":0,"17":0,"18":0,"19":0,"20":0,"21":0,"22":0,"23":0,"24":0,"25":0,"26":0,"27":0,"28":0,"29":0,"30":0,"31":0,"32":0,"33":0,"34":0,"35":0,"36":0,"37":0,"38":0,"39":0,"40":0,"41":0,"42":0,"43":0,"44":0,"45":3},"f":{"0":3,"1":0,"2":0,"3":0,"4":0,"5":0,"6":0,"7":0,"8":0,"9":0,"10":0,"11":0,"12":0,"13":0,"14":0,"15":0,"16":3},"b":{"0":[0,0],"1":[0,0]},"_coverageSchema":"1a1c01bbd47fc00a2c39e90264f33305004495a9","hash":"8477cc28251d910bea5890d70921665bf17381cc"}
,"/home/giku/Documents/SE/application/src/classes/Time.js": {"path":"/home/giku/Documents/SE/application/src/classes/Time.js","statementMap":{"0":{"start":{"line":5,"column":16},"end":{"line":5,"column":19}},"1":{"start":{"line":6,"column":16},"end":{"line":6,"column":20}},"2":{"start":{"line":9,"column":20},"end":{"line":9,"column":22}},"3":{"start":{"line":12,"column":18},"end":{"line":12,"column":21}},"4":{"start":{"line":28,"column":8},"end":{"line":28,"column":29}},"5":{"start":{"line":29,"column":8},"end":{"line":29,"column":44}},"6":{"start":{"line":30,"column":8},"end":{"line":30,"column":30}},"7":{"start":{"line":37,"column":8},"end":{"line":45,"column":10}},"8":{"start":{"line":38,"column":16},"end":{"line":42,"column":17}},"9":{"start":{"line":39,"column":20},"end":{"line":39,"column":94}},"10":{"start":{"line":39,"column":40},"end":{"line":39,"column":94}},"11":{"start":{"line":41,"column":20},"end":{"line":41,"column":31}},"12":{"start":{"line":49,"column":8},"end":{"line":49,"column":29}},"13":{"start":{"line":58,"column":8},"end":{"line":58,"column":39}},"14":{"start":{"line":66,"column":8},"end":{"line":66,"column":49}},"15":{"start":{"line":74,"column":8},"end":{"line":74,"column":48}},"16":{"start":{"line":81,"column":8},"end":{"line":81,"column":45}},"17":{"start":{"line":81,"column":38},"end":{"line":81,"column":45}},"18":{"start":{"line":82,"column":8},"end":{"line":82,"column":51}},"19":{"start":{"line":82,"column":31},"end":{"line":82,"column":51}},"20":{"start":{"line":91,"column":8},"end":{"line":91,"column":48}},"21":{"start":{"line":98,"column":8},"end":{"line":98,"column":45}},"22":{"start":{"line":98,"column":38},"end":{"line":98,"column":45}},"23":{"start":{"line":99,"column":8},"end":{"line":99,"column":51}},"24":{"start":{"line":99,"column":31},"end":{"line":99,"column":51}},"25":{"start":{"line":108,"column":8},"end":{"line":108,"column":29}},"26":{"start":{"line":115,"column":8},"end":{"line":115,"column":68}},"27":{"start":{"line":115,"column":37},"end":{"line":115,"column":68}}},"fnMap":{"0":{"name":"(anonymous_0)","decl":{"start":{"line":27,"column":4},"end":{"line":27,"column":5}},"loc":{"start":{"line":27,"column":18},"end":{"line":31,"column":5}},"line":27},"1":{"name":"(anonymous_1)","decl":{"start":{"line":36,"column":4},"end":{"line":36,"column":5}},"loc":{"start":{"line":36,"column":10},"end":{"line":46,"column":5}},"line":36},"2":{"name":"(anonymous_2)","decl":{"start":{"line":37,"column":20},"end":{"line":37,"column":21}},"loc":{"start":{"line":37,"column":26},"end":{"line":43,"column":13}},"line":37},"3":{"name":"(anonymous_3)","decl":{"start":{"line":48,"column":4},"end":{"line":48,"column":5}},"loc":{"start":{"line":48,"column":11},"end":{"line":50,"column":5}},"line":48},"4":{"name":"(anonymous_4)","decl":{"start":{"line":57,"column":4},"end":{"line":57,"column":5}},"loc":{"start":{"line":57,"column":27},"end":{"line":59,"column":5}},"line":57},"5":{"name":"(anonymous_5)","decl":{"start":{"line":65,"column":4},"end":{"line":65,"column":5}},"loc":{"start":{"line":65,"column":18},"end":{"line":67,"column":5}},"line":65},"6":{"name":"(anonymous_6)","decl":{"start":{"line":73,"column":4},"end":{"line":73,"column":5}},"loc":{"start":{"line":73,"column":16},"end":{"line":75,"column":5}},"line":73},"7":{"name":"(anonymous_7)","decl":{"start":{"line":80,"column":4},"end":{"line":80,"column":5}},"loc":{"start":{"line":80,"column":15},"end":{"line":83,"column":5}},"line":80},"8":{"name":"(anonymous_8)","decl":{"start":{"line":90,"column":4},"end":{"line":90,"column":5}},"loc":{"start":{"line":90,"column":16},"end":{"line":92,"column":5}},"line":90},"9":{"name":"(anonymous_9)","decl":{"start":{"line":97,"column":4},"end":{"line":97,"column":5}},"loc":{"start":{"line":97,"column":14},"end":{"line":100,"column":5}},"line":97},"10":{"name":"(anonymous_10)","decl":{"start":{"line":107,"column":4},"end":{"line":107,"column":5}},"loc":{"start":{"line":107,"column":18},"end":{"line":109,"column":5}},"line":107},"11":{"name":"(anonymous_11)","decl":{"start":{"line":114,"column":4},"end":{"line":114,"column":5}},"loc":{"start":{"line":114,"column":18},"end":{"line":116,"column":5}},"line":114}},"branchMap":{"0":{"loc":{"start":{"line":38,"column":16},"end":{"line":42,"column":17}},"type":"if","locations":[{"start":{"line":38,"column":16},"end":{"line":42,"column":17}},{"start":{"line":38,"column":16},"end":{"line":42,"column":17}}],"line":38},"1":{"loc":{"start":{"line":39,"column":20},"end":{"line":39,"column":94}},"type":"if","locations":[{"start":{"line":39,"column":20},"end":{"line":39,"column":94}},{"start":{"line":39,"column":20},"end":{"line":39,"column":94}}],"line":39},"2":{"loc":{"start":{"line":57,"column":18},"end":{"line":57,"column":26}},"type":"default-arg","locations":[{"start":{"line":57,"column":25},"end":{"line":57,"column":26}}],"line":57},"3":{"loc":{"start":{"line":81,"column":8},"end":{"line":81,"column":45}},"type":"if","locations":[{"start":{"line":81,"column":8},"end":{"line":81,"column":45}},{"start":{"line":81,"column":8},"end":{"line":81,"column":45}}],"line":81},"4":{"loc":{"start":{"line":82,"column":8},"end":{"line":82,"column":51}},"type":"if","locations":[{"start":{"line":82,"column":8},"end":{"line":82,"column":51}},{"start":{"line":82,"column":8},"end":{"line":82,"column":51}}],"line":82},"5":{"loc":{"start":{"line":98,"column":8},"end":{"line":98,"column":45}},"type":"if","locations":[{"start":{"line":98,"column":8},"end":{"line":98,"column":45}},{"start":{"line":98,"column":8},"end":{"line":98,"column":45}}],"line":98},"6":{"loc":{"start":{"line":99,"column":8},"end":{"line":99,"column":51}},"type":"if","locations":[{"start":{"line":99,"column":8},"end":{"line":99,"column":51}},{"start":{"line":99,"column":8},"end":{"line":99,"column":51}}],"line":99},"7":{"loc":{"start":{"line":115,"column":8},"end":{"line":115,"column":68}},"type":"if","locations":[{"start":{"line":115,"column":8},"end":{"line":115,"column":68}},{"start":{"line":115,"column":8},"end":{"line":115,"column":68}}],"line":115}},"s":{"0":4,"1":4,"2":4,"3":4,"4":4,"5":4,"6":4,"7":3,"8":0,"9":0,"10":0,"11":0,"12":3,"13":8,"14":0,"15":0,"16":0,"17":0,"18":0,"19":0,"20":0,"21":0,"22":0,"23":0,"24":0,"25":0,"26":0,"27":0},"f":{"0":4,"1":3,"2":0,"3":3,"4":8,"5":0,"6":0,"7":0,"8":0,"9":0,"10":0,"11":0},"b":{"0":[0,0],"1":[0,0],"2":[8],"3":[0,0],"4":[0,0],"5":[0,0],"6":[0,0],"7":[0,0]},"_coverageSchema":"1a1c01bbd47fc00a2c39e90264f33305004495a9","hash":"b9ba5ea7ef6537456e32e36bcbdb106ee45d6a5e"}
,"/home/giku/Documents/SE/application/src/classes/goods/Good.js": {"path":"/home/giku/Documents/SE/application/src/classes/goods/Good.js","statementMap":{"0":{"start":{"line":8,"column":15},"end":{"line":8,"column":21}},"1":{"start":{"line":9,"column":13},"end":{"line":9,"column":19}},"2":{"start":{"line":10,"column":13},"end":{"line":10,"column":19}},"3":{"start":{"line":26,"column":13},"end":{"line":26,"column":19}},"4":{"start":{"line":27,"column":15},"end":{"line":27,"column":21}},"5":{"start":{"line":28,"column":15},"end":{"line":28,"column":20}},"6":{"start":{"line":30,"column":18},"end":{"line":30,"column":22}},"7":{"start":{"line":31,"column":17},"end":{"line":31,"column":21}},"8":{"start":{"line":32,"column":19},"end":{"line":32,"column":23}},"9":{"start":{"line":34,"column":12},"end":{"line":34,"column":18}},"10":{"start":{"line":38,"column":20},"end":{"line":38,"column":25}},"11":{"start":{"line":42,"column":17},"end":{"line":42,"column":23}},"12":{"start":{"line":45,"column":8},"end":{"line":45,"column":16}},"13":{"start":{"line":46,"column":8},"end":{"line":46,"column":33}},"14":{"start":{"line":47,"column":8},"end":{"line":47,"column":29}},"15":{"start":{"line":48,"column":8},"end":{"line":48,"column":29}},"16":{"start":{"line":49,"column":8},"end":{"line":49,"column":29}},"17":{"start":{"line":50,"column":8},"end":{"line":50,"column":33}},"18":{"start":{"line":51,"column":8},"end":{"line":51,"column":40}},"19":{"start":{"line":52,"column":8},"end":{"line":52,"column":62}},"20":{"start":{"line":53,"column":8},"end":{"line":53,"column":53}},"21":{"start":{"line":57,"column":8},"end":{"line":57,"column":53}},"22":{"start":{"line":61,"column":8},"end":{"line":61,"column":55}},"23":{"start":{"line":65,"column":8},"end":{"line":67,"column":9}},"24":{"start":{"line":66,"column":12},"end":{"line":66,"column":24}},"25":{"start":{"line":68,"column":8},"end":{"line":68,"column":51}},"26":{"start":{"line":72,"column":8},"end":{"line":74,"column":9}},"27":{"start":{"line":73,"column":12},"end":{"line":73,"column":24}},"28":{"start":{"line":75,"column":8},"end":{"line":75,"column":52}},"29":{"start":{"line":83,"column":8},"end":{"line":83,"column":54}},"30":{"start":{"line":84,"column":8},"end":{"line":84,"column":91}},"31":{"start":{"line":85,"column":8},"end":{"line":90,"column":9}},"32":{"start":{"line":85,"column":21},"end":{"line":85,"column":22}},"33":{"start":{"line":86,"column":25},"end":{"line":86,"column":54}},"34":{"start":{"line":87,"column":12},"end":{"line":87,"column":34}},"35":{"start":{"line":88,"column":12},"end":{"line":88,"column":43}},"36":{"start":{"line":89,"column":12},"end":{"line":89,"column":77}},"37":{"start":{"line":89,"column":52},"end":{"line":89,"column":77}},"38":{"start":{"line":99,"column":21},"end":{"line":99,"column":46}},"39":{"start":{"line":100,"column":8},"end":{"line":100,"column":34}},"40":{"start":{"line":101,"column":8},"end":{"line":101,"column":43}},"41":{"start":{"line":102,"column":8},"end":{"line":108,"column":9}},"42":{"start":{"line":104,"column":12},"end":{"line":104,"column":35}},"43":{"start":{"line":107,"column":12},"end":{"line":107,"column":77}},"44":{"start":{"line":107,"column":52},"end":{"line":107,"column":77}},"45":{"start":{"line":115,"column":8},"end":{"line":115,"column":91}},"46":{"start":{"line":116,"column":8},"end":{"line":118,"column":9}},"47":{"start":{"line":116,"column":21},"end":{"line":116,"column":22}},"48":{"start":{"line":117,"column":12},"end":{"line":117,"column":107}},"49":{"start":{"line":117,"column":67},"end":{"line":117,"column":107}},"50":{"start":{"line":125,"column":8},"end":{"line":125,"column":31}},"51":{"start":{"line":132,"column":8},"end":{"line":132,"column":36}},"52":{"start":{"line":136,"column":7},"end":{"line":136,"column":28}},"53":{"start":{"line":137,"column":7},"end":{"line":137,"column":38}},"54":{"start":{"line":138,"column":7},"end":{"line":138,"column":43}}},"fnMap":{"0":{"name":"(anonymous_0)","decl":{"start":{"line":44,"column":4},"end":{"line":44,"column":5}},"loc":{"start":{"line":44,"column":67},"end":{"line":54,"column":5}},"line":44},"1":{"name":"(anonymous_1)","decl":{"start":{"line":56,"column":4},"end":{"line":56,"column":5}},"loc":{"start":{"line":56,"column":12},"end":{"line":58,"column":5}},"line":56},"2":{"name":"(anonymous_2)","decl":{"start":{"line":60,"column":4},"end":{"line":60,"column":5}},"loc":{"start":{"line":60,"column":13},"end":{"line":62,"column":5}},"line":60},"3":{"name":"(anonymous_3)","decl":{"start":{"line":64,"column":4},"end":{"line":64,"column":5}},"loc":{"start":{"line":64,"column":20},"end":{"line":69,"column":5}},"line":64},"4":{"name":"(anonymous_4)","decl":{"start":{"line":71,"column":4},"end":{"line":71,"column":5}},"loc":{"start":{"line":71,"column":21},"end":{"line":76,"column":5}},"line":71},"5":{"name":"(anonymous_5)","decl":{"start":{"line":82,"column":4},"end":{"line":82,"column":5}},"loc":{"start":{"line":82,"column":26},"end":{"line":91,"column":5}},"line":82},"6":{"name":"(anonymous_6)","decl":{"start":{"line":98,"column":4},"end":{"line":98,"column":5}},"loc":{"start":{"line":98,"column":30},"end":{"line":109,"column":5}},"line":98},"7":{"name":"(anonymous_7)","decl":{"start":{"line":114,"column":4},"end":{"line":114,"column":5}},"loc":{"start":{"line":114,"column":21},"end":{"line":119,"column":5}},"line":114},"8":{"name":"(anonymous_8)","decl":{"start":{"line":124,"column":4},"end":{"line":124,"column":5}},"loc":{"start":{"line":124,"column":20},"end":{"line":126,"column":5}},"line":124},"9":{"name":"(anonymous_9)","decl":{"start":{"line":131,"column":4},"end":{"line":131,"column":5}},"loc":{"start":{"line":131,"column":20},"end":{"line":133,"column":5}},"line":131},"10":{"name":"(anonymous_10)","decl":{"start":{"line":135,"column":4},"end":{"line":135,"column":5}},"loc":{"start":{"line":135,"column":13},"end":{"line":139,"column":5}},"line":135}},"branchMap":{"0":{"loc":{"start":{"line":65,"column":8},"end":{"line":67,"column":9}},"type":"if","locations":[{"start":{"line":65,"column":8},"end":{"line":67,"column":9}},{"start":{"line":65,"column":8},"end":{"line":67,"column":9}}],"line":65},"1":{"loc":{"start":{"line":72,"column":8},"end":{"line":74,"column":9}},"type":"if","locations":[{"start":{"line":72,"column":8},"end":{"line":74,"column":9}},{"start":{"line":72,"column":8},"end":{"line":74,"column":9}}],"line":72},"2":{"loc":{"start":{"line":89,"column":12},"end":{"line":89,"column":77}},"type":"if","locations":[{"start":{"line":89,"column":12},"end":{"line":89,"column":77}},{"start":{"line":89,"column":12},"end":{"line":89,"column":77}}],"line":89},"3":{"loc":{"start":{"line":102,"column":8},"end":{"line":108,"column":9}},"type":"if","locations":[{"start":{"line":102,"column":8},"end":{"line":108,"column":9}},{"start":{"line":102,"column":8},"end":{"line":108,"column":9}}],"line":102},"4":{"loc":{"start":{"line":107,"column":12},"end":{"line":107,"column":77}},"type":"if","locations":[{"start":{"line":107,"column":12},"end":{"line":107,"column":77}},{"start":{"line":107,"column":12},"end":{"line":107,"column":77}}],"line":107},"5":{"loc":{"start":{"line":117,"column":12},"end":{"line":117,"column":107}},"type":"if","locations":[{"start":{"line":117,"column":12},"end":{"line":117,"column":107}},{"start":{"line":117,"column":12},"end":{"line":117,"column":107}}],"line":117}},"s":{"0":8,"1":8,"2":8,"3":8,"4":8,"5":8,"6":8,"7":8,"8":8,"9":8,"10":8,"11":8,"12":8,"13":8,"14":8,"15":8,"16":8,"17":8,"18":8,"19":8,"20":8,"21":0,"22":0,"23":0,"24":0,"25":0,"26":0,"27":0,"28":0,"29":2,"30":2,"31":2,"32":2,"33":4,"34":4,"35":4,"36":4,"37":0,"38":1,"39":1,"40":1,"41":1,"42":0,"43":1,"44":0,"45":0,"46":0,"47":0,"48":0,"49":0,"50":0,"51":0,"52":0,"53":0,"54":0},"f":{"0":8,"1":0,"2":0,"3":0,"4":0,"5":2,"6":1,"7":0,"8":0,"9":0,"10":0},"b":{"0":[0,0],"1":[0,0],"2":[0,4],"3":[0,1],"4":[0,1],"5":[0,0]},"_coverageSchema":"1a1c01bbd47fc00a2c39e90264f33305004495a9","hash":"5f058c6c275817381006631c1a9a8f21cbae8bff"}
,"/home/giku/Documents/SE/application/src/classes/simulation/FreightPlatform.js": {"path":"/home/giku/Documents/SE/application/src/classes/simulation/FreightPlatform.js","statementMap":{"0":{"start":{"line":21,"column":22},"end":{"line":21,"column":24}},"1":{"start":{"line":29,"column":8},"end":{"line":29,"column":30}},"2":{"start":{"line":30,"column":8},"end":{"line":30,"column":28}},"3":{"start":{"line":31,"column":8},"end":{"line":31,"column":32}},"4":{"start":{"line":32,"column":8},"end":{"line":32,"column":73}},"5":{"start":{"line":32,"column":34},"end":{"line":32,"column":71}},"6":{"start":{"line":39,"column":8},"end":{"line":41,"column":11}},"7":{"start":{"line":40,"column":12},"end":{"line":40,"column":45}},"8":{"start":{"line":48,"column":8},"end":{"line":55,"column":9}},"9":{"start":{"line":49,"column":23},"end":{"line":49,"column":40}},"10":{"start":{"line":50,"column":12},"end":{"line":50,"column":44}},"11":{"start":{"line":51,"column":25},"end":{"line":51,"column":45}},"12":{"start":{"line":52,"column":12},"end":{"line":52,"column":95}},"13":{"start":{"line":53,"column":12},"end":{"line":53,"column":112}},"14":{"start":{"line":53,"column":41},"end":{"line":53,"column":109}},"15":{"start":{"line":54,"column":12},"end":{"line":54,"column":31}},"16":{"start":{"line":63,"column":8},"end":{"line":70,"column":9}},"17":{"start":{"line":63,"column":21},"end":{"line":63,"column":22}},"18":{"start":{"line":64,"column":29},"end":{"line":64,"column":43}},"19":{"start":{"line":65,"column":12},"end":{"line":68,"column":13}},"20":{"start":{"line":66,"column":16},"end":{"line":66,"column":84}},"21":{"start":{"line":66,"column":78},"end":{"line":66,"column":84}},"22":{"start":{"line":67,"column":16},"end":{"line":67,"column":52}},"23":{"start":{"line":69,"column":12},"end":{"line":69,"column":41}},"24":{"start":{"line":74,"column":8},"end":{"line":74,"column":36}}},"fnMap":{"0":{"name":"(anonymous_0)","decl":{"start":{"line":28,"column":4},"end":{"line":28,"column":5}},"loc":{"start":{"line":28,"column":31},"end":{"line":33,"column":5}},"line":28},"1":{"name":"(anonymous_1)","decl":{"start":{"line":32,"column":25},"end":{"line":32,"column":26}},"loc":{"start":{"line":32,"column":34},"end":{"line":32,"column":71}},"line":32},"2":{"name":"(anonymous_2)","decl":{"start":{"line":38,"column":4},"end":{"line":38,"column":5}},"loc":{"start":{"line":38,"column":22},"end":{"line":42,"column":5}},"line":38},"3":{"name":"(anonymous_3)","decl":{"start":{"line":39,"column":28},"end":{"line":39,"column":29}},"loc":{"start":{"line":39,"column":36},"end":{"line":41,"column":9}},"line":39},"4":{"name":"(anonymous_4)","decl":{"start":{"line":47,"column":4},"end":{"line":47,"column":5}},"loc":{"start":{"line":47,"column":32},"end":{"line":56,"column":5}},"line":47},"5":{"name":"(anonymous_5)","decl":{"start":{"line":53,"column":32},"end":{"line":53,"column":33}},"loc":{"start":{"line":53,"column":40},"end":{"line":53,"column":110}},"line":53},"6":{"name":"(anonymous_6)","decl":{"start":{"line":62,"column":4},"end":{"line":62,"column":5}},"loc":{"start":{"line":62,"column":17},"end":{"line":71,"column":5}},"line":62},"7":{"name":"(anonymous_7)","decl":{"start":{"line":73,"column":4},"end":{"line":73,"column":5}},"loc":{"start":{"line":73,"column":23},"end":{"line":75,"column":5}},"line":73}},"branchMap":{"0":{"loc":{"start":{"line":66,"column":16},"end":{"line":66,"column":84}},"type":"if","locations":[{"start":{"line":66,"column":16},"end":{"line":66,"column":84}},{"start":{"line":66,"column":16},"end":{"line":66,"column":84}}],"line":66}},"s":{"0":0,"1":0,"2":0,"3":0,"4":0,"5":0,"6":0,"7":0,"8":0,"9":0,"10":0,"11":0,"12":0,"13":0,"14":0,"15":0,"16":0,"17":0,"18":0,"19":0,"20":0,"21":0,"22":0,"23":0,"24":0},"f":{"0":0,"1":0,"2":0,"3":0,"4":0,"5":0,"6":0,"7":0},"b":{"0":[0,0]},"_coverageSchema":"1a1c01bbd47fc00a2c39e90264f33305004495a9","hash":"30230db94419e95c9adc37f605dd911ef7cca411"}
,"/home/giku/Documents/SE/application/src/classes/simulation/Simulation.js": {"path":"/home/giku/Documents/SE/application/src/classes/simulation/Simulation.js","statementMap":{"0":{"start":{"line":19,"column":20},"end":{"line":19,"column":22}},"1":{"start":{"line":20,"column":18},"end":{"line":20,"column":20}},"2":{"start":{"line":21,"column":17},"end":{"line":21,"column":19}},"3":{"start":{"line":22,"column":13},"end":{"line":22,"column":17}},"4":{"start":{"line":23,"column":15},"end":{"line":23,"column":19}},"5":{"start":{"line":24,"column":20},"end":{"line":24,"column":26}},"6":{"start":{"line":25,"column":15},"end":{"line":25,"column":20}},"7":{"start":{"line":26,"column":23},"end":{"line":26,"column":29}},"8":{"start":{"line":29,"column":8},"end":{"line":29,"column":32}},"9":{"start":{"line":30,"column":8},"end":{"line":30,"column":28}},"10":{"start":{"line":34,"column":8},"end":{"line":34,"column":87}},"11":{"start":{"line":35,"column":8},"end":{"line":35,"column":58}},"12":{"start":{"line":36,"column":8},"end":{"line":36,"column":30}},"13":{"start":{"line":40,"column":8},"end":{"line":40,"column":40}},"14":{"start":{"line":41,"column":8},"end":{"line":41,"column":21}},"15":{"start":{"line":42,"column":8},"end":{"line":42,"column":29}},"16":{"start":{"line":43,"column":8},"end":{"line":43,"column":43}},"17":{"start":{"line":44,"column":8},"end":{"line":44,"column":39}},"18":{"start":{"line":45,"column":8},"end":{"line":45,"column":24}},"19":{"start":{"line":49,"column":8},"end":{"line":59,"column":9}},"20":{"start":{"line":50,"column":12},"end":{"line":50,"column":34}},"21":{"start":{"line":51,"column":12},"end":{"line":51,"column":48}},"22":{"start":{"line":52,"column":12},"end":{"line":52,"column":74}},"23":{"start":{"line":53,"column":12},"end":{"line":53,"column":80}},"24":{"start":{"line":54,"column":12},"end":{"line":54,"column":33}},"25":{"start":{"line":55,"column":12},"end":{"line":55,"column":34}},"26":{"start":{"line":56,"column":12},"end":{"line":56,"column":65}},"27":{"start":{"line":57,"column":12},"end":{"line":57,"column":33}},"28":{"start":{"line":58,"column":12},"end":{"line":58,"column":34}},"29":{"start":{"line":63,"column":8},"end":{"line":63,"column":20}},"30":{"start":{"line":64,"column":8},"end":{"line":64,"column":60}},"31":{"start":{"line":65,"column":8},"end":{"line":65,"column":76}},"32":{"start":{"line":66,"column":8},"end":{"line":66,"column":64}},"33":{"start":{"line":70,"column":8},"end":{"line":70,"column":56}},"34":{"start":{"line":70,"column":40},"end":{"line":70,"column":54}},"35":{"start":{"line":71,"column":8},"end":{"line":71,"column":82}},"36":{"start":{"line":71,"column":66},"end":{"line":71,"column":80}},"37":{"start":{"line":75,"column":8},"end":{"line":75,"column":59}},"38":{"start":{"line":75,"column":42},"end":{"line":75,"column":57}},"39":{"start":{"line":79,"column":8},"end":{"line":79,"column":32}},"40":{"start":{"line":83,"column":20},"end":{"line":83,"column":22}},"41":{"start":{"line":84,"column":8},"end":{"line":84,"column":32}},"42":{"start":{"line":85,"column":8},"end":{"line":96,"column":11}},"43":{"start":{"line":86,"column":23},"end":{"line":93,"column":13}},"44":{"start":{"line":94,"column":12},"end":{"line":94,"column":29}},"45":{"start":{"line":95,"column":12},"end":{"line":95,"column":42}},"46":{"start":{"line":97,"column":8},"end":{"line":97,"column":21}},"47":{"start":{"line":101,"column":8},"end":{"line":101,"column":34}},"48":{"start":{"line":105,"column":8},"end":{"line":113,"column":9}},"49":{"start":{"line":107,"column":16},"end":{"line":107,"column":59}},"50":{"start":{"line":109,"column":20},"end":{"line":109,"column":68}},"51":{"start":{"line":111,"column":16},"end":{"line":111,"column":99}},"52":{"start":{"line":112,"column":16},"end":{"line":112,"column":64}},"53":{"start":{"line":117,"column":21},"end":{"line":117,"column":23}},"54":{"start":{"line":118,"column":8},"end":{"line":122,"column":11}},"55":{"start":{"line":119,"column":12},"end":{"line":121,"column":13}},"56":{"start":{"line":119,"column":24},"end":{"line":119,"column":25}},"57":{"start":{"line":120,"column":16},"end":{"line":120,"column":66}},"58":{"start":{"line":123,"column":8},"end":{"line":123,"column":22}},"59":{"start":{"line":127,"column":28},"end":{"line":132,"column":9}},"60":{"start":{"line":133,"column":8},"end":{"line":133,"column":38}},"61":{"start":{"line":134,"column":8},"end":{"line":134,"column":27}},"62":{"start":{"line":138,"column":21},"end":{"line":138,"column":23}},"63":{"start":{"line":139,"column":8},"end":{"line":143,"column":11}},"64":{"start":{"line":140,"column":12},"end":{"line":142,"column":13}},"65":{"start":{"line":140,"column":24},"end":{"line":140,"column":25}},"66":{"start":{"line":141,"column":16},"end":{"line":141,"column":71}},"67":{"start":{"line":144,"column":8},"end":{"line":144,"column":22}},"68":{"start":{"line":148,"column":33},"end":{"line":153,"column":9}},"69":{"start":{"line":154,"column":8},"end":{"line":154,"column":43}},"70":{"start":{"line":155,"column":8},"end":{"line":155,"column":32}},"71":{"start":{"line":159,"column":8},"end":{"line":159,"column":60}},"72":{"start":{"line":159,"column":42},"end":{"line":159,"column":58}},"73":{"start":{"line":163,"column":8},"end":{"line":168,"column":9}},"74":{"start":{"line":164,"column":12},"end":{"line":164,"column":49}},"75":{"start":{"line":165,"column":12},"end":{"line":167,"column":13}},"76":{"start":{"line":166,"column":16},"end":{"line":166,"column":30}},"77":{"start":{"line":172,"column":8},"end":{"line":172,"column":43}},"78":{"start":{"line":175,"column":8},"end":{"line":175,"column":47}},"79":{"start":{"line":178,"column":34},"end":{"line":180,"column":13}},"80":{"start":{"line":179,"column":12},"end":{"line":179,"column":50}},"81":{"start":{"line":182,"column":24},"end":{"line":203,"column":9}},"82":{"start":{"line":185,"column":16},"end":{"line":185,"column":59}},"83":{"start":{"line":187,"column":62},"end":{"line":187,"column":88}},"84":{"start":{"line":194,"column":20},"end":{"line":194,"column":64}},"85":{"start":{"line":195,"column":20},"end":{"line":195,"column":39}},"86":{"start":{"line":200,"column":20},"end":{"line":200,"column":63}},"87":{"start":{"line":201,"column":21},"end":{"line":201,"column":40}},"88":{"start":{"line":204,"column":8},"end":{"line":204,"column":94}}},"fnMap":{"0":{"name":"(anonymous_0)","decl":{"start":{"line":28,"column":4},"end":{"line":28,"column":5}},"loc":{"start":{"line":28,"column":31},"end":{"line":31,"column":5}},"line":28},"1":{"name":"(anonymous_1)","decl":{"start":{"line":33,"column":4},"end":{"line":33,"column":5}},"loc":{"start":{"line":33,"column":14},"end":{"line":37,"column":5}},"line":33},"2":{"name":"(anonymous_2)","decl":{"start":{"line":39,"column":4},"end":{"line":39,"column":5}},"loc":{"start":{"line":39,"column":11},"end":{"line":46,"column":5}},"line":39},"3":{"name":"(anonymous_3)","decl":{"start":{"line":48,"column":4},"end":{"line":48,"column":5}},"loc":{"start":{"line":48,"column":10},"end":{"line":60,"column":5}},"line":48},"4":{"name":"(anonymous_4)","decl":{"start":{"line":62,"column":4},"end":{"line":62,"column":5}},"loc":{"start":{"line":62,"column":11},"end":{"line":67,"column":5}},"line":62},"5":{"name":"(anonymous_5)","decl":{"start":{"line":69,"column":4},"end":{"line":69,"column":5}},"loc":{"start":{"line":69,"column":19},"end":{"line":72,"column":5}},"line":69},"6":{"name":"(anonymous_6)","decl":{"start":{"line":70,"column":32},"end":{"line":70,"column":33}},"loc":{"start":{"line":70,"column":40},"end":{"line":70,"column":54}},"line":70},"7":{"name":"(anonymous_7)","decl":{"start":{"line":71,"column":58},"end":{"line":71,"column":59}},"loc":{"start":{"line":71,"column":66},"end":{"line":71,"column":80}},"line":71},"8":{"name":"(anonymous_8)","decl":{"start":{"line":74,"column":4},"end":{"line":74,"column":5}},"loc":{"start":{"line":74,"column":20},"end":{"line":76,"column":5}},"line":74},"9":{"name":"(anonymous_9)","decl":{"start":{"line":75,"column":33},"end":{"line":75,"column":34}},"loc":{"start":{"line":75,"column":42},"end":{"line":75,"column":57}},"line":75},"10":{"name":"(anonymous_10)","decl":{"start":{"line":78,"column":4},"end":{"line":78,"column":5}},"loc":{"start":{"line":78,"column":15},"end":{"line":80,"column":5}},"line":78},"11":{"name":"(anonymous_11)","decl":{"start":{"line":82,"column":4},"end":{"line":82,"column":5}},"loc":{"start":{"line":82,"column":26},"end":{"line":98,"column":5}},"line":82},"12":{"name":"(anonymous_12)","decl":{"start":{"line":85,"column":34},"end":{"line":85,"column":35}},"loc":{"start":{"line":85,"column":42},"end":{"line":96,"column":9}},"line":85},"13":{"name":"(anonymous_13)","decl":{"start":{"line":100,"column":4},"end":{"line":100,"column":5}},"loc":{"start":{"line":100,"column":17},"end":{"line":102,"column":5}},"line":100},"14":{"name":"(anonymous_14)","decl":{"start":{"line":104,"column":4},"end":{"line":104,"column":5}},"loc":{"start":{"line":104,"column":35},"end":{"line":114,"column":5}},"line":104},"15":{"name":"(anonymous_15)","decl":{"start":{"line":116,"column":4},"end":{"line":116,"column":5}},"loc":{"start":{"line":116,"column":34},"end":{"line":124,"column":5}},"line":116},"16":{"name":"(anonymous_16)","decl":{"start":{"line":118,"column":35},"end":{"line":118,"column":36}},"loc":{"start":{"line":118,"column":44},"end":{"line":122,"column":9}},"line":118},"17":{"name":"(anonymous_17)","decl":{"start":{"line":126,"column":4},"end":{"line":126,"column":5}},"loc":{"start":{"line":126,"column":35},"end":{"line":135,"column":5}},"line":126},"18":{"name":"(anonymous_18)","decl":{"start":{"line":137,"column":4},"end":{"line":137,"column":5}},"loc":{"start":{"line":137,"column":39},"end":{"line":145,"column":5}},"line":137},"19":{"name":"(anonymous_19)","decl":{"start":{"line":139,"column":35},"end":{"line":139,"column":36}},"loc":{"start":{"line":139,"column":44},"end":{"line":143,"column":9}},"line":139},"20":{"name":"(anonymous_20)","decl":{"start":{"line":147,"column":4},"end":{"line":147,"column":5}},"loc":{"start":{"line":147,"column":40},"end":{"line":156,"column":5}},"line":147},"21":{"name":"(anonymous_21)","decl":{"start":{"line":158,"column":4},"end":{"line":158,"column":5}},"loc":{"start":{"line":158,"column":20},"end":{"line":160,"column":5}},"line":158},"22":{"name":"(anonymous_22)","decl":{"start":{"line":159,"column":33},"end":{"line":159,"column":34}},"loc":{"start":{"line":159,"column":42},"end":{"line":159,"column":58}},"line":159},"23":{"name":"(anonymous_23)","decl":{"start":{"line":162,"column":4},"end":{"line":162,"column":5}},"loc":{"start":{"line":162,"column":27},"end":{"line":169,"column":5}},"line":162},"24":{"name":"(anonymous_24)","decl":{"start":{"line":171,"column":4},"end":{"line":171,"column":5}},"loc":{"start":{"line":171,"column":12},"end":{"line":205,"column":5}},"line":171},"25":{"name":"(anonymous_25)","decl":{"start":{"line":178,"column":58},"end":{"line":178,"column":59}},"loc":{"start":{"line":178,"column":79},"end":{"line":180,"column":9}},"line":178},"26":{"name":"(anonymous_26)","decl":{"start":{"line":184,"column":47},"end":{"line":184,"column":48}},"loc":{"start":{"line":184,"column":68},"end":{"line":186,"column":13}},"line":184},"27":{"name":"(anonymous_27)","decl":{"start":{"line":187,"column":53},"end":{"line":187,"column":54}},"loc":{"start":{"line":187,"column":62},"end":{"line":187,"column":88}},"line":187},"28":{"name":"(anonymous_28)","decl":{"start":{"line":193,"column":69},"end":{"line":193,"column":70}},"loc":{"start":{"line":193,"column":94},"end":{"line":196,"column":17}},"line":193},"29":{"name":"(anonymous_29)","decl":{"start":{"line":199,"column":69},"end":{"line":199,"column":70}},"loc":{"start":{"line":199,"column":94},"end":{"line":202,"column":17}},"line":199}},"branchMap":{"0":{"loc":{"start":{"line":49,"column":8},"end":{"line":59,"column":9}},"type":"if","locations":[{"start":{"line":49,"column":8},"end":{"line":59,"column":9}},{"start":{"line":49,"column":8},"end":{"line":59,"column":9}}],"line":49},"1":{"loc":{"start":{"line":105,"column":8},"end":{"line":113,"column":9}},"type":"switch","locations":[{"start":{"line":106,"column":12},"end":{"line":107,"column":59}},{"start":{"line":108,"column":12},"end":{"line":109,"column":68}},{"start":{"line":110,"column":12},"end":{"line":112,"column":64}}],"line":105},"2":{"loc":{"start":{"line":163,"column":8},"end":{"line":168,"column":9}},"type":"if","locations":[{"start":{"line":163,"column":8},"end":{"line":168,"column":9}},{"start":{"line":163,"column":8},"end":{"line":168,"column":9}}],"line":163},"3":{"loc":{"start":{"line":165,"column":12},"end":{"line":167,"column":13}},"type":"if","locations":[{"start":{"line":165,"column":12},"end":{"line":167,"column":13}},{"start":{"line":165,"column":12},"end":{"line":167,"column":13}}],"line":165},"4":{"loc":{"start":{"line":165,"column":15},"end":{"line":165,"column":74}},"type":"binary-expr","locations":[{"start":{"line":165,"column":15},"end":{"line":165,"column":43}},{"start":{"line":165,"column":47},"end":{"line":165,"column":74}}],"line":165},"5":{"loc":{"start":{"line":191,"column":34},"end":{"line":196,"column":22}},"type":"cond-expr","locations":[{"start":{"line":192,"column":16},"end":{"line":192,"column":17}},{"start":{"line":193,"column":16},"end":{"line":196,"column":22}}],"line":191},"6":{"loc":{"start":{"line":197,"column":33},"end":{"line":202,"column":22}},"type":"cond-expr","locations":[{"start":{"line":198,"column":16},"end":{"line":198,"column":17}},{"start":{"line":199,"column":16},"end":{"line":202,"column":22}}],"line":197}},"s":{"0":2,"1":2,"2":2,"3":2,"4":2,"5":2,"6":2,"7":2,"8":2,"9":2,"10":0,"11":0,"12":0,"13":0,"14":0,"15":0,"16":0,"17":0,"18":0,"19":0,"20":0,"21":0,"22":0,"23":0,"24":0,"25":0,"26":0,"27":0,"28":0,"29":0,"30":0,"31":0,"32":0,"33":0,"34":0,"35":0,"36":0,"37":0,"38":0,"39":0,"40":0,"41":0,"42":0,"43":0,"44":0,"45":0,"46":0,"47":0,"48":0,"49":0,"50":0,"51":0,"52":0,"53":0,"54":0,"55":0,"56":0,"57":0,"58":0,"59":0,"60":0,"61":0,"62":0,"63":0,"64":0,"65":0,"66":0,"67":0,"68":0,"69":0,"70":0,"71":0,"72":0,"73":0,"74":0,"75":0,"76":0,"77":0,"78":0,"79":0,"80":0,"81":0,"82":0,"83":0,"84":0,"85":0,"86":0,"87":0,"88":0},"f":{"0":2,"1":0,"2":0,"3":0,"4":0,"5":0,"6":0,"7":0,"8":0,"9":0,"10":0,"11":0,"12":0,"13":0,"14":0,"15":0,"16":0,"17":0,"18":0,"19":0,"20":0,"21":0,"22":0,"23":0,"24":0,"25":0,"26":0,"27":0,"28":0,"29":0},"b":{"0":[0,0],"1":[0,0,0],"2":[0,0],"3":[0,0],"4":[0,0],"5":[0,0],"6":[0,0]},"_coverageSchema":"1a1c01bbd47fc00a2c39e90264f33305004495a9","hash":"f1c1c1a54c46db28764eb0a96737eb7b2b1a95f0"}
,"/home/giku/Documents/SE/application/src/classes/simulation/SimulationType.js": {"path":"/home/giku/Documents/SE/application/src/classes/simulation/SimulationType.js","statementMap":{"0":{"start":{"line":4,"column":30},"end":{"line":8,"column":1}}},"fnMap":{},"branchMap":{},"s":{"0":4},"f":{},"b":{},"_coverageSchema":"1a1c01bbd47fc00a2c39e90264f33305004495a9","hash":"12a38e91436b6403312470eb3e3dfe2b31935f55"}
,"/home/giku/Documents/SE/application/src/classes/simulation/TruckTracker.js": {"path":"/home/giku/Documents/SE/application/src/classes/simulation/TruckTracker.js","statementMap":{"0":{"start":{"line":3,"column":17},"end":{"line":3,"column":23}},"1":{"start":{"line":4,"column":20},"end":{"line":4,"column":26}},"2":{"start":{"line":5,"column":18},"end":{"line":5,"column":19}},"3":{"start":{"line":6,"column":15},"end":{"line":6,"column":20}},"4":{"start":{"line":9,"column":8},"end":{"line":9,"column":36}},"5":{"start":{"line":10,"column":8},"end":{"line":10,"column":65}},"6":{"start":{"line":14,"column":20},"end":{"line":14,"column":50}},"7":{"start":{"line":15,"column":8},"end":{"line":23,"column":9}},"8":{"start":{"line":16,"column":12},"end":{"line":20,"column":13}},"9":{"start":{"line":17,"column":16},"end":{"line":17,"column":38}},"10":{"start":{"line":18,"column":16},"end":{"line":18,"column":46}},"11":{"start":{"line":19,"column":16},"end":{"line":19,"column":37}},"12":{"start":{"line":22,"column":12},"end":{"line":22,"column":43}},"13":{"start":{"line":28,"column":8},"end":{"line":28,"column":68}}},"fnMap":{"0":{"name":"(anonymous_0)","decl":{"start":{"line":8,"column":4},"end":{"line":8,"column":5}},"loc":{"start":{"line":8,"column":27},"end":{"line":11,"column":5}},"line":8},"1":{"name":"(anonymous_1)","decl":{"start":{"line":13,"column":4},"end":{"line":13,"column":5}},"loc":{"start":{"line":13,"column":20},"end":{"line":25,"column":5}},"line":13},"2":{"name":"(anonymous_2)","decl":{"start":{"line":27,"column":4},"end":{"line":27,"column":5}},"loc":{"start":{"line":27,"column":19},"end":{"line":29,"column":5}},"line":27}},"branchMap":{"0":{"loc":{"start":{"line":15,"column":8},"end":{"line":23,"column":9}},"type":"if","locations":[{"start":{"line":15,"column":8},"end":{"line":23,"column":9}},{"start":{"line":15,"column":8},"end":{"line":23,"column":9}}],"line":15},"1":{"loc":{"start":{"line":16,"column":12},"end":{"line":20,"column":13}},"type":"if","locations":[{"start":{"line":16,"column":12},"end":{"line":20,"column":13}},{"start":{"line":16,"column":12},"end":{"line":20,"column":13}}],"line":16}},"s":{"0":0,"1":0,"2":0,"3":0,"4":0,"5":0,"6":0,"7":0,"8":0,"9":0,"10":0,"11":0,"12":0,"13":0},"f":{"0":0,"1":0,"2":0},"b":{"0":[0,0],"1":[0,0]},"_coverageSchema":"1a1c01bbd47fc00a2c39e90264f33305004495a9","hash":"201c472a024a62e287785e75eb6a81346c36cb65"}
,"/home/giku/Documents/SE/application/src/classes/trucks/CostHandler.js": {"path":"/home/giku/Documents/SE/application/src/classes/trucks/CostHandler.js","statementMap":{"0":{"start":{"line":8,"column":8},"end":{"line":8,"column":25}},"1":{"start":{"line":9,"column":8},"end":{"line":9,"column":27}},"2":{"start":{"line":14,"column":21},"end":{"line":14,"column":98}},"3":{"start":{"line":15,"column":23},"end":{"line":15,"column":114}},"4":{"start":{"line":18,"column":19},"end":{"line":18,"column":90}},"5":{"start":{"line":19,"column":8},"end":{"line":19,"column":31}},"6":{"start":{"line":20,"column":8},"end":{"line":20,"column":46}},"7":{"start":{"line":22,"column":8},"end":{"line":25,"column":9}},"8":{"start":{"line":23,"column":12},"end":{"line":23,"column":118}},"9":{"start":{"line":24,"column":12},"end":{"line":24,"column":62}},"10":{"start":{"line":27,"column":8},"end":{"line":33,"column":9}},"11":{"start":{"line":27,"column":20},"end":{"line":27,"column":35}},"12":{"start":{"line":29,"column":27},"end":{"line":29,"column":80}},"13":{"start":{"line":30,"column":12},"end":{"line":30,"column":100}},"14":{"start":{"line":31,"column":12},"end":{"line":31,"column":91}},"15":{"start":{"line":32,"column":12},"end":{"line":32,"column":52}},"16":{"start":{"line":36,"column":8},"end":{"line":36,"column":89}},"17":{"start":{"line":37,"column":8},"end":{"line":37,"column":46}},"18":{"start":{"line":40,"column":8},"end":{"line":41,"column":127}},"19":{"start":{"line":41,"column":12},"end":{"line":41,"column":127}},"20":{"start":{"line":43,"column":8},"end":{"line":43,"column":59}},"21":{"start":{"line":44,"column":8},"end":{"line":44,"column":20}},"22":{"start":{"line":57,"column":21},"end":{"line":57,"column":98}},"23":{"start":{"line":58,"column":23},"end":{"line":58,"column":114}},"24":{"start":{"line":59,"column":19},"end":{"line":59,"column":20}},"25":{"start":{"line":61,"column":8},"end":{"line":65,"column":9}},"26":{"start":{"line":62,"column":12},"end":{"line":62,"column":118}},"27":{"start":{"line":63,"column":12},"end":{"line":63,"column":68}},"28":{"start":{"line":64,"column":12},"end":{"line":64,"column":77}},"29":{"start":{"line":66,"column":8},"end":{"line":68,"column":9}},"30":{"start":{"line":67,"column":12},"end":{"line":67,"column":120}},"31":{"start":{"line":69,"column":8},"end":{"line":69,"column":20}}},"fnMap":{"0":{"name":"(anonymous_0)","decl":{"start":{"line":7,"column":4},"end":{"line":7,"column":5}},"loc":{"start":{"line":7,"column":27},"end":{"line":10,"column":5}},"line":7},"1":{"name":"(anonymous_1)","decl":{"start":{"line":12,"column":4},"end":{"line":12,"column":5}},"loc":{"start":{"line":12,"column":43},"end":{"line":45,"column":5}},"line":12},"2":{"name":"(anonymous_2)","decl":{"start":{"line":55,"column":4},"end":{"line":55,"column":5}},"loc":{"start":{"line":55,"column":41},"end":{"line":70,"column":5}},"line":55}},"branchMap":{"0":{"loc":{"start":{"line":14,"column":21},"end":{"line":14,"column":98}},"type":"cond-expr","locations":[{"start":{"line":14,"column":41},"end":{"line":14,"column":42}},{"start":{"line":14,"column":45},"end":{"line":14,"column":98}}],"line":14},"1":{"loc":{"start":{"line":15,"column":23},"end":{"line":15,"column":114}},"type":"cond-expr","locations":[{"start":{"line":15,"column":43},"end":{"line":15,"column":69}},{"start":{"line":15,"column":72},"end":{"line":15,"column":114}}],"line":15},"2":{"loc":{"start":{"line":22,"column":8},"end":{"line":25,"column":9}},"type":"if","locations":[{"start":{"line":22,"column":8},"end":{"line":25,"column":9}},{"start":{"line":22,"column":8},"end":{"line":25,"column":9}}],"line":22},"3":{"loc":{"start":{"line":40,"column":8},"end":{"line":41,"column":127}},"type":"if","locations":[{"start":{"line":40,"column":8},"end":{"line":41,"column":127}},{"start":{"line":40,"column":8},"end":{"line":41,"column":127}}],"line":40},"4":{"loc":{"start":{"line":57,"column":21},"end":{"line":57,"column":98}},"type":"cond-expr","locations":[{"start":{"line":57,"column":41},"end":{"line":57,"column":42}},{"start":{"line":57,"column":45},"end":{"line":57,"column":98}}],"line":57},"5":{"loc":{"start":{"line":58,"column":23},"end":{"line":58,"column":114}},"type":"cond-expr","locations":[{"start":{"line":58,"column":43},"end":{"line":58,"column":69}},{"start":{"line":58,"column":72},"end":{"line":58,"column":114}}],"line":58},"6":{"loc":{"start":{"line":61,"column":8},"end":{"line":65,"column":9}},"type":"if","locations":[{"start":{"line":61,"column":8},"end":{"line":65,"column":9}},{"start":{"line":61,"column":8},"end":{"line":65,"column":9}}],"line":61},"7":{"loc":{"start":{"line":66,"column":8},"end":{"line":68,"column":9}},"type":"if","locations":[{"start":{"line":66,"column":8},"end":{"line":68,"column":9}},{"start":{"line":66,"column":8},"end":{"line":68,"column":9}}],"line":66}},"s":{"0":3,"1":3,"2":0,"3":0,"4":0,"5":0,"6":0,"7":0,"8":0,"9":0,"10":0,"11":0,"12":0,"13":0,"14":0,"15":0,"16":0,"17":0,"18":0,"19":0,"20":0,"21":0,"22":0,"23":0,"24":0,"25":0,"26":0,"27":0,"28":0,"29":0,"30":0,"31":0},"f":{"0":3,"1":0,"2":0},"b":{"0":[0,0],"1":[0,0],"2":[0,0],"3":[0,0],"4":[0,0],"5":[0,0],"6":[0,0],"7":[0,0]},"_coverageSchema":"1a1c01bbd47fc00a2c39e90264f33305004495a9","hash":"18ba57b92f2e57c7205c3bf342c12e986dd614bb"}
,"/home/giku/Documents/SE/application/src/classes/trucks/PlanManager.js": {"path":"/home/giku/Documents/SE/application/src/classes/trucks/PlanManager.js","statementMap":{"0":{"start":{"line":8,"column":12},"end":{"line":8,"column":18}},"1":{"start":{"line":27,"column":11},"end":{"line":30,"column":5}},"2":{"start":{"line":36,"column":13},"end":{"line":36,"column":25}},"3":{"start":{"line":41,"column":8},"end":{"line":41,"column":27}},"4":{"start":{"line":42,"column":8},"end":{"line":42,"column":60}},"5":{"start":{"line":49,"column":8},"end":{"line":53,"column":11}},"6":{"start":{"line":54,"column":8},"end":{"line":54,"column":21}},"7":{"start":{"line":58,"column":8},"end":{"line":69,"column":9}},"8":{"start":{"line":59,"column":12},"end":{"line":59,"column":49}},"9":{"start":{"line":60,"column":24},"end":{"line":60,"column":64}},"10":{"start":{"line":61,"column":12},"end":{"line":68,"column":15}},"11":{"start":{"line":62,"column":16},"end":{"line":66,"column":19}},"12":{"start":{"line":67,"column":16},"end":{"line":67,"column":46}},"13":{"start":{"line":79,"column":8},"end":{"line":79,"column":89}},"14":{"start":{"line":80,"column":8},"end":{"line":80,"column":65}},"15":{"start":{"line":81,"column":8},"end":{"line":81,"column":99}},"16":{"start":{"line":82,"column":8},"end":{"line":82,"column":21}},"17":{"start":{"line":86,"column":8},"end":{"line":89,"column":9}},"18":{"start":{"line":86,"column":20},"end":{"line":86,"column":35}},"19":{"start":{"line":87,"column":12},"end":{"line":87,"column":83}},"20":{"start":{"line":88,"column":12},"end":{"line":88,"column":83}},"21":{"start":{"line":93,"column":8},"end":{"line":105,"column":10}},"22":{"start":{"line":109,"column":8},"end":{"line":117,"column":10}},"23":{"start":{"line":121,"column":8},"end":{"line":121,"column":39}},"24":{"start":{"line":125,"column":8},"end":{"line":125,"column":39}},"25":{"start":{"line":129,"column":8},"end":{"line":129,"column":38}},"26":{"start":{"line":133,"column":8},"end":{"line":133,"column":72}},"27":{"start":{"line":137,"column":8},"end":{"line":141,"column":9}},"28":{"start":{"line":138,"column":12},"end":{"line":138,"column":38}},"29":{"start":{"line":139,"column":12},"end":{"line":139,"column":40}},"30":{"start":{"line":140,"column":12},"end":{"line":140,"column":25}}},"fnMap":{"0":{"name":"(anonymous_0)","decl":{"start":{"line":40,"column":4},"end":{"line":40,"column":5}},"loc":{"start":{"line":40,"column":23},"end":{"line":43,"column":5}},"line":40},"1":{"name":"(anonymous_1)","decl":{"start":{"line":48,"column":4},"end":{"line":48,"column":5}},"loc":{"start":{"line":48,"column":12},"end":{"line":55,"column":5}},"line":48},"2":{"name":"(anonymous_2)","decl":{"start":{"line":57,"column":4},"end":{"line":57,"column":5}},"loc":{"start":{"line":57,"column":11},"end":{"line":70,"column":5}},"line":57},"3":{"name":"(anonymous_3)","decl":{"start":{"line":61,"column":75},"end":{"line":61,"column":76}},"loc":{"start":{"line":61,"column":84},"end":{"line":68,"column":13}},"line":61},"4":{"name":"(anonymous_4)","decl":{"start":{"line":78,"column":4},"end":{"line":78,"column":5}},"loc":{"start":{"line":78,"column":43},"end":{"line":83,"column":5}},"line":78},"5":{"name":"(anonymous_5)","decl":{"start":{"line":85,"column":4},"end":{"line":85,"column":5}},"loc":{"start":{"line":85,"column":55},"end":{"line":90,"column":5}},"line":85},"6":{"name":"(anonymous_6)","decl":{"start":{"line":92,"column":4},"end":{"line":92,"column":5}},"loc":{"start":{"line":92,"column":40},"end":{"line":106,"column":5}},"line":92},"7":{"name":"(anonymous_7)","decl":{"start":{"line":108,"column":4},"end":{"line":108,"column":5}},"loc":{"start":{"line":108,"column":44},"end":{"line":118,"column":5}},"line":108},"8":{"name":"(anonymous_8)","decl":{"start":{"line":120,"column":4},"end":{"line":120,"column":5}},"loc":{"start":{"line":120,"column":19},"end":{"line":122,"column":5}},"line":120},"9":{"name":"(anonymous_9)","decl":{"start":{"line":124,"column":4},"end":{"line":124,"column":5}},"loc":{"start":{"line":124,"column":19},"end":{"line":126,"column":5}},"line":124},"10":{"name":"(anonymous_10)","decl":{"start":{"line":128,"column":4},"end":{"line":128,"column":5}},"loc":{"start":{"line":128,"column":14},"end":{"line":130,"column":5}},"line":128},"11":{"name":"(anonymous_11)","decl":{"start":{"line":132,"column":4},"end":{"line":132,"column":5}},"loc":{"start":{"line":132,"column":43},"end":{"line":134,"column":5}},"line":132},"12":{"name":"(anonymous_12)","decl":{"start":{"line":136,"column":4},"end":{"line":136,"column":5}},"loc":{"start":{"line":136,"column":26},"end":{"line":142,"column":5}},"line":136}},"branchMap":{"0":{"loc":{"start":{"line":58,"column":8},"end":{"line":69,"column":9}},"type":"if","locations":[{"start":{"line":58,"column":8},"end":{"line":69,"column":9}},{"start":{"line":58,"column":8},"end":{"line":69,"column":9}}],"line":58},"1":{"loc":{"start":{"line":58,"column":11},"end":{"line":58,"column":112}},"type":"binary-expr","locations":[{"start":{"line":58,"column":11},"end":{"line":58,"column":60}},{"start":{"line":58,"column":64},"end":{"line":58,"column":112}}],"line":58},"2":{"loc":{"start":{"line":98,"column":25},"end":{"line":100,"column":103}},"type":"cond-expr","locations":[{"start":{"line":99,"column":20},"end":{"line":99,"column":47}},{"start":{"line":100,"column":20},"end":{"line":100,"column":103}}],"line":98},"3":{"loc":{"start":{"line":101,"column":25},"end":{"line":103,"column":103}},"type":"cond-expr","locations":[{"start":{"line":102,"column":20},"end":{"line":102,"column":47}},{"start":{"line":103,"column":20},"end":{"line":103,"column":103}}],"line":101},"4":{"loc":{"start":{"line":137,"column":8},"end":{"line":141,"column":9}},"type":"if","locations":[{"start":{"line":137,"column":8},"end":{"line":141,"column":9}},{"start":{"line":137,"column":8},"end":{"line":141,"column":9}}],"line":137}},"s":{"0":3,"1":3,"2":3,"3":3,"4":3,"5":0,"6":0,"7":0,"8":0,"9":0,"10":0,"11":0,"12":0,"13":0,"14":0,"15":0,"16":0,"17":0,"18":0,"19":0,"20":0,"21":0,"22":0,"23":0,"24":0,"25":0,"26":0,"27":0,"28":0,"29":0,"30":0},"f":{"0":3,"1":0,"2":0,"3":0,"4":0,"5":0,"6":0,"7":0,"8":0,"9":0,"10":0,"11":0,"12":0},"b":{"0":[0,0],"1":[0,0],"2":[0,0],"3":[0,0],"4":[0,0]},"_coverageSchema":"1a1c01bbd47fc00a2c39e90264f33305004495a9","hash":"1eceaf6bfd768a790591f36810728ef76dc5bdfc"}
,"/home/giku/Documents/SE/application/src/classes/trucks/SharedTruck.js": {"path":"/home/giku/Documents/SE/application/src/classes/trucks/SharedTruck.js","statementMap":{"0":{"start":{"line":5,"column":8},"end":{"line":5,"column":44}},"1":{"start":{"line":16,"column":19},"end":{"line":16,"column":59}},"2":{"start":{"line":19,"column":26},"end":{"line":19,"column":103}},"3":{"start":{"line":20,"column":8},"end":{"line":30,"column":9}},"4":{"start":{"line":20,"column":26},"end":{"line":20,"column":37}},"5":{"start":{"line":21,"column":12},"end":{"line":29,"column":13}},"6":{"start":{"line":21,"column":32},"end":{"line":21,"column":38}},"7":{"start":{"line":23,"column":16},"end":{"line":25,"column":143}},"8":{"start":{"line":25,"column":137},"end":{"line":25,"column":143}},"9":{"start":{"line":27,"column":27},"end":{"line":27,"column":63}},"10":{"start":{"line":28,"column":16},"end":{"line":28,"column":94}},"11":{"start":{"line":28,"column":38},"end":{"line":28,"column":94}},"12":{"start":{"line":31,"column":8},"end":{"line":31,"column":20}}},"fnMap":{"0":{"name":"(anonymous_0)","decl":{"start":{"line":4,"column":4},"end":{"line":4,"column":5}},"loc":{"start":{"line":4,"column":46},"end":{"line":6,"column":5}},"line":4},"1":{"name":"(anonymous_1)","decl":{"start":{"line":14,"column":4},"end":{"line":14,"column":5}},"loc":{"start":{"line":14,"column":24},"end":{"line":32,"column":5}},"line":14}},"branchMap":{"0":{"loc":{"start":{"line":19,"column":26},"end":{"line":19,"column":103}},"type":"cond-expr","locations":[{"start":{"line":19,"column":69},"end":{"line":19,"column":100}},{"start":{"line":19,"column":102},"end":{"line":19,"column":103}}],"line":19},"1":{"loc":{"start":{"line":23,"column":16},"end":{"line":25,"column":143}},"type":"if","locations":[{"start":{"line":23,"column":16},"end":{"line":25,"column":143}},{"start":{"line":23,"column":16},"end":{"line":25,"column":143}}],"line":23},"2":{"loc":{"start":{"line":23,"column":20},"end":{"line":25,"column":135}},"type":"binary-expr","locations":[{"start":{"line":23,"column":20},"end":{"line":23,"column":32}},{"start":{"line":24,"column":21},"end":{"line":24,"column":140}},{"start":{"line":25,"column":20},"end":{"line":25,"column":134}}],"line":23},"3":{"loc":{"start":{"line":28,"column":16},"end":{"line":28,"column":94}},"type":"if","locations":[{"start":{"line":28,"column":16},"end":{"line":28,"column":94}},{"start":{"line":28,"column":16},"end":{"line":28,"column":94}}],"line":28}},"s":{"0":0,"1":0,"2":0,"3":0,"4":0,"5":0,"6":0,"7":0,"8":0,"9":0,"10":0,"11":0,"12":0},"f":{"0":0,"1":0},"b":{"0":[0,0],"1":[0,0],"2":[0,0,0],"3":[0,0]},"_coverageSchema":"1a1c01bbd47fc00a2c39e90264f33305004495a9","hash":"2142b19d9c489d727bb1e4dcf8aef72360055dc6"}
,"/home/giku/Documents/SE/application/src/classes/trucks/TraditionalTruck.js": {"path":"/home/giku/Documents/SE/application/src/classes/trucks/TraditionalTruck.js","statementMap":{"0":{"start":{"line":6,"column":8},"end":{"line":6,"column":44}},"1":{"start":{"line":17,"column":19},"end":{"line":17,"column":59}},"2":{"start":{"line":20,"column":8},"end":{"line":21,"column":78}},"3":{"start":{"line":21,"column":66},"end":{"line":21,"column":78}},"4":{"start":{"line":24,"column":26},"end":{"line":24,"column":103}},"5":{"start":{"line":25,"column":8},"end":{"line":30,"column":9}},"6":{"start":{"line":25,"column":26},"end":{"line":25,"column":37}},"7":{"start":{"line":26,"column":12},"end":{"line":26,"column":125}},"8":{"start":{"line":26,"column":116},"end":{"line":26,"column":125}},"9":{"start":{"line":27,"column":27},"end":{"line":27,"column":33}},"10":{"start":{"line":28,"column":23},"end":{"line":28,"column":59}},"11":{"start":{"line":29,"column":12},"end":{"line":29,"column":90}},"12":{"start":{"line":29,"column":34},"end":{"line":29,"column":90}},"13":{"start":{"line":31,"column":8},"end":{"line":31,"column":20}}},"fnMap":{"0":{"name":"(anonymous_0)","decl":{"start":{"line":5,"column":4},"end":{"line":5,"column":5}},"loc":{"start":{"line":5,"column":45},"end":{"line":7,"column":5}},"line":5},"1":{"name":"(anonymous_1)","decl":{"start":{"line":15,"column":4},"end":{"line":15,"column":5}},"loc":{"start":{"line":15,"column":24},"end":{"line":32,"column":5}},"line":15}},"branchMap":{"0":{"loc":{"start":{"line":20,"column":8},"end":{"line":21,"column":78}},"type":"if","locations":[{"start":{"line":20,"column":8},"end":{"line":21,"column":78}},{"start":{"line":20,"column":8},"end":{"line":21,"column":78}}],"line":20},"1":{"loc":{"start":{"line":20,"column":12},"end":{"line":21,"column":64}},"type":"binary-expr","locations":[{"start":{"line":20,"column":12},"end":{"line":20,"column":68}},{"start":{"line":21,"column":12},"end":{"line":21,"column":64}}],"line":20},"2":{"loc":{"start":{"line":24,"column":26},"end":{"line":24,"column":103}},"type":"cond-expr","locations":[{"start":{"line":24,"column":69},"end":{"line":24,"column":100}},{"start":{"line":24,"column":102},"end":{"line":24,"column":103}}],"line":24},"3":{"loc":{"start":{"line":26,"column":12},"end":{"line":26,"column":125}},"type":"if","locations":[{"start":{"line":26,"column":12},"end":{"line":26,"column":125}},{"start":{"line":26,"column":12},"end":{"line":26,"column":125}}],"line":26},"4":{"loc":{"start":{"line":26,"column":16},"end":{"line":26,"column":114}},"type":"binary-expr","locations":[{"start":{"line":26,"column":16},"end":{"line":26,"column":57}},{"start":{"line":26,"column":61},"end":{"line":26,"column":114}}],"line":26},"5":{"loc":{"start":{"line":29,"column":12},"end":{"line":29,"column":90}},"type":"if","locations":[{"start":{"line":29,"column":12},"end":{"line":29,"column":90}},{"start":{"line":29,"column":12},"end":{"line":29,"column":90}}],"line":29}},"s":{"0":3,"1":8,"2":8,"3":8,"4":0,"5":0,"6":0,"7":0,"8":0,"9":0,"10":0,"11":0,"12":0,"13":0},"f":{"0":3,"1":8},"b":{"0":[8,0],"1":[8,8],"2":[0,0],"3":[0,0],"4":[0,0],"5":[0,0]},"_coverageSchema":"1a1c01bbd47fc00a2c39e90264f33305004495a9","hash":"544d1f0c627fabebfefb3db723b711be3eebd699"}
,"/home/giku/Documents/SE/application/src/classes/trucks/Truck.js": {"path":"/home/giku/Documents/SE/application/src/classes/trucks/Truck.js","statementMap":{"0":{"start":{"line":18,"column":19},"end":{"line":18,"column":21}},"1":{"start":{"line":30,"column":17},"end":{"line":30,"column":21}},"2":{"start":{"line":36,"column":15},"end":{"line":39,"column":5}},"3":{"start":{"line":45,"column":22},"end":{"line":48,"column":5}},"4":{"start":{"line":54,"column":19},"end":{"line":54,"column":20}},"5":{"start":{"line":60,"column":24},"end":{"line":60,"column":25}},"6":{"start":{"line":66,"column":23},"end":{"line":66,"column":24}},"7":{"start":{"line":68,"column":18},"end":{"line":71,"column":5}},"8":{"start":{"line":90,"column":12},"end":{"line":90,"column":18}},"9":{"start":{"line":95,"column":16},"end":{"line":95,"column":18}},"10":{"start":{"line":101,"column":18},"end":{"line":101,"column":19}},"11":{"start":{"line":107,"column":18},"end":{"line":107,"column":24}},"12":{"start":{"line":109,"column":19},"end":{"line":109,"column":25}},"13":{"start":{"line":118,"column":8},"end":{"line":118,"column":16}},"14":{"start":{"line":119,"column":8},"end":{"line":121,"column":9}},"15":{"start":{"line":120,"column":12},"end":{"line":120,"column":73}},"16":{"start":{"line":122,"column":8},"end":{"line":122,"column":50}},"17":{"start":{"line":123,"column":8},"end":{"line":123,"column":40}},"18":{"start":{"line":124,"column":8},"end":{"line":124,"column":33}},"19":{"start":{"line":125,"column":8},"end":{"line":125,"column":34}},"20":{"start":{"line":126,"column":8},"end":{"line":126,"column":27}},"21":{"start":{"line":127,"column":8},"end":{"line":127,"column":49}},"22":{"start":{"line":128,"column":8},"end":{"line":128,"column":73}},"23":{"start":{"line":129,"column":8},"end":{"line":129,"column":64}},"24":{"start":{"line":130,"column":8},"end":{"line":130,"column":43}},"25":{"start":{"line":134,"column":8},"end":{"line":134,"column":41}},"26":{"start":{"line":135,"column":8},"end":{"line":135,"column":40}},"27":{"start":{"line":136,"column":8},"end":{"line":136,"column":44}},"28":{"start":{"line":143,"column":8},"end":{"line":143,"column":34}},"29":{"start":{"line":153,"column":8},"end":{"line":153,"column":65}},"30":{"start":{"line":164,"column":8},"end":{"line":164,"column":72}},"31":{"start":{"line":174,"column":8},"end":{"line":174,"column":58}},"32":{"start":{"line":182,"column":8},"end":{"line":182,"column":34}},"33":{"start":{"line":183,"column":8},"end":{"line":185,"column":9}},"34":{"start":{"line":184,"column":12},"end":{"line":184,"column":19}},"35":{"start":{"line":186,"column":8},"end":{"line":194,"column":31}},"36":{"start":{"line":187,"column":12},"end":{"line":193,"column":13}},"37":{"start":{"line":188,"column":16},"end":{"line":188,"column":44}},"38":{"start":{"line":189,"column":16},"end":{"line":189,"column":40}},"39":{"start":{"line":192,"column":16},"end":{"line":192,"column":43}},"40":{"start":{"line":203,"column":8},"end":{"line":203,"column":40}},"41":{"start":{"line":204,"column":21},"end":{"line":204,"column":25}},"42":{"start":{"line":205,"column":8},"end":{"line":223,"column":9}},"43":{"start":{"line":207,"column":16},"end":{"line":207,"column":58}},"44":{"start":{"line":208,"column":16},"end":{"line":210,"column":19}},"45":{"start":{"line":209,"column":20},"end":{"line":209,"column":44}},"46":{"start":{"line":211,"column":16},"end":{"line":211,"column":22}},"47":{"start":{"line":213,"column":16},"end":{"line":213,"column":60}},"48":{"start":{"line":214,"column":16},"end":{"line":216,"column":19}},"49":{"start":{"line":215,"column":20},"end":{"line":215,"column":45}},"50":{"start":{"line":217,"column":16},"end":{"line":217,"column":22}},"51":{"start":{"line":219,"column":16},"end":{"line":219,"column":72}},"52":{"start":{"line":220,"column":16},"end":{"line":220,"column":56}},"53":{"start":{"line":221,"column":16},"end":{"line":221,"column":58}},"54":{"start":{"line":222,"column":16},"end":{"line":222,"column":57}},"55":{"start":{"line":232,"column":19},"end":{"line":232,"column":74}},"56":{"start":{"line":233,"column":8},"end":{"line":233,"column":33}},"57":{"start":{"line":234,"column":8},"end":{"line":234,"column":63}},"58":{"start":{"line":244,"column":23},"end":{"line":244,"column":24}},"59":{"start":{"line":245,"column":8},"end":{"line":257,"column":9}},"60":{"start":{"line":246,"column":12},"end":{"line":251,"column":13}},"61":{"start":{"line":247,"column":16},"end":{"line":247,"column":51}},"62":{"start":{"line":248,"column":16},"end":{"line":248,"column":97}},"63":{"start":{"line":249,"column":16},"end":{"line":249,"column":71}},"64":{"start":{"line":250,"column":16},"end":{"line":250,"column":24}},"65":{"start":{"line":252,"column":12},"end":{"line":252,"column":34}},"66":{"start":{"line":253,"column":12},"end":{"line":253,"column":47}},"67":{"start":{"line":254,"column":12},"end":{"line":254,"column":43}},"68":{"start":{"line":255,"column":12},"end":{"line":255,"column":70}},"69":{"start":{"line":256,"column":12},"end":{"line":256,"column":70}},"70":{"start":{"line":258,"column":20},"end":{"line":258,"column":49}},"71":{"start":{"line":259,"column":8},"end":{"line":259,"column":51}},"72":{"start":{"line":260,"column":8},"end":{"line":260,"column":89}},"73":{"start":{"line":261,"column":8},"end":{"line":261,"column":39}},"74":{"start":{"line":262,"column":8},"end":{"line":262,"column":65}},"75":{"start":{"line":263,"column":8},"end":{"line":263,"column":43}},"76":{"start":{"line":264,"column":8},"end":{"line":269,"column":11}},"77":{"start":{"line":280,"column":8},"end":{"line":281,"column":46}},"78":{"start":{"line":291,"column":8},"end":{"line":291,"column":33}},"79":{"start":{"line":292,"column":8},"end":{"line":292,"column":45}},"80":{"start":{"line":296,"column":8},"end":{"line":296,"column":44}},"81":{"start":{"line":297,"column":8},"end":{"line":297,"column":28}},"82":{"start":{"line":298,"column":8},"end":{"line":298,"column":75}},"83":{"start":{"line":299,"column":8},"end":{"line":299,"column":75}},"84":{"start":{"line":301,"column":8},"end":{"line":301,"column":50}},"85":{"start":{"line":302,"column":8},"end":{"line":302,"column":49}},"86":{"start":{"line":306,"column":8},"end":{"line":306,"column":44}},"87":{"start":{"line":307,"column":8},"end":{"line":307,"column":29}},"88":{"start":{"line":308,"column":8},"end":{"line":308,"column":75}},"89":{"start":{"line":309,"column":8},"end":{"line":309,"column":75}},"90":{"start":{"line":310,"column":8},"end":{"line":310,"column":35}},"91":{"start":{"line":312,"column":8},"end":{"line":312,"column":50}},"92":{"start":{"line":313,"column":8},"end":{"line":313,"column":49}},"93":{"start":{"line":323,"column":8},"end":{"line":331,"column":31}},"94":{"start":{"line":324,"column":23},"end":{"line":324,"column":78}},"95":{"start":{"line":325,"column":12},"end":{"line":325,"column":37}},"96":{"start":{"line":326,"column":12},"end":{"line":330,"column":13}},"97":{"start":{"line":327,"column":16},"end":{"line":327,"column":63}},"98":{"start":{"line":329,"column":16},"end":{"line":329,"column":27}}},"fnMap":{"0":{"name":"(anonymous_0)","decl":{"start":{"line":117,"column":4},"end":{"line":117,"column":5}},"loc":{"start":{"line":117,"column":46},"end":{"line":131,"column":5}},"line":117},"1":{"name":"(anonymous_1)","decl":{"start":{"line":133,"column":4},"end":{"line":133,"column":5}},"loc":{"start":{"line":133,"column":13},"end":{"line":137,"column":5}},"line":133},"2":{"name":"(anonymous_2)","decl":{"start":{"line":142,"column":4},"end":{"line":142,"column":5}},"loc":{"start":{"line":142,"column":15},"end":{"line":144,"column":5}},"line":142},"3":{"name":"(anonymous_3)","decl":{"start":{"line":152,"column":4},"end":{"line":152,"column":5}},"loc":{"start":{"line":152,"column":48},"end":{"line":154,"column":5}},"line":152},"4":{"name":"(anonymous_4)","decl":{"start":{"line":163,"column":4},"end":{"line":163,"column":5}},"loc":{"start":{"line":163,"column":43},"end":{"line":165,"column":5}},"line":163},"5":{"name":"(anonymous_5)","decl":{"start":{"line":173,"column":4},"end":{"line":173,"column":5}},"loc":{"start":{"line":173,"column":23},"end":{"line":175,"column":5}},"line":173},"6":{"name":"(anonymous_6)","decl":{"start":{"line":181,"column":4},"end":{"line":181,"column":5}},"loc":{"start":{"line":181,"column":22},"end":{"line":195,"column":5}},"line":181},"7":{"name":"(anonymous_7)","decl":{"start":{"line":186,"column":19},"end":{"line":186,"column":20}},"loc":{"start":{"line":186,"column":25},"end":{"line":194,"column":9}},"line":186},"8":{"name":"(anonymous_8)","decl":{"start":{"line":202,"column":4},"end":{"line":202,"column":5}},"loc":{"start":{"line":202,"column":25},"end":{"line":224,"column":5}},"line":202},"9":{"name":"(anonymous_9)","decl":{"start":{"line":208,"column":38},"end":{"line":208,"column":39}},"loc":{"start":{"line":208,"column":49},"end":{"line":210,"column":17}},"line":208},"10":{"name":"(anonymous_10)","decl":{"start":{"line":214,"column":38},"end":{"line":214,"column":39}},"loc":{"start":{"line":214,"column":49},"end":{"line":216,"column":17}},"line":214},"11":{"name":"(anonymous_11)","decl":{"start":{"line":231,"column":4},"end":{"line":231,"column":5}},"loc":{"start":{"line":231,"column":26},"end":{"line":235,"column":5}},"line":231},"12":{"name":"(anonymous_12)","decl":{"start":{"line":243,"column":4},"end":{"line":243,"column":5}},"loc":{"start":{"line":243,"column":42},"end":{"line":270,"column":5}},"line":243},"13":{"name":"(anonymous_13)","decl":{"start":{"line":279,"column":4},"end":{"line":279,"column":5}},"loc":{"start":{"line":279,"column":41},"end":{"line":282,"column":5}},"line":279},"14":{"name":"(anonymous_14)","decl":{"start":{"line":290,"column":4},"end":{"line":290,"column":5}},"loc":{"start":{"line":290,"column":26},"end":{"line":293,"column":5}},"line":290},"15":{"name":"(anonymous_15)","decl":{"start":{"line":295,"column":4},"end":{"line":295,"column":5}},"loc":{"start":{"line":295,"column":23},"end":{"line":303,"column":5}},"line":295},"16":{"name":"(anonymous_16)","decl":{"start":{"line":305,"column":4},"end":{"line":305,"column":5}},"loc":{"start":{"line":305,"column":24},"end":{"line":314,"column":5}},"line":305},"17":{"name":"(anonymous_17)","decl":{"start":{"line":322,"column":4},"end":{"line":322,"column":5}},"loc":{"start":{"line":322,"column":39},"end":{"line":332,"column":5}},"line":322},"18":{"name":"(anonymous_18)","decl":{"start":{"line":323,"column":19},"end":{"line":323,"column":20}},"loc":{"start":{"line":323,"column":25},"end":{"line":331,"column":9}},"line":323}},"branchMap":{"0":{"loc":{"start":{"line":119,"column":8},"end":{"line":121,"column":9}},"type":"if","locations":[{"start":{"line":119,"column":8},"end":{"line":121,"column":9}},{"start":{"line":119,"column":8},"end":{"line":121,"column":9}}],"line":119},"1":{"loc":{"start":{"line":183,"column":8},"end":{"line":185,"column":9}},"type":"if","locations":[{"start":{"line":183,"column":8},"end":{"line":185,"column":9}},{"start":{"line":183,"column":8},"end":{"line":185,"column":9}}],"line":183},"2":{"loc":{"start":{"line":187,"column":12},"end":{"line":193,"column":13}},"type":"if","locations":[{"start":{"line":187,"column":12},"end":{"line":193,"column":13}},{"start":{"line":187,"column":12},"end":{"line":193,"column":13}}],"line":187},"3":{"loc":{"start":{"line":205,"column":8},"end":{"line":223,"column":9}},"type":"switch","locations":[{"start":{"line":206,"column":12},"end":{"line":211,"column":22}},{"start":{"line":212,"column":12},"end":{"line":217,"column":22}},{"start":{"line":218,"column":12},"end":{"line":222,"column":57}}],"line":205},"4":{"loc":{"start":{"line":246,"column":12},"end":{"line":251,"column":13}},"type":"if","locations":[{"start":{"line":246,"column":12},"end":{"line":251,"column":13}},{"start":{"line":246,"column":12},"end":{"line":251,"column":13}}],"line":246},"5":{"loc":{"start":{"line":326,"column":12},"end":{"line":330,"column":13}},"type":"if","locations":[{"start":{"line":326,"column":12},"end":{"line":330,"column":13}},{"start":{"line":326,"column":12},"end":{"line":330,"column":13}}],"line":326}},"s":{"0":3,"1":3,"2":3,"3":3,"4":3,"5":3,"6":3,"7":3,"8":3,"9":3,"10":3,"11":3,"12":3,"13":3,"14":3,"15":0,"16":3,"17":3,"18":3,"19":3,"20":3,"21":3,"22":3,"23":3,"24":3,"25":0,"26":0,"27":0,"28":0,"29":0,"30":0,"31":0,"32":0,"33":0,"34":0,"35":0,"36":0,"37":0,"38":0,"39":0,"40":0,"41":0,"42":0,"43":0,"44":0,"45":0,"46":0,"47":0,"48":0,"49":0,"50":0,"51":0,"52":0,"53":0,"54":0,"55":0,"56":0,"57":0,"58":0,"59":0,"60":0,"61":0,"62":0,"63":0,"64":0,"65":0,"66":0,"67":0,"68":0,"69":0,"70":0,"71":0,"72":0,"73":0,"74":0,"75":0,"76":0,"77":0,"78":0,"79":0,"80":0,"81":0,"82":0,"83":0,"84":0,"85":0,"86":0,"87":0,"88":0,"89":0,"90":0,"91":0,"92":0,"93":0,"94":0,"95":0,"96":0,"97":0,"98":0},"f":{"0":3,"1":0,"2":0,"3":0,"4":0,"5":0,"6":0,"7":0,"8":0,"9":0,"10":0,"11":0,"12":0,"13":0,"14":0,"15":0,"16":0,"17":0,"18":0},"b":{"0":[0,3],"1":[0,0],"2":[0,0],"3":[0,0,0],"4":[0,0],"5":[0,0]},"_coverageSchema":"1a1c01bbd47fc00a2c39e90264f33305004495a9","hash":"fd2723a3ea587a078685c6a9b35e9a028feb56a3"}
,"/home/giku/Documents/SE/application/src/classes/trucks/TruckPropertyHandler.js": {"path":"/home/giku/Documents/SE/application/src/classes/trucks/TruckPropertyHandler.js","statementMap":{"0":{"start":{"line":11,"column":20},"end":{"line":11,"column":62}},"1":{"start":{"line":12,"column":8},"end":{"line":19,"column":9}},"2":{"start":{"line":32,"column":20},"end":{"line":32,"column":68}},"3":{"start":{"line":32,"column":53},"end":{"line":32,"column":67}},"4":{"start":{"line":34,"column":8},"end":{"line":39,"column":9}},"5":{"start":{"line":35,"column":12},"end":{"line":35,"column":26}},"6":{"start":{"line":37,"column":12},"end":{"line":37,"column":76}},"7":{"start":{"line":38,"column":12},"end":{"line":38,"column":72}},"8":{"start":{"line":38,"column":53},"end":{"line":38,"column":70}},"9":{"start":{"line":40,"column":8},"end":{"line":40,"column":21}}},"fnMap":{"0":{"name":"(anonymous_0)","decl":{"start":{"line":10,"column":4},"end":{"line":10,"column":5}},"loc":{"start":{"line":10,"column":29},"end":{"line":20,"column":5}},"line":10},"1":{"name":"(anonymous_1)","decl":{"start":{"line":31,"column":4},"end":{"line":31,"column":5}},"loc":{"start":{"line":31,"column":41},"end":{"line":41,"column":5}},"line":31},"2":{"name":"(anonymous_2)","decl":{"start":{"line":32,"column":48},"end":{"line":32,"column":49}},"loc":{"start":{"line":32,"column":53},"end":{"line":32,"column":67}},"line":32},"3":{"name":"(anonymous_3)","decl":{"start":{"line":38,"column":48},"end":{"line":38,"column":49}},"loc":{"start":{"line":38,"column":53},"end":{"line":38,"column":70}},"line":38}},"branchMap":{"0":{"loc":{"start":{"line":34,"column":8},"end":{"line":39,"column":9}},"type":"if","locations":[{"start":{"line":34,"column":8},"end":{"line":39,"column":9}},{"start":{"line":34,"column":8},"end":{"line":39,"column":9}}],"line":34}},"s":{"0":3,"1":3,"2":3,"3":4,"4":3,"5":3,"6":0,"7":0,"8":0,"9":3},"f":{"0":3,"1":3,"2":4,"3":0},"b":{"0":[3,0]},"_coverageSchema":"1a1c01bbd47fc00a2c39e90264f33305004495a9","hash":"5b6bbc9562238e6210218b766abf7a0e86a36f74"}
,"/home/giku/Documents/SE/application/src/classes/trucks/TruckState.js": {"path":"/home/giku/Documents/SE/application/src/classes/trucks/TruckState.js","statementMap":{"0":{"start":{"line":6,"column":26},"end":{"line":11,"column":1}}},"fnMap":{},"branchMap":{},"s":{"0":4},"f":{},"b":{},"_coverageSchema":"1a1c01bbd47fc00a2c39e90264f33305004495a9","hash":"51e5ae805d24142914e1a521c9b3b5636499c98f"}
,"/home/giku/Documents/SE/application/src/classes/util/Observable.js": {"path":"/home/giku/Documents/SE/application/src/classes/util/Observable.js","statementMap":{"0":{"start":{"line":3,"column":17},"end":{"line":3,"column":19}},"1":{"start":{"line":6,"column":8},"end":{"line":10,"column":9}},"2":{"start":{"line":7,"column":12},"end":{"line":7,"column":38}},"3":{"start":{"line":9,"column":12},"end":{"line":9,"column":73}},"4":{"start":{"line":14,"column":8},"end":{"line":14,"column":57}},"5":{"start":{"line":14,"column":33},"end":{"line":14,"column":55}}},"fnMap":{"0":{"name":"(anonymous_0)","decl":{"start":{"line":5,"column":4},"end":{"line":5,"column":5}},"loc":{"start":{"line":5,"column":20},"end":{"line":11,"column":5}},"line":5},"1":{"name":"(anonymous_1)","decl":{"start":{"line":13,"column":4},"end":{"line":13,"column":5}},"loc":{"start":{"line":13,"column":19},"end":{"line":15,"column":5}},"line":13},"2":{"name":"(anonymous_2)","decl":{"start":{"line":14,"column":28},"end":{"line":14,"column":29}},"loc":{"start":{"line":14,"column":33},"end":{"line":14,"column":55}},"line":14}},"branchMap":{"0":{"loc":{"start":{"line":6,"column":8},"end":{"line":10,"column":9}},"type":"if","locations":[{"start":{"line":6,"column":8},"end":{"line":10,"column":9}},{"start":{"line":6,"column":8},"end":{"line":10,"column":9}}],"line":6}},"s":{"0":11,"1":14,"2":14,"3":0,"4":0,"5":0},"f":{"0":14,"1":0,"2":0},"b":{"0":[14,0]},"_coverageSchema":"1a1c01bbd47fc00a2c39e90264f33305004495a9","hash":"b4281b754bb62b6b52bce7761930478fae290952"}
,"/home/giku/Documents/SE/application/src/classes/util/UpdateMessage.js": {"path":"/home/giku/Documents/SE/application/src/classes/util/UpdateMessage.js","statementMap":{},"fnMap":{},"branchMap":{},"s":{},"f":{},"b":{},"_coverageSchema":"1a1c01bbd47fc00a2c39e90264f33305004495a9","hash":"b691d24af9869c6f64fb6eb96c6db2048f27ad3a"}
[...]
}},"5":{"start":{"line":112,"column":30},"end":{"line":112,"column":64}},"6":{"start":{"line":113,"column":12},"end":{"line":113,"column":123}},"7":{"start":{"line":113,"column":49},"end":{"line":113,"column":123}},"8":{"start":{"line":114,"column":12},"end":{"line":114,"column":72}},"9":{"start":{"line":114,"column":41},"end":{"line":114,"column":72}},"10":{"start":{"line":115,"column":12},"end":{"line":115,"column":99}},"11":{"start":{"line":115,"column":57},"end":{"line":115,"column":99}},"12":{"start":{"line":117,"column":12},"end":{"line":117,"column":31}},"13":{"start":{"line":130,"column":12},"end":{"line":130,"column":61}},"14":{"start":{"line":130,"column":23},"end":{"line":130,"column":61}},"15":{"start":{"line":131,"column":12},"end":{"line":131,"column":73}},"16":{"start":{"line":131,"column":33},"end":{"line":131,"column":73}},"17":{"start":{"line":134,"column":12},"end":{"line":134,"column":31}}},"fnMap":{"0":{"name":"(anonymous_0)","decl":{"start":{"line":108,"column":22},"end":{"line":108,"column":23}},"loc":{"start":{"line":108,"column":66},"end":{"line":118,"column":9}},"line":108},"1":{"name":"(anonymous_1)","decl":{"start":{"line":129,"column":24},"end":{"line":129,"column":25}},"loc":{"start":{"line":129,"column":48},"end":{"line":135,"column":9}},"line":129}},"branchMap":{"0":{"loc":{"start":{"line":111,"column":12},"end":{"line":111,"column":66}},"type":"if","locations":[{"start":{"line":111,"column":12},"end":{"line":111,"column":66}},{"start":{"line":111,"column":12},"end":{"line":111,"column":66}}],"line":111},"1":{"loc":{"start":{"line":112,"column":12},"end":{"line":112,"column":64}},"type":"if","locations":[{"start":{"line":112,"column":12},"end":{"line":112,"column":64}},{"start":{"line":112,"column":12},"end":{"line":112,"column":64}}],"line":112},"2":{"loc":{"start":{"line":113,"column":12},"end":{"line":113,"column":123}},"type":"if","locations":[{"start":{"line":113,"column":12},"end":{"line":113,"column":123}},{"start":{"line":113,"column":12},"end":{"line":113,"column":123}}],"line":113},"3":{"loc":{"start":{"line":113,"column":18},"end":{"line":113,"column":46}},"type":"binary-expr","locations":[{"start":{"line":113,"column":18},"end":{"line":113,"column":30}},{"start":{"line":113,"column":34},"end":{"line":113,"column":46}}],"line":113},"4":{"loc":{"start":{"line":114,"column":12},"end":{"line":114,"column":72}},"type":"if","locations":[{"start":{"line":114,"column":12},"end":{"line":114,"column":72}},{"start":{"line":114,"column":12},"end":{"line":114,"column":72}}],"line":114},"5":{"loc":{"start":{"line":114,"column":16},"end":{"line":114,"column":39}},"type":"binary-expr","locations":[{"start":{"line":114,"column":16},"end":{"line":114,"column":24}},{"start":{"line":114,"column":28},"end":{"line":114,"column":39}}],"line":114},"6":{"loc":{"start":{"line":115,"column":12},"end":{"line":115,"column":99}},"type":"if","locations":[{"start":{"line":115,"column":12},"end":{"line":115,"column":99}},{"start":{"line":115,"column":12},"end":{"line":115,"column":99}}],"line":115},"7":{"loc":{"start":{"line":115,"column":16},"end":{"line":115,"column":55}},"type":"binary-expr","locations":[{"start":{"line":115,"column":16},"end":{"line":115,"column":27}},{"start":{"line":115,"column":31},"end":{"line":115,"column":55}}],"line":115},"8":{"loc":{"start":{"line":130,"column":12},"end":{"line":130,"column":61}},"type":"if","locations":[{"start":{"line":130,"column":12},"end":{"line":130,"column":61}},{"start":{"line":130,"column":12},"end":{"line":130,"column":61}}],"line":130},"9":{"loc":{"start":{"line":131,"column":12},"end":{"line":131,"column":73}},"type":"if","locations":[{"start":{"line":131,"column":12},"end":{"line":131,"column":73}},{"start":{"line":131,"column":12},"end":{"line":131,"column":73}}],"line":131}},"s":{"0":4,"1":15,"2":15,"3":0,"4":15,"5":0,"6":15,"7":3,"8":12,"9":1,"10":11,"11":0,"12":11,"13":3,"14":0,"15":3,"16":0,"17":3},"f":{"0":15,"1":3},"b":{"0":[0,15],"1":[0,15],"2":[3,12],"3":[15,14],"4":[1,11],"5":[12,8],"6":[0,11],"7":[11,2],"8":[0,3],"9":[0,3]},"_coverageSchema":"1a1c01bbd47fc00a2c39e90264f33305004495a9","hash":"9355d5087074f39950700d11b3206cbab49258f1"}
,"/home/giku/Documents/SE/application/src/store/mutations.js": {"path":"/home/giku/Documents/SE/application/src/store/mutations.js","statementMap":{"0":{"start":{"line":15,"column":25},"end":{"line":308,"column":1}},"1":{"start":{"line":22,"column":8},"end":{"line":22,"column":24}},"2":{"start":{"line":31,"column":20},"end":{"line":31,"column":66}},"3":{"start":{"line":32,"column":8},"end":{"line":32,"column":40}},"4":{"start":{"line":33,"column":8},"end":{"line":33,"column":42}},"5":{"start":{"line":34,"column":8},"end":{"line":34,"column":37}},"6":{"start":{"line":43,"column":20},"end":{"line":43,"column":64}},"7":{"start":{"line":44,"column":8},"end":{"line":44,"column":44}},"8":{"start":{"line":45,"column":8},"end":{"line":45,"column":46}},"9":{"start":{"line":46,"column":8},"end":{"line":46,"column":41}},"10":{"start":{"line":56,"column":20},"end":{"line":56,"column":65}},"11":{"start":{"line":57,"column":8},"end":{"line":57,"column":56}},"12":{"start":{"line":58,"column":8},"end":{"line":58,"column":58}},"13":{"start":{"line":59,"column":8},"end":{"line":59,"column":53}},"14":{"start":{"line":69,"column":8},"end":{"line":71,"column":9}},"15":{"start":{"line":70,"column":12},"end":{"line":70,"column":93}},"16":{"start":{"line":72,"column":8},"end":{"line":85,"column":9}},"17":{"start":{"line":74,"column":16},"end":{"line":76,"column":17}},"18":{"start":{"line":75,"column":20},"end":{"line":75,"column":81}},"19":{"start":{"line":77,"column":16},"end":{"line":77,"column":22}},"20":{"start":{"line":79,"column":16},"end":{"line":81,"column":17}},"21":{"start":{"line":80,"column":20},"end":{"line":80,"column":75}},"22":{"start":{"line":82,"column":16},"end":{"line":82,"column":22}},"23":{"start":{"line":84,"column":16},"end":{"line":84,"column":55}},"24":{"start":{"line":95,"column":8},"end":{"line":95,"column":32}},"25":{"start":{"line":96,"column":8},"end":{"line":97,"column":90}},"26":{"start":{"line":96,"column":49},"end":{"line":96,"column":95}},"27":{"start":{"line":97,"column":13},"end":{"line":97,"column":90}},"28":{"start":{"line":97,"column":49},"end":{"line":97,"column":90}},"29":{"start":{"line":105,"column":8},"end":{"line":105,"column":103}},"30":{"start":{"line":105,"column":49},"end":{"line":105,"column":103}},"31":{"start":{"line":106,"column":8},"end":{"line":106,"column":75}},"32":{"start":{"line":106,"column":45},"end":{"line":106,"column":75}},"33":{"start":{"line":108,"column":8},"end":{"line":108,"column":27}},"34":{"start":{"line":109,"column":8},"end":{"line":109,"column":44}},"35":{"start":{"line":110,"column":8},"end":{"line":110,"column":65}},"36":{"start":{"line":118,"column":8},"end":{"line":118,"column":93}},"37":{"start":{"line":118,"column":44},"end":{"line":118,"column":93}},"38":{"start":{"line":119,"column":8},"end":{"line":119,"column":84}},"39":{"start":{"line":119,"column":49},"end":{"line":119,"column":84}},"40":{"start":{"line":121,"column":8},"end":{"line":121,"column":27}},"41":{"start":{"line":122,"column":8},"end":{"line":122,"column":39}},"42":{"start":{"line":123,"column":8},"end":{"line":123,"column":60}},"43":{"start":{"line":133,"column":20},"end":{"line":133,"column":66}},"44":{"start":{"line":134,"column":8},"end":{"line":134,"column":60}},"45":{"start":{"line":135,"column":8},"end":{"line":135,"column":62}},"46":{"start":{"line":136,"column":8},"end":{"line":136,"column":57}},"47":{"start":{"line":146,"column":20},"end":{"line":146,"column":63}},"48":{"start":{"line":147,"column":8},"end":{"line":147,"column":66}},"49":{"start":{"line":148,"column":8},"end":{"line":148,"column":68}},"50":{"start":{"line":149,"column":8},"end":{"line":149,"column":63}},"51":{"start":{"line":159,"column":20},"end":{"line":159,"column":63}},"52":{"start":{"line":160,"column":8},"end":{"line":160,"column":65}},"53":{"start":{"line":161,"column":8},"end":{"line":161,"column":67}},"54":{"start":{"line":162,"column":8},"end":{"line":162,"column":62}},"55":{"start":{"line":170,"column":19},"end":{"line":176,"column":9}},"56":{"start":{"line":177,"column":8},"end":{"line":177,"column":31}},"57":{"start":{"line":186,"column":8},"end":{"line":186,"column":37}},"58":{"start":{"line":196,"column":20},"end":{"line":196,"column":65}},"59":{"start":{"line":197,"column":8},"end":{"line":197,"column":53}},"60":{"start":{"line":198,"column":8},"end":{"line":198,"column":55}},"61":{"start":{"line":199,"column":8},"end":{"line":199,"column":50}},"62":{"start":{"line":209,"column":20},"end":{"line":209,"column":66}},"63":{"start":{"line":210,"column":8},"end":{"line":210,"column":51}},"64":{"start":{"line":211,"column":8},"end":{"line":211,"column":53}},"65":{"start":{"line":212,"column":8},"end":{"line":212,"column":48}},"66":{"start":{"line":222,"column":20},"end":{"line":222,"column":67}},"67":{"start":{"line":223,"column":8},"end":{"line":223,"column":51}},"68":{"start":{"line":224,"column":8},"end":{"line":224,"column":53}},"69":{"start":{"line":225,"column":8},"end":{"line":225,"column":48}},"70":{"start":{"line":236,"column":20},"end":{"line":236,"column":55}},"71":{"start":{"line":237,"column":8},"end":{"line":237,"column":110}},"72":{"start":{"line":248,"column":20},"end":{"line":248,"column":55}},"73":{"start":{"line":249,"column":8},"end":{"line":249,"column":112}},"74":{"start":{"line":257,"column":20},"end":{"line":261,"column":9}},"75":{"start":{"line":262,"column":8},"end":{"line":262,"column":33}},"76":{"start":{"line":271,"column":8},"end":{"line":271,"column":38}},"77":{"start":{"line":281,"column":8},"end":{"line":281,"column":40}},"78":{"start":{"line":291,"column":20},"end":{"line":291,"column":65}},"79":{"start":{"line":292,"column":8},"end":{"line":292,"column":54}},"80":{"start":{"line":293,"column":8},"end":{"line":293,"column":56}},"81":{"start":{"line":294,"column":8},"end":{"line":294,"column":51}},"82":{"start":{"line":305,"column":20},"end":{"line":305,"column":55}},"83":{"start":{"line":306,"column":8},"end":{"line":306,"column":110}}},"fnMap":{"0":{"name":"(anonymous_0)","decl":{"start":{"line":21,"column":4},"end":{"line":21,"column":5}},"loc":{"start":{"line":21,"column":24},"end":{"line":23,"column":5}},"line":21},"1":{"name":"(anonymous_1)","decl":{"start":{"line":30,"column":4},"end":{"line":30,"column":5}},"loc":{"start":{"line":30,"column":32},"end":{"line":35,"column":5}},"line":30},"2":{"name":"(anonymous_2)","decl":{"start":{"line":42,"column":4},"end":{"line":42,"column":5}},"loc":{"start":{"line":42,"column":36},"end":{"line":47,"column":5}},"line":42},"3":{"name":"(anonymous_3)","decl":{"start":{"line":55,"column":4},"end":{"line":55,"column":5}},"loc":{"start":{"line":55,"column":36},"end":{"line":60,"column":5}},"line":55},"4":{"name":"(anonymous_4)","decl":{"start":{"line":68,"column":4},"end":{"line":68,"column":5}},"loc":{"start":{"line":68,"column":55},"end":{"line":86,"column":5}},"line":68},"5":{"name":"(anonymous_5)","decl":{"start":{"line":94,"column":4},"end":{"line":94,"column":5}},"loc":{"start":{"line":94,"column":49},"end":{"line":98,"column":5}},"line":94},"6":{"name":"(anonymous_6)","decl":{"start":{"line":104,"column":4},"end":{"line":104,"column":5}},"loc":{"start":{"line":104,"column":37},"end":{"line":111,"column":5}},"line":104},"7":{"name":"(anonymous_7)","decl":{"start":{"line":117,"column":4},"end":{"line":117,"column":5}},"loc":{"start":{"line":117,"column":32},"end":{"line":124,"column":5}},"line":117},"8":{"name":"(anonymous_8)","decl":{"start":{"line":132,"column":4},"end":{"line":132,"column":5}},"loc":{"start":{"line":132,"column":40},"end":{"line":137,"column":5}},"line":132},"9":{"name":"(anonymous_9)","decl":{"start":{"line":145,"column":4},"end":{"line":145,"column":5}},"loc":{"start":{"line":145,"column":46},"end":{"line":150,"column":5}},"line":145},"10":{"name":"(anonymous_10)","decl":{"start":{"line":158,"column":4},"end":{"line":158,"column":5}},"loc":{"start":{"line":158,"column":45},"end":{"line":163,"column":5}},"line":158},"11":{"name":"(anonymous_11)","decl":{"start":{"line":169,"column":4},"end":{"line":169,"column":5}},"loc":{"start":{"line":169,"column":22},"end":{"line":178,"column":5}},"line":169},"12":{"name":"(anonymous_12)","decl":{"start":{"line":185,"column":4},"end":{"line":185,"column":5}},"loc":{"start":{"line":185,"column":30},"end":{"line":187,"column":5}},"line":185},"13":{"name":"(anonymous_13)","decl":{"start":{"line":195,"column":4},"end":{"line":195,"column":5}},"loc":{"start":{"line":195,"column":42},"end":{"line":200,"column":5}},"line":195},"14":{"name":"(anonymous_14)","decl":{"start":{"line":208,"column":4},"end":{"line":208,"column":5}},"loc":{"start":{"line":208,"column":40},"end":{"line":213,"column":5}},"line":208},"15":{"name":"(anonymous_15)","decl":{"start":{"line":221,"column":4},"end":{"line":221,"column":5}},"loc":{"start":{"line":221,"column":40},"end":{"line":226,"column":5}},"line":221},"16":{"name":"(anonymous_16)","decl":{"start":{"line":235,"column":4},"end":{"line":235,"column":5}},"loc":{"start":{"line":235,"column":57},"end":{"line":238,"column":5}},"line":235},"17":{"name":"(anonymous_17)","decl":{"start":{"line":247,"column":4},"end":{"line":247,"column":5}},"loc":{"start":{"line":247,"column":59},"end":{"line":250,"column":5}},"line":247},"18":{"name":"(anonymous_18)","decl":{"start":{"line":256,"column":4},"end":{"line":256,"column":5}},"loc":{"start":{"line":256,"column":22},"end":{"line":263,"column":5}},"line":256},"19":{"name":"(anonymous_19)","decl":{"start":{"line":270,"column":4},"end":{"line":270,"column":5}},"loc":{"start":{"line":270,"column":31},"end":{"line":272,"column":5}},"line":270},"20":{"name":"(anonymous_20)","decl":{"start":{"line":280,"column":4},"end":{"line":280,"column":5}},"loc":{"start":{"line":280,"column":38},"end":{"line":282,"column":5}},"line":280},"21":{"name":"(anonymous_21)","decl":{"start":{"line":290,"column":4},"end":{"line":290,"column":5}},"loc":{"start":{"line":290,"column":50},"end":{"line":295,"column":5}},"line":290},"22":{"name":"(anonymous_22)","decl":{"start":{"line":304,"column":4},"end":{"line":304,"column":5}},"loc":{"start":{"line":304,"column":60},"end":{"line":307,"column":5}},"line":304}},"branchMap":{"0":{"loc":{"start":{"line":69,"column":8},"end":{"line":71,"column":9}},"type":"if","locations":[{"start":{"line":69,"column":8},"end":{"line":71,"column":9}},{"start":{"line":69,"column":8},"end":{"line":71,"column":9}}],"line":69},"1":{"loc":{"start":{"line":72,"column":8},"end":{"line":85,"column":9}},"type":"switch","locations":[{"start":{"line":73,"column":12},"end":{"line":77,"column":22}},{"start":{"line":78,"column":12},"end":{"line":82,"column":22}},{"start":{"line":83,"column":12},"end":{"line":84,"column":55}}],"line":72},"2":{"loc":{"start":{"line":74,"column":16},"end":{"line":76,"column":17}},"type":"if","locations":[{"start":{"line":74,"column":16},"end":{"line":76,"column":17}},{"start":{"line":74,"column":16},"end":{"line":76,"column":17}}],"line":74},"3":{"loc":{"start":{"line":79,"column":16},"end":{"line":81,"column":17}},"type":"if","locations":[{"start":{"line":79,"column":16},"end":{"line":81,"column":17}},{"start":{"line":79,"column":16},"end":{"line":81,"column":17}}],"line":79},"4":{"loc":{"start":{"line":96,"column":8},"end":{"line":97,"column":90}},"type":"if","locations":[{"start":{"line":96,"column":8},"end":{"line":97,"column":90}},{"start":{"line":96,"column":8},"end":{"line":97,"column":90}}],"line":96},"5":{"loc":{"start":{"line":97,"column":13},"end":{"line":97,"column":90}},"type":"if","locations":[{"start":{"line":97,"column":13},"end":{"line":97,"column":90}},{"start":{"line":97,"column":13},"end":{"line":97,"column":90}}],"line":97},"6":{"loc":{"start":{"line":105,"column":8},"end":{"line":105,"column":103}},"type":"if","locations":[{"start":{"line":105,"column":8},"end":{"line":105,"column":103}},{"start":{"line":105,"column":8},"end":{"line":105,"column":103}}],"line":105},"7":{"loc":{"start":{"line":106,"column":8},"end":{"line":106,"column":75}},"type":"if","locations":[{"start":{"line":106,"column":8},"end":{"line":106,"column":75}},{"start":{"line":106,"column":8},"end":{"line":106,"column":75}}],"line":106},"8":{"loc":{"start":{"line":118,"column":8},"end":{"line":118,"column":93}},"type":"if","locations":[{"start":{"line":118,"column":8},"end":{"line":118,"column":93}},{"start":{"line":118,"column":8},"end":{"line":118,"column":93}}],"line":118},"9":{"loc":{"start":{"line":119,"column":8},"end":{"line":119,"column":84}},"type":"if","locations":[{"start":{"line":119,"column":8},"end":{"line":119,"column":84}},{"start":{"line":119,"column":8},"end":{"line":119,"column":84}}],"line":119}},"s":{"0":4,"1":5,"2":1,"3":1,"4":1,"5":1,"6":1,"7":1,"8":1,"9":1,"10":1,"11":1,"12":1,"13":1,"14":2,"15":0,"16":2,"17":1,"18":1,"19":1,"20":1,"21":1,"22":1,"23":0,"24":0,"25":0,"26":0,"27":0,"28":0,"29":0,"30":0,"31":0,"32":0,"33":0,"34":0,"35":0,"36":0,"37":0,"38":0,"39":0,"40":0,"41":0,"42":0,"43":1,"44":1,"45":1,"46":1,"47":1,"48":1,"49":1,"50":1,"51":1,"52":1,"53":1,"54":1,"55":3,"56":3,"57":1,"58":1,"59":1,"60":1,"61":1,"62":1,"63":1,"64":1,"65":1,"66":1,"67":1,"68":1,"69":1,"70":1,"71":1,"72":1,"73":1,"74":5,"75":5,"76":1,"77":1,"78":1,"79":1,"80":1,"81":1,"82":1,"83":1},"f":{"0":5,"1":1,"2":1,"3":1,"4":2,"5":0,"6":0,"7":0,"8":1,"9":1,"10":1,"11":3,"12":1,"13":1,"14":1,"15":1,"16":1,"17":1,"18":5,"19":1,"20":1,"21":1,"22":1},"b":{"0":[0,2],"1":[1,1,0],"2":[1,0],"3":[1,0],"4":[0,0],"5":[0,0],"6":[0,0],"7":[0,0],"8":[0,0],"9":[0,0]},"_coverageSchema":"1a1c01bbd47fc00a2c39e90264f33305004495a9","hash":"30e8e356e25ecdae48c764b7ed2b77fba72d93f0"}
,"/home/giku/Documents/SE/application/src/util/avg.js": {"path":"/home/giku/Documents/SE/application/src/util/avg.js","statementMap":{"0":{"start":{"line":2,"column":4},"end":{"line":2,"column":85}},"1":{"start":{"line":2,"column":49},"end":{"line":2,"column":70}}},"fnMap":{"0":{"name":"avg","decl":{"start":{"line":1,"column":24},"end":{"line":1,"column":27}},"loc":{"start":{"line":1,"column":34},"end":{"line":3,"column":1}},"line":1},"1":{"name":"(anonymous_1)","decl":{"start":{"line":2,"column":24},"end":{"line":2,"column":25}},"loc":{"start":{"line":2,"column":49},"end":{"line":2,"column":70}},"line":2}},"branchMap":{},"s":{"0":0,"1":0},"f":{"0":0,"1":0},"b":{},"_coverageSchema":"1a1c01bbd47fc00a2c39e90264f33305004495a9","hash":"94cdff31b6c18ffba8920562c357cb9ff7ca8846"}
,"/home/giku/Documents/SE/application/src/util/haversine.js": {"path":"/home/giku/Documents/SE/application/src/util/haversine.js","statementMap":{"0":{"start":{"line":2,"column":16},"end":{"line":2,"column":49}},"1":{"start":{"line":2,"column":28},"end":{"line":2,"column":48}},"2":{"start":{"line":3,"column":12},"end":{"line":3,"column":18}},"3":{"start":{"line":4,"column":15},"end":{"line":4,"column":27}},"4":{"start":{"line":5,"column":15},"end":{"line":5,"column":27}},"5":{"start":{"line":7,"column":21},"end":{"line":7,"column":39}},"6":{"start":{"line":8,"column":21},"end":{"line":8,"column":39}},"7":{"start":{"line":10,"column":14},"end":{"line":12,"column":40}},"8":{"start":{"line":13,"column":14},"end":{"line":13,"column":41}},"9":{"start":{"line":15,"column":4},"end":{"line":15,"column":17}}},"fnMap":{"0":{"name":"haversine","decl":{"start":{"line":1,"column":24},"end":{"line":1,"column":33}},"loc":{"start":{"line":1,"column":38},"end":{"line":16,"column":1}},"line":1},"1":{"name":"(anonymous_1)","decl":{"start":{"line":2,"column":16},"end":{"line":2,"column":17}},"loc":{"start":{"line":2,"column":27},"end":{"line":2,"column":49}},"line":2}},"branchMap":{},"s":{"0":0,"1":0,"2":0,"3":0,"4":0,"5":0,"6":0,"7":0,"8":0,"9":0},"f":{"0":0,"1":0},"b":{},"_coverageSchema":"1a1c01bbd47fc00a2c39e90264f33305004495a9","hash":"5236e175d3ac205e4c0de360b6374df09b3ed852"}
}
