TN:
SF:src/classes/Router.js
FN:15,(anonymous_0)
FN:20,(anonymous_1)
FN:24,(anonymous_2)
FN:25,(anonymous_3)
FN:26,(anonymous_4)
FN:29,(anonymous_5)
FN:32,(anonymous_6)
FN:37,(anonymous_7)
FN:38,(anonymous_8)
FN:45,(anonymous_9)
FN:55,(anonymous_10)
FN:80,(anonymous_11)
FN:87,(anonymous_12)
FN:96,(anonymous_13)
FNF:14
FNH:0
FNDA:0,(anonymous_0)
FNDA:0,(anonymous_1)
FNDA:0,(anonymous_2)
FNDA:0,(anonymous_3)
FNDA:0,(anonymous_4)
FNDA:0,(anonymous_5)
FNDA:0,(anonymous_6)
FNDA:0,(anonymous_7)
FNDA:0,(anonymous_8)
FNDA:0,(anonymous_9)
FNDA:0,(anonymous_10)
FNDA:0,(anonymous_11)
FNDA:0,(anonymous_12)
FNDA:0,(anonymous_13)
DA:4,0
DA:5,0
DA:6,0
DA:7,0
DA:9,0
DA:10,0
DA:11,0
DA:12,0
DA:16,0
DA:17,0
DA:21,0
DA:23,0
DA:24,0
DA:25,0
DA:26,0
DA:30,0
DA:31,0
DA:33,0
DA:34,0
DA:36,0
DA:37,0
DA:38,0
DA:39,0
DA:46,0
DA:56,0
DA:57,0
DA:58,0
DA:59,0
DA:61,0
DA:62,0
DA:69,0
DA:70,0
DA:77,0
DA:81,0
DA:88,0
DA:89,0
DA:90,0
DA:91,0
DA:93,0
DA:97,0
LF:40
LH:0
BRDA:33,0,0,0
BRDA:33,0,1,0
BRDA:69,1,0,0
BRDA:69,1,1,0
BRF:4
BRH:0
end_of_record
TN:
SF:src/classes/Time.js
FN:27,(anonymous_0)
FN:36,(anonymous_1)
FN:37,(anonymous_2)
FN:48,(anonymous_3)
FN:57,(anonymous_4)
FN:65,(anonymous_5)
FN:73,(anonymous_6)
FN:80,(anonymous_7)
FN:90,(anonymous_8)
FN:97,(anonymous_9)
FN:107,(anonymous_10)
FN:114,(anonymous_11)
FNF:12
FNH:1
FNDA:3,(anonymous_0)
FNDA:0,(anonymous_1)
FNDA:0,(anonymous_2)
FNDA:0,(anonymous_3)
FNDA:0,(anonymous_4)
FNDA:0,(anonymous_5)
FNDA:0,(anonymous_6)
FNDA:0,(anonymous_7)
FNDA:0,(anonymous_8)
FNDA:0,(anonymous_9)
FNDA:0,(anonymous_10)
FNDA:0,(anonymous_11)
DA:5,3
DA:6,3
DA:9,3
DA:12,3
DA:28,3
DA:29,3
DA:30,3
DA:37,0
DA:38,0
DA:39,0
DA:41,0
DA:49,0
DA:58,0
DA:66,0
DA:74,0
DA:81,0
DA:82,0
DA:91,0
DA:98,0
DA:99,0
DA:108,0
DA:115,0
LF:22
LH:7
BRDA:38,0,0,0
BRDA:38,0,1,0
BRDA:39,1,0,0
BRDA:39,1,1,0
BRDA:57,2,0,0
BRDA:81,3,0,0
BRDA:81,3,1,0
BRDA:82,4,0,0
BRDA:82,4,1,0
BRDA:98,5,0,0
BRDA:98,5,1,0
BRDA:99,6,0,0
BRDA:99,6,1,0
BRDA:115,7,0,0
BRDA:115,7,1,0
BRF:15
BRH:0
end_of_record
TN:
SF:src/classes/goods/Good.js
FN:44,(anonymous_0)
FN:56,(anonymous_1)
FN:60,(anonymous_2)
FN:64,(anonymous_3)
FN:71,(anonymous_4)
FN:82,(anonymous_5)
FN:98,(anonymous_6)
FN:114,(anonymous_7)
FN:124,(anonymous_8)
FN:131,(anonymous_9)
FN:135,(anonymous_10)
FNF:11
FNH:0
FNDA:0,(anonymous_0)
FNDA:0,(anonymous_1)
FNDA:0,(anonymous_2)
FNDA:0,(anonymous_3)
FNDA:0,(anonymous_4)
FNDA:0,(anonymous_5)
FNDA:0,(anonymous_6)
FNDA:0,(anonymous_7)
FNDA:0,(anonymous_8)
FNDA:0,(anonymous_9)
FNDA:0,(anonymous_10)
DA:8,0
DA:9,0
DA:10,0
DA:26,0
DA:27,0
DA:28,0
DA:30,0
DA:31,0
DA:32,0
DA:34,0
DA:38,0
DA:42,0
DA:45,0
DA:46,0
DA:47,0
DA:48,0
DA:49,0
DA:50,0
DA:51,0
DA:52,0
DA:53,0
DA:57,0
DA:61,0
DA:65,0
DA:66,0
DA:68,0
DA:72,0
DA:73,0
DA:75,0
DA:83,0
DA:84,0
DA:85,0
DA:86,0
DA:87,0
DA:88,0
DA:89,0
DA:99,0
DA:100,0
DA:101,0
DA:102,0
DA:104,0
DA:107,0
DA:115,0
DA:116,0
DA:117,0
DA:125,0
DA:132,0
DA:136,0
DA:137,0
DA:138,0
LF:50
LH:0
BRDA:65,0,0,0
BRDA:65,0,1,0
BRDA:72,1,0,0
BRDA:72,1,1,0
BRDA:89,2,0,0
BRDA:89,2,1,0
BRDA:102,3,0,0
BRDA:102,3,1,0
BRDA:107,4,0,0
BRDA:107,4,1,0
BRDA:117,5,0,0
BRDA:117,5,1,0
BRF:12
BRH:0
end_of_record
TN:
SF:src/classes/simulation/FreightPlatform.js
FN:28,(anonymous_0)
FN:32,(anonymous_1)
FN:38,(anonymous_2)
FN:39,(anonymous_3)
FN:47,(anonymous_4)
FN:53,(anonymous_5)
FN:62,(anonymous_6)
FN:73,(anonymous_7)
FNF:8
FNH:0
FNDA:0,(anonymous_0)
FNDA:0,(anonymous_1)
FNDA:0,(anonymous_2)
FNDA:0,(anonymous_3)
FNDA:0,(anonymous_4)
FNDA:0,(anonymous_5)
FNDA:0,(anonymous_6)
FNDA:0,(anonymous_7)
DA:21,0
DA:29,0
DA:30,0
DA:31,0
DA:32,0
DA:39,0
DA:40,0
DA:48,0
DA:49,0
DA:50,0
DA:51,0
DA:52,0
DA:53,0
DA:54,0
DA:63,0
DA:64,0
DA:65,0
DA:66,0
DA:67,0
DA:69,0
DA:74,0
LF:21
LH:0
BRDA:66,0,0,0
BRDA:66,0,1,0
BRF:2
BRH:0
end_of_record
TN:
SF:src/classes/simulation/Simulation.js
FN:26,(anonymous_0)
FN:31,(anonymous_1)
FN:37,(anonymous_2)
FN:46,(anonymous_3)
FN:57,(anonymous_4)
FN:64,(anonymous_5)
FN:65,(anonymous_6)
FN:66,(anonymous_7)
FN:69,(anonymous_8)
FN:70,(anonymous_9)
FN:73,(anonymous_10)
FN:77,(anonymous_11)
FN:80,(anonymous_12)
FN:95,(anonymous_13)
FN:99,(anonymous_14)
FN:111,(anonymous_15)
FN:113,(anonymous_16)
FN:121,(anonymous_17)
FN:132,(anonymous_18)
FN:134,(anonymous_19)
FN:142,(anonymous_20)
FN:153,(anonymous_21)
FN:154,(anonymous_22)
FN:157,(anonymous_23)
FN:166,(anonymous_24)
FN:168,(anonymous_25)
FN:173,(anonymous_26)
FN:176,(anonymous_27)
FN:182,(anonymous_28)
FN:188,(anonymous_29)
FNF:30
FNH:1
FNDA:2,(anonymous_0)
FNDA:0,(anonymous_1)
FNDA:0,(anonymous_2)
FNDA:0,(anonymous_3)
FNDA:0,(anonymous_4)
FNDA:0,(anonymous_5)
FNDA:0,(anonymous_6)
FNDA:0,(anonymous_7)
FNDA:0,(anonymous_8)
FNDA:0,(anonymous_9)
FNDA:0,(anonymous_10)
FNDA:0,(anonymous_11)
FNDA:0,(anonymous_12)
FNDA:0,(anonymous_13)
FNDA:0,(anonymous_14)
FNDA:0,(anonymous_15)
FNDA:0,(anonymous_16)
FNDA:0,(anonymous_17)
FNDA:0,(anonymous_18)
FNDA:0,(anonymous_19)
FNDA:0,(anonymous_20)
FNDA:0,(anonymous_21)
FNDA:0,(anonymous_22)
FNDA:0,(anonymous_23)
FNDA:0,(anonymous_24)
FNDA:0,(anonymous_25)
FNDA:0,(anonymous_26)
FNDA:0,(anonymous_27)
FNDA:0,(anonymous_28)
FNDA:0,(anonymous_29)
DA:17,2
DA:18,2
DA:19,2
DA:20,2
DA:21,2
DA:22,2
DA:23,2
DA:24,2
DA:27,2
DA:28,2
DA:32,0
DA:33,0
DA:34,0
DA:38,0
DA:39,0
DA:40,0
DA:41,0
DA:42,0
DA:43,0
DA:47,0
DA:48,0
DA:49,0
DA:50,0
DA:51,0
DA:52,0
DA:53,0
DA:58,0
DA:59,0
DA:60,0
DA:61,0
DA:65,0
DA:66,0
DA:70,0
DA:74,0
DA:78,0
DA:79,0
DA:80,0
DA:81,0
DA:89,0
DA:90,0
DA:92,0
DA:96,0
DA:100,0
DA:102,0
DA:104,0
DA:106,0
DA:107,0
DA:112,0
DA:113,0
DA:114,0
DA:115,0
DA:118,0
DA:122,0
DA:128,0
DA:129,0
DA:133,0
DA:134,0
DA:135,0
DA:136,0
DA:139,0
DA:143,0
DA:149,0
DA:150,0
DA:154,0
DA:158,0
DA:159,0
DA:160,0
DA:161,0
DA:167,0
DA:168,0
DA:169,0
DA:172,0
DA:174,0
DA:176,0
DA:183,0
DA:184,0
DA:189,0
DA:190,0
DA:194,0
LF:79
LH:10
BRDA:47,0,0,0
BRDA:47,0,1,0
BRDA:100,1,0,0
BRDA:100,1,1,0
BRDA:100,1,2,0
BRDA:158,2,0,0
BRDA:158,2,1,0
BRDA:160,3,0,0
BRDA:160,3,1,0
BRDA:160,4,0,0
BRDA:160,4,1,0
BRDA:180,5,0,0
BRDA:180,5,1,0
BRDA:186,6,0,0
BRDA:186,6,1,0
BRF:15
BRH:0
end_of_record
TN:
SF:src/classes/simulation/SimulationType.js
FNF:0
FNH:0
DA:4,3
LF:1
LH:1
BRF:0
BRH:0
end_of_record
TN:
SF:src/classes/simulation/TruckTracker.js
FN:8,(anonymous_0)
FN:13,(anonymous_1)
FN:27,(anonymous_2)
FNF:3
FNH:0
FNDA:0,(anonymous_0)
FNDA:0,(anonymous_1)
FNDA:0,(anonymous_2)
DA:3,0
DA:4,0
DA:5,0
DA:6,0
DA:9,0
DA:10,0
DA:14,0
DA:15,0
DA:16,0
DA:17,0
DA:18,0
DA:19,0
DA:22,0
DA:28,0
LF:14
LH:0
BRDA:15,0,0,0
BRDA:15,0,1,0
BRDA:16,1,0,0
BRDA:16,1,1,0
BRF:4
BRH:0
end_of_record
TN:
SF:src/classes/trucks/CostHandler.js
FN:7,(anonymous_0)
FN:12,(anonymous_1)
FN:55,(anonymous_2)
FNF:3
FNH:0
FNDA:0,(anonymous_0)
FNDA:0,(anonymous_1)
FNDA:0,(anonymous_2)
DA:8,0
DA:9,0
DA:14,0
DA:15,0
DA:18,0
DA:19,0
DA:20,0
DA:22,0
DA:23,0
DA:24,0
DA:27,0
DA:29,0
DA:30,0
DA:31,0
DA:32,0
DA:36,0
DA:37,0
DA:40,0
DA:41,0
DA:43,0
DA:44,0
DA:57,0
DA:58,0
DA:59,0
DA:61,0
DA:62,0
DA:63,0
DA:64,0
DA:66,0
DA:67,0
DA:69,0
LF:31
LH:0
BRDA:14,0,0,0
BRDA:14,0,1,0
BRDA:15,1,0,0
BRDA:15,1,1,0
BRDA:22,2,0,0
BRDA:22,2,1,0
BRDA:40,3,0,0
BRDA:40,3,1,0
BRDA:57,4,0,0
BRDA:57,4,1,0
BRDA:58,5,0,0
BRDA:58,5,1,0
BRDA:61,6,0,0
BRDA:61,6,1,0
BRDA:66,7,0,0
BRDA:66,7,1,0
BRF:16
BRH:0
end_of_record
TN:
SF:src/classes/trucks/PlanManager.js
FN:39,(anonymous_0)
FN:47,(anonymous_1)
FN:56,(anonymous_2)
FN:60,(anonymous_3)
FN:77,(anonymous_4)
FN:84,(anonymous_5)
FN:91,(anonymous_6)
FN:107,(anonymous_7)
FN:119,(anonymous_8)
FN:123,(anonymous_9)
FN:127,(anonymous_10)
FN:131,(anonymous_11)
FN:135,(anonymous_12)
FNF:13
FNH:0
FNDA:0,(anonymous_0)
FNDA:0,(anonymous_1)
FNDA:0,(anonymous_2)
FNDA:0,(anonymous_3)
FNDA:0,(anonymous_4)
FNDA:0,(anonymous_5)
FNDA:0,(anonymous_6)
FNDA:0,(anonymous_7)
FNDA:0,(anonymous_8)
FNDA:0,(anonymous_9)
FNDA:0,(anonymous_10)
FNDA:0,(anonymous_11)
FNDA:0,(anonymous_12)
DA:7,0
DA:26,0
DA:35,0
DA:40,0
DA:41,0
DA:48,0
DA:53,0
DA:57,0
DA:58,0
DA:59,0
DA:60,0
DA:61,0
DA:66,0
DA:78,0
DA:79,0
DA:80,0
DA:81,0
DA:85,0
DA:86,0
DA:87,0
DA:92,0
DA:108,0
DA:120,0
DA:124,0
DA:128,0
DA:132,0
DA:136,0
DA:137,0
DA:138,0
LF:29
LH:0
BRDA:57,0,0,0
BRDA:57,0,1,0
BRDA:57,1,0,0
BRDA:57,1,1,0
BRDA:97,2,0,0
BRDA:97,2,1,0
BRDA:100,3,0,0
BRDA:100,3,1,0
BRDA:136,4,0,0
BRDA:136,4,1,0
BRF:10
BRH:0
end_of_record
TN:
SF:src/classes/trucks/SharedTruck.js
FN:4,(anonymous_0)
FN:14,(anonymous_1)
FNF:2
FNH:0
FNDA:0,(anonymous_0)
FNDA:0,(anonymous_1)
DA:5,0
DA:16,0
DA:19,0
DA:20,0
DA:21,0
DA:23,0
DA:25,0
DA:27,0
DA:28,0
DA:31,0
LF:10
LH:0
BRDA:19,0,0,0
BRDA:19,0,1,0
BRDA:23,1,0,0
BRDA:23,1,1,0
BRDA:23,2,0,0
BRDA:23,2,1,0
BRDA:23,2,2,0
BRDA:28,3,0,0
BRDA:28,3,1,0
BRF:9
BRH:0
end_of_record
TN:
SF:src/classes/trucks/TraditionalTruck.js
FN:5,(anonymous_0)
FN:15,(anonymous_1)
FNF:2
FNH:0
FNDA:0,(anonymous_0)
FNDA:0,(anonymous_1)
DA:6,0
DA:17,0
DA:20,0
DA:21,0
DA:24,0
DA:25,0
DA:26,0
DA:27,0
DA:28,0
DA:29,0
DA:31,0
LF:11
LH:0
BRDA:20,0,0,0
BRDA:20,0,1,0
BRDA:20,1,0,0
BRDA:20,1,1,0
BRDA:24,2,0,0
BRDA:24,2,1,0
BRDA:26,3,0,0
BRDA:26,3,1,0
BRDA:26,4,0,0
BRDA:26,4,1,0
BRDA:29,5,0,0
BRDA:29,5,1,0
BRF:12
BRH:0
end_of_record
TN:
SF:src/classes/trucks/Truck.js
FN:118,(anonymous_0)
FN:133,(anonymous_1)
FN:141,(anonymous_2)
FN:151,(anonymous_3)
FN:162,(anonymous_4)
FN:172,(anonymous_5)
FN:180,(anonymous_6)
FN:185,(anonymous_7)
FN:200,(anonymous_8)
FN:228,(anonymous_9)
FN:240,(anonymous_10)
FN:276,(anonymous_11)
FN:287,(anonymous_12)
FNF:13
FNH:0
FNDA:0,(anonymous_0)
FNDA:0,(anonymous_1)
FNDA:0,(anonymous_2)
FNDA:0,(anonymous_3)
FNDA:0,(anonymous_4)
FNDA:0,(anonymous_5)
FNDA:0,(anonymous_6)
FNDA:0,(anonymous_7)
FNDA:0,(anonymous_8)
FNDA:0,(anonymous_9)
FNDA:0,(anonymous_10)
FNDA:0,(anonymous_11)
FNDA:0,(anonymous_12)
DA:27,0
DA:33,0
DA:42,0
DA:51,0
DA:57,0
DA:63,0
DA:65,0
DA:87,0
DA:92,0
DA:98,0
DA:103,0
DA:105,0
DA:107,0
DA:110,0
DA:119,0
DA:120,0
DA:121,0
DA:123,0
DA:124,0
DA:125,0
DA:126,0
DA:127,0
DA:128,0
DA:129,0
DA:130,0
DA:134,0
DA:135,0
DA:142,0
DA:152,0
DA:163,0
DA:173,0
DA:181,0
DA:182,0
DA:183,0
DA:185,0
DA:186,0
DA:187,0
DA:188,0
DA:190,0
DA:201,0
DA:203,0
DA:204,0
DA:205,0
DA:206,0
DA:207,0
DA:209,0
DA:210,0
DA:211,0
DA:212,0
DA:213,0
DA:214,0
DA:216,0
DA:217,0
DA:219,0
DA:220,0
DA:229,0
DA:230,0
DA:231,0
DA:241,0
DA:242,0
DA:243,0
DA:244,0
DA:245,0
DA:246,0
DA:247,0
DA:249,0
DA:250,0
DA:251,0
DA:252,0
DA:253,0
DA:255,0
DA:256,0
DA:257,0
DA:258,0
DA:259,0
DA:260,0
DA:261,0
DA:277,0
DA:288,0
DA:289,0
LF:80
LH:0
BRDA:120,0,0,0
BRDA:120,0,1,0
BRDA:182,1,0,0
BRDA:182,1,1,0
BRDA:186,2,0,0
BRDA:186,2,1,0
BRDA:201,3,0,0
BRDA:201,3,1,0
BRDA:201,3,2,0
BRDA:243,4,0,0
BRDA:243,4,1,0
BRF:11
BRH:0
end_of_record
TN:
SF:src/classes/trucks/TruckPropertyHandler.js
FN:10,(anonymous_0)
FN:31,(anonymous_1)
FN:32,(anonymous_2)
FN:38,(anonymous_3)
FNF:4
FNH:0
FNDA:0,(anonymous_0)
FNDA:0,(anonymous_1)
FNDA:0,(anonymous_2)
FNDA:0,(anonymous_3)
DA:11,0
DA:12,0
DA:32,0
DA:34,0
DA:35,0
DA:37,0
DA:38,0
DA:40,0
LF:8
LH:0
BRDA:34,0,0,0
BRDA:34,0,1,0
BRF:2
BRH:0
end_of_record
TN:
SF:src/classes/util/Observable.js
FN:5,(anonymous_0)
FN:13,(anonymous_1)
FN:14,(anonymous_2)
FNF:3
FNH:0
FNDA:0,(anonymous_0)
FNDA:0,(anonymous_1)
FNDA:0,(anonymous_2)
DA:3,0
DA:6,0
DA:7,0
DA:9,0
DA:14,0
LF:5
LH:0
BRDA:6,0,0,0
BRDA:6,0,1,0
BRF:2
BRH:0
end_of_record
TN:
SF:src/classes/util/UpdateMessage.js
FNF:0
FNH:0
LF:0
LH:0
BRF:0
BRH:0
end_of_record
TN:
SF:src/classes/view/GoodView.js
FN:8,(anonymous_0)
FN:23,(anonymous_1)
FNF:2
FNH:0
FNDA:0,(anonymous_0)
FNDA:0,(anonymous_1)
DA:6,0
DA:14,0
DA:20,0
DA:24,0
DA:26,0
DA:27,0
DA:28,0
DA:30,0
DA:31,0
LF:9
LH:0
BRDA:24,0,0,0
BRDA:24,0,1,0
BRF:2
BRH:0
end_of_record
TN:
SF:src/classes/view/TruckView.js
FN:10,(anonymous_0)
FN:29,(anonymous_1)
FN:44,(anonymous_2)
FN:59,(anonymous_3)
FNF:4
FNH:0
FNDA:0,(anonymous_0)
FNDA:0,(anonymous_1)
FNDA:0,(anonymous_2)
FNDA:0,(anonymous_3)
DA:6,0
DA:7,0
DA:8,0
DA:11,0
DA:12,0
DA:19,0
DA:26,0
DA:30,0
DA:32,0
DA:34,0
DA:36,0
DA:38,0
DA:39,0
DA:40,0
DA:45,0
DA:47,0
DA:49,0
DA:51,0
DA:53,0
DA:54,0
DA:55,0
DA:60,0
DA:62,0
DA:63,0
DA:65,0
DA:66,0
DA:68,0
DA:69,0
DA:71,0
LF:29
LH:0
BRDA:30,0,0,0
BRDA:30,0,1,0
BRDA:30,0,2,0
BRDA:30,0,3,0
BRDA:45,1,0,0
BRDA:45,1,1,0
BRDA:45,1,2,0
BRDA:45,1,3,0
BRDA:60,2,0,0
BRDA:60,2,1,0
BRF:10
BRH:0
end_of_record
TN:
SF:src/components/SimplifiedMap.vue
FN:33,(anonymous_1)
FN:51,(anonymous_2)
FN:61,(anonymous_3)
FN:64,(anonymous_4)
FNF:4
FNH:2
FNDA:1,(anonymous_1)
FNDA:1,(anonymous_2)
FNDA:0,(anonymous_3)
FNDA:0,(anonymous_4)
DA:20,1
DA:21,1
DA:23,1
DA:34,1
DA:53,1
DA:62,0
DA:63,0
DA:64,0
DA:67,0
DA:68,0
DA:69,0
DA:70,0
DA:72,0
DA:74,0
DA:77,0
DA:78,0
DA:79,0
LF:17
LH:5
BRDA:62,0,0,0
BRDA:62,0,1,0
BRDA:63,1,0,0
BRDA:63,1,1,0
BRF:4
BRH:0
end_of_record
TN:
SF:src/store/actions.js
FNF:0
FNH:0
DA:21,3
LF:1
LH:1
BRF:0
BRH:0
end_of_record
TN:
SF:src/store/getters.js
FN:7,(anonymous_0)
FN:16,(anonymous_1)
FN:25,(anonymous_2)
FN:34,(anonymous_3)
FN:43,(anonymous_4)
FN:52,(anonymous_5)
FN:61,(anonymous_6)
FN:70,(anonymous_7)
FN:74,(anonymous_8)
FN:78,(anonymous_9)
FN:82,(anonymous_10)
FNF:11
FNH:7
FNDA:0,(anonymous_0)
FNDA:0,(anonymous_1)
FNDA:1,(anonymous_2)
FNDA:1,(anonymous_3)
FNDA:2,(anonymous_4)
FNDA:0,(anonymous_5)
FNDA:2,(anonymous_6)
FNDA:1,(anonymous_7)
FNDA:1,(anonymous_8)
FNDA:1,(anonymous_9)
FNDA:0,(anonymous_10)
DA:1,3
DA:8,0
DA:17,0
DA:26,1
DA:35,1
DA:44,2
DA:53,0
DA:62,2
DA:71,1
DA:75,1
DA:79,1
DA:83,0
LF:12
LH:8
BRF:0
BRH:0
end_of_record
TN:
SF:src/store/index.js
FN:115,(anonymous_0)
FNF:1
FNH:1
FNDA:6,(anonymous_0)
DA:9,3
DA:116,6
DA:117,0
DA:119,6
DA:120,6
DA:121,0
DA:123,6
DA:124,0
DA:126,6
DA:127,0
DA:129,6
LF:11
LH:7
BRDA:116,0,0,0
BRDA:116,0,1,6
BRDA:120,1,0,0
BRDA:120,1,1,6
BRDA:123,2,0,0
BRDA:123,2,1,6
BRDA:123,3,0,6
BRDA:123,3,1,6
BRDA:126,4,0,0
BRDA:126,4,1,6
BRDA:126,5,0,6
BRDA:126,5,1,3
BRF:12
BRH:8
end_of_record
TN:
SF:src/store/mutations.js
FN:21,(anonymous_0)
FN:30,(anonymous_1)
FN:42,(anonymous_2)
FN:55,(anonymous_3)
FN:69,(anonymous_4)
FN:95,(anonymous_5)
FN:104,(anonymous_6)
FN:116,(anonymous_7)
FN:133,(anonymous_8)
FN:146,(anonymous_9)
FN:159,(anonymous_10)
FN:170,(anonymous_11)
FN:186,(anonymous_12)
FN:196,(anonymous_13)
FN:209,(anonymous_14)
FN:222,(anonymous_15)
FN:235,(anonymous_16)
FN:246,(anonymous_17)
FN:255,(anonymous_18)
FN:269,(anonymous_19)
FN:279,(anonymous_20)
FN:290,(anonymous_21)
FN:301,(anonymous_22)
FNF:23
FNH:9
FNDA:4,(anonymous_0)
FNDA:1,(anonymous_1)
FNDA:1,(anonymous_2)
FNDA:1,(anonymous_3)
FNDA:2,(anonymous_4)
FNDA:0,(anonymous_5)
FNDA:0,(anonymous_6)
FNDA:0,(anonymous_7)
FNDA:1,(anonymous_8)
FNDA:1,(anonymous_9)
FNDA:1,(anonymous_10)
FNDA:1,(anonymous_11)
FNDA:0,(anonymous_12)
FNDA:0,(anonymous_13)
FNDA:0,(anonymous_14)
FNDA:0,(anonymous_15)
FNDA:0,(anonymous_16)
FNDA:0,(anonymous_17)
FNDA:0,(anonymous_18)
FNDA:0,(anonymous_19)
FNDA:0,(anonymous_20)
FNDA:0,(anonymous_21)
FNDA:0,(anonymous_22)
DA:15,3
DA:22,4
DA:31,1
DA:32,1
DA:33,1
DA:34,1
DA:43,1
DA:44,1
DA:45,1
DA:46,1
DA:56,1
DA:57,1
DA:58,1
DA:59,1
DA:70,2
DA:71,0
DA:73,2
DA:75,1
DA:76,1
DA:78,1
DA:80,1
DA:81,1
DA:83,1
DA:85,0
DA:96,0
DA:97,0
DA:98,0
DA:99,0
DA:100,0
DA:105,0
DA:106,0
DA:108,0
DA:109,0
DA:111,0
DA:112,0
DA:113,0
DA:117,0
DA:118,0
DA:120,0
DA:121,0
DA:123,0
DA:124,0
DA:125,0
DA:134,1
DA:135,1
DA:136,1
DA:137,1
DA:147,1
DA:148,1
DA:149,1
DA:150,1
DA:160,1
DA:161,1
DA:162,1
DA:163,1
DA:171,1
DA:178,1
DA:187,0
DA:197,0
DA:198,0
DA:199,0
DA:200,0
DA:210,0
DA:211,0
DA:212,0
DA:213,0
DA:223,0
DA:224,0
DA:225,0
DA:226,0
DA:237,0
DA:248,0
DA:256,0
DA:261,0
DA:270,0
DA:281,0
DA:292,0
DA:303,0
LF:78
LH:36
BRDA:70,0,0,0
BRDA:70,0,1,2
BRDA:73,1,0,1
BRDA:73,1,1,1
BRDA:73,1,2,0
BRDA:75,2,0,1
BRDA:75,2,1,0
BRDA:80,3,0,1
BRDA:80,3,1,0
BRDA:97,4,0,0
BRDA:97,4,1,0
BRDA:99,5,0,0
BRDA:99,5,1,0
BRDA:105,6,0,0
BRDA:105,6,1,0
BRDA:108,7,0,0
BRDA:108,7,1,0
BRDA:117,8,0,0
BRDA:117,8,1,0
BRDA:120,9,0,0
BRDA:120,9,1,0
BRF:21
BRH:5
end_of_record
TN:
SF:src/util/avg.js
FN:1,avg
FN:2,(anonymous_1)
FNF:2
FNH:0
FNDA:0,avg
FNDA:0,(anonymous_1)
DA:2,0
LF:1
LH:0
BRF:0
BRH:0
end_of_record
TN:
SF:src/util/haversine.js
FN:1,haversine
FN:2,(anonymous_1)
FNF:2
FNH:0
FNDA:0,haversine
FNDA:0,(anonymous_1)
DA:2,0
DA:3,0
DA:4,0
DA:5,0
DA:7,0
DA:8,0
DA:10,0
DA:13,0
DA:15,0
LF:9
LH:0
BRF:0
BRH:0
end_of_record
