TN:
SF:src/classes/Router.js
FN:15,(anonymous_0)
FN:20,(anonymous_1)
FN:24,(anonymous_2)
FN:25,(anonymous_3)
FN:26,(anonymous_4)
FN:29,(anonymous_5)
FN:32,(anonymous_6)
FN:37,(anonymous_7)
FN:38,(anonymous_8)
FN:43,(anonymous_9)
FN:45,(anonymous_10)
FN:46,(anonymous_11)
FN:53,(anonymous_12)
FN:63,(anonymous_13)
FN:88,(anonymous_14)
FN:95,(anonymous_15)
FN:104,(anonymous_16)
FNF:17
FNH:2
FNDA:3,(anonymous_0)
FNDA:0,(anonymous_1)
FNDA:0,(anonymous_2)
FNDA:0,(anonymous_3)
FNDA:0,(anonymous_4)
FNDA:0,(anonymous_5)
FNDA:0,(anonymous_6)
FNDA:0,(anonymous_7)
FNDA:0,(anonymous_8)
FNDA:0,(anonymous_9)
FNDA:0,(anonymous_10)
FNDA:0,(anonymous_11)
FNDA:0,(anonymous_12)
FNDA:0,(anonymous_13)
FNDA:0,(anonymous_14)
FNDA:0,(anonymous_15)
FNDA:3,(anonymous_16)
DA:4,3
DA:5,3
DA:6,3
DA:7,3
DA:9,3
DA:10,3
DA:11,3
DA:12,3
DA:16,3
DA:17,3
DA:21,0
DA:23,0
DA:24,0
DA:25,0
DA:26,0
DA:30,0
DA:31,0
DA:33,0
DA:34,0
DA:36,0
DA:37,0
DA:38,0
DA:39,0
DA:44,0
DA:45,0
DA:46,0
DA:47,0
DA:54,0
DA:64,0
DA:65,0
DA:66,0
DA:67,0
DA:69,0
DA:70,0
DA:77,0
DA:78,0
DA:85,0
DA:89,0
DA:96,0
DA:97,0
DA:98,0
DA:99,0
DA:101,0
DA:105,3
LF:44
LH:11
BRDA:33,0,0,0
BRDA:33,0,1,0
BRDA:77,1,0,0
BRDA:77,1,1,0
BRF:4
BRH:0
end_of_record
TN:
SF:src/classes/Time.js
FN:27,(anonymous_0)
FN:36,(anonymous_1)
FN:37,(anonymous_2)
FN:48,(anonymous_3)
FN:57,(anonymous_4)
FN:65,(anonymous_5)
FN:73,(anonymous_6)
FN:80,(anonymous_7)
FN:90,(anonymous_8)
FN:97,(anonymous_9)
FN:107,(anonymous_10)
FN:114,(anonymous_11)
FNF:12
FNH:4
FNDA:4,(anonymous_0)
FNDA:3,(anonymous_1)
FNDA:0,(anonymous_2)
FNDA:3,(anonymous_3)
FNDA:8,(anonymous_4)
FNDA:0,(anonymous_5)
FNDA:0,(anonymous_6)
FNDA:0,(anonymous_7)
FNDA:0,(anonymous_8)
FNDA:0,(anonymous_9)
FNDA:0,(anonymous_10)
FNDA:0,(anonymous_11)
DA:5,4
DA:6,4
DA:9,4
DA:12,4
DA:28,4
DA:29,4
DA:30,4
DA:37,3
DA:38,0
DA:39,0
DA:41,0
DA:49,3
DA:58,8
DA:66,0
DA:74,0
DA:81,0
DA:82,0
DA:91,0
DA:98,0
DA:99,0
DA:108,0
DA:115,0
LF:22
LH:10
BRDA:38,0,0,0
BRDA:38,0,1,0
BRDA:39,1,0,0
BRDA:39,1,1,0
BRDA:57,2,0,8
BRDA:81,3,0,0
BRDA:81,3,1,0
BRDA:82,4,0,0
BRDA:82,4,1,0
BRDA:98,5,0,0
BRDA:98,5,1,0
BRDA:99,6,0,0
BRDA:99,6,1,0
BRDA:115,7,0,0
BRDA:115,7,1,0
BRF:15
BRH:1
end_of_record
TN:
SF:src/classes/goods/Good.js
FN:44,(anonymous_0)
FN:56,(anonymous_1)
FN:60,(anonymous_2)
FN:64,(anonymous_3)
FN:71,(anonymous_4)
FN:82,(anonymous_5)
FN:98,(anonymous_6)
FN:114,(anonymous_7)
FN:124,(anonymous_8)
FN:131,(anonymous_9)
FN:135,(anonymous_10)
FNF:11
FNH:3
FNDA:8,(anonymous_0)
FNDA:0,(anonymous_1)
FNDA:0,(anonymous_2)
FNDA:0,(anonymous_3)
FNDA:0,(anonymous_4)
FNDA:2,(anonymous_5)
FNDA:1,(anonymous_6)
FNDA:0,(anonymous_7)
FNDA:0,(anonymous_8)
FNDA:0,(anonymous_9)
FNDA:0,(anonymous_10)
DA:8,8
DA:9,8
DA:10,8
DA:26,8
DA:27,8
DA:28,8
DA:30,8
DA:31,8
DA:32,8
DA:34,8
DA:38,8
DA:42,8
DA:45,8
DA:46,8
DA:47,8
DA:48,8
DA:49,8
DA:50,8
DA:51,8
DA:52,8
DA:53,8
DA:57,0
DA:61,0
DA:65,0
DA:66,0
DA:68,0
DA:72,0
DA:73,0
DA:75,0
DA:83,2
DA:84,2
DA:85,2
DA:86,4
DA:87,4
DA:88,4
DA:89,4
DA:99,1
DA:100,1
DA:101,1
DA:102,1
DA:104,0
DA:107,1
DA:115,0
DA:116,0
DA:117,0
DA:125,0
DA:132,0
DA:136,0
DA:137,0
DA:138,0
LF:50
LH:33
BRDA:65,0,0,0
BRDA:65,0,1,0
BRDA:72,1,0,0
BRDA:72,1,1,0
BRDA:89,2,0,0
BRDA:89,2,1,4
BRDA:102,3,0,0
BRDA:102,3,1,1
BRDA:107,4,0,0
BRDA:107,4,1,1
BRDA:117,5,0,0
BRDA:117,5,1,0
BRF:12
BRH:3
end_of_record
TN:
SF:src/classes/simulation/FreightPlatform.js
FN:28,(anonymous_0)
FN:32,(anonymous_1)
FN:38,(anonymous_2)
FN:39,(anonymous_3)
FN:47,(anonymous_4)
FN:53,(anonymous_5)
FN:62,(anonymous_6)
FN:73,(anonymous_7)
FNF:8
FNH:0
FNDA:0,(anonymous_0)
FNDA:0,(anonymous_1)
FNDA:0,(anonymous_2)
FNDA:0,(anonymous_3)
FNDA:0,(anonymous_4)
FNDA:0,(anonymous_5)
FNDA:0,(anonymous_6)
FNDA:0,(anonymous_7)
DA:21,0
DA:29,0
DA:30,0
DA:31,0
DA:32,0
DA:39,0
DA:40,0
DA:48,0
DA:49,0
DA:50,0
DA:51,0
DA:52,0
DA:53,0
DA:54,0
DA:63,0
DA:64,0
DA:65,0
DA:66,0
DA:67,0
DA:69,0
DA:74,0
LF:21
LH:0
BRDA:66,0,0,0
BRDA:66,0,1,0
BRF:2
BRH:0
end_of_record
TN:
SF:src/classes/simulation/Simulation.js
FN:28,(anonymous_0)
FN:33,(anonymous_1)
FN:39,(anonymous_2)
FN:48,(anonymous_3)
FN:62,(anonymous_4)
FN:69,(anonymous_5)
FN:70,(anonymous_6)
FN:71,(anonymous_7)
FN:74,(anonymous_8)
FN:75,(anonymous_9)
FN:78,(anonymous_10)
FN:82,(anonymous_11)
FN:85,(anonymous_12)
FN:100,(anonymous_13)
FN:104,(anonymous_14)
FN:116,(anonymous_15)
FN:118,(anonymous_16)
FN:126,(anonymous_17)
FN:137,(anonymous_18)
FN:139,(anonymous_19)
FN:147,(anonymous_20)
FN:158,(anonymous_21)
FN:159,(anonymous_22)
FN:162,(anonymous_23)
FN:171,(anonymous_24)
FN:178,(anonymous_25)
FN:184,(anonymous_26)
FN:187,(anonymous_27)
FN:193,(anonymous_28)
FN:199,(anonymous_29)
FNF:30
FNH:1
FNDA:2,(anonymous_0)
FNDA:0,(anonymous_1)
FNDA:0,(anonymous_2)
FNDA:0,(anonymous_3)
FNDA:0,(anonymous_4)
FNDA:0,(anonymous_5)
FNDA:0,(anonymous_6)
FNDA:0,(anonymous_7)
FNDA:0,(anonymous_8)
FNDA:0,(anonymous_9)
FNDA:0,(anonymous_10)
FNDA:0,(anonymous_11)
FNDA:0,(anonymous_12)
FNDA:0,(anonymous_13)
FNDA:0,(anonymous_14)
FNDA:0,(anonymous_15)
FNDA:0,(anonymous_16)
FNDA:0,(anonymous_17)
FNDA:0,(anonymous_18)
FNDA:0,(anonymous_19)
FNDA:0,(anonymous_20)
FNDA:0,(anonymous_21)
FNDA:0,(anonymous_22)
FNDA:0,(anonymous_23)
FNDA:0,(anonymous_24)
FNDA:0,(anonymous_25)
FNDA:0,(anonymous_26)
FNDA:0,(anonymous_27)
FNDA:0,(anonymous_28)
FNDA:0,(anonymous_29)
DA:19,2
DA:20,2
DA:21,2
DA:22,2
DA:23,2
DA:24,2
DA:25,2
DA:26,2
DA:29,2
DA:30,2
DA:34,0
DA:35,0
DA:36,0
DA:40,0
DA:41,0
DA:42,0
DA:43,0
DA:44,0
DA:45,0
DA:49,0
DA:50,0
DA:51,0
DA:52,0
DA:53,0
DA:54,0
DA:55,0
DA:56,0
DA:57,0
DA:58,0
DA:63,0
DA:64,0
DA:65,0
DA:66,0
DA:70,0
DA:71,0
DA:75,0
DA:79,0
DA:83,0
DA:84,0
DA:85,0
DA:86,0
DA:94,0
DA:95,0
DA:97,0
DA:101,0
DA:105,0
DA:107,0
DA:109,0
DA:111,0
DA:112,0
DA:117,0
DA:118,0
DA:119,0
DA:120,0
DA:123,0
DA:127,0
DA:133,0
DA:134,0
DA:138,0
DA:139,0
DA:140,0
DA:141,0
DA:144,0
DA:148,0
DA:154,0
DA:155,0
DA:159,0
DA:163,0
DA:164,0
DA:165,0
DA:166,0
DA:172,0
DA:175,0
DA:178,0
DA:179,0
DA:182,0
DA:185,0
DA:187,0
DA:194,0
DA:195,0
DA:200,0
DA:201,0
DA:204,0
LF:83
LH:10
BRDA:49,0,0,0
BRDA:49,0,1,0
BRDA:105,1,0,0
BRDA:105,1,1,0
BRDA:105,1,2,0
BRDA:163,2,0,0
BRDA:163,2,1,0
BRDA:165,3,0,0
BRDA:165,3,1,0
BRDA:165,4,0,0
BRDA:165,4,1,0
BRDA:191,5,0,0
BRDA:191,5,1,0
BRDA:197,6,0,0
BRDA:197,6,1,0
BRF:15
BRH:0
end_of_record
TN:
SF:src/classes/simulation/SimulationType.js
FNF:0
FNH:0
DA:4,4
LF:1
LH:1
BRF:0
BRH:0
end_of_record
TN:
SF:src/classes/simulation/TruckTracker.js
FN:8,(anonymous_0)
FN:13,(anonymous_1)
FN:27,(anonymous_2)
FNF:3
FNH:0
FNDA:0,(anonymous_0)
FNDA:0,(anonymous_1)
FNDA:0,(anonymous_2)
DA:3,0
DA:4,0
DA:5,0
DA:6,0
DA:9,0
DA:10,0
DA:14,0
DA:15,0
DA:16,0
DA:17,0
DA:18,0
DA:19,0
DA:22,0
DA:28,0
LF:14
LH:0
BRDA:15,0,0,0
BRDA:15,0,1,0
BRDA:16,1,0,0
BRDA:16,1,1,0
BRF:4
BRH:0
end_of_record
TN:
SF:src/classes/trucks/CostHandler.js
FN:7,(anonymous_0)
FN:12,(anonymous_1)
FN:55,(anonymous_2)
FNF:3
FNH:1
FNDA:3,(anonymous_0)
FNDA:0,(anonymous_1)
FNDA:0,(anonymous_2)
DA:8,3
DA:9,3
DA:14,0
DA:15,0
DA:18,0
DA:19,0
DA:20,0
DA:22,0
DA:23,0
DA:24,0
DA:27,0
DA:29,0
DA:30,0
DA:31,0
DA:32,0
DA:36,0
DA:37,0
DA:40,0
DA:41,0
DA:43,0
DA:44,0
DA:57,0
DA:58,0
DA:59,0
DA:61,0
DA:62,0
DA:63,0
DA:64,0
DA:66,0
DA:67,0
DA:69,0
LF:31
LH:2
BRDA:14,0,0,0
BRDA:14,0,1,0
BRDA:15,1,0,0
BRDA:15,1,1,0
BRDA:22,2,0,0
BRDA:22,2,1,0
BRDA:40,3,0,0
BRDA:40,3,1,0
BRDA:57,4,0,0
BRDA:57,4,1,0
BRDA:58,5,0,0
BRDA:58,5,1,0
BRDA:61,6,0,0
BRDA:61,6,1,0
BRDA:66,7,0,0
BRDA:66,7,1,0
BRF:16
BRH:0
end_of_record
TN:
SF:src/classes/trucks/PlanManager.js
FN:40,(anonymous_0)
FN:48,(anonymous_1)
FN:57,(anonymous_2)
FN:61,(anonymous_3)
FN:78,(anonymous_4)
FN:85,(anonymous_5)
FN:92,(anonymous_6)
FN:108,(anonymous_7)
FN:120,(anonymous_8)
FN:124,(anonymous_9)
FN:128,(anonymous_10)
FN:132,(anonymous_11)
FN:136,(anonymous_12)
FNF:13
FNH:1
FNDA:3,(anonymous_0)
FNDA:0,(anonymous_1)
FNDA:0,(anonymous_2)
FNDA:0,(anonymous_3)
FNDA:0,(anonymous_4)
FNDA:0,(anonymous_5)
FNDA:0,(anonymous_6)
FNDA:0,(anonymous_7)
FNDA:0,(anonymous_8)
FNDA:0,(anonymous_9)
FNDA:0,(anonymous_10)
FNDA:0,(anonymous_11)
FNDA:0,(anonymous_12)
DA:8,3
DA:27,3
DA:36,3
DA:41,3
DA:42,3
DA:49,0
DA:54,0
DA:58,0
DA:59,0
DA:60,0
DA:61,0
DA:62,0
DA:67,0
DA:79,0
DA:80,0
DA:81,0
DA:82,0
DA:86,0
DA:87,0
DA:88,0
DA:93,0
DA:109,0
DA:121,0
DA:125,0
DA:129,0
DA:133,0
DA:137,0
DA:138,0
DA:139,0
DA:140,0
LF:30
LH:5
BRDA:58,0,0,0
BRDA:58,0,1,0
BRDA:58,1,0,0
BRDA:58,1,1,0
BRDA:98,2,0,0
BRDA:98,2,1,0
BRDA:101,3,0,0
BRDA:101,3,1,0
BRDA:137,4,0,0
BRDA:137,4,1,0
BRF:10
BRH:0
end_of_record
TN:
SF:src/classes/trucks/SharedTruck.js
FN:4,(anonymous_0)
FN:14,(anonymous_1)
FNF:2
FNH:0
FNDA:0,(anonymous_0)
FNDA:0,(anonymous_1)
DA:5,0
DA:16,0
DA:19,0
DA:20,0
DA:21,0
DA:23,0
DA:25,0
DA:27,0
DA:28,0
DA:31,0
LF:10
LH:0
BRDA:19,0,0,0
BRDA:19,0,1,0
BRDA:23,1,0,0
BRDA:23,1,1,0
BRDA:23,2,0,0
BRDA:23,2,1,0
BRDA:23,2,2,0
BRDA:28,3,0,0
BRDA:28,3,1,0
BRF:9
BRH:0
end_of_record
TN:
SF:src/classes/trucks/TraditionalTruck.js
FN:5,(anonymous_0)
FN:15,(anonymous_1)
FNF:2
FNH:2
FNDA:3,(anonymous_0)
FNDA:8,(anonymous_1)
DA:6,3
DA:17,8
DA:20,8
DA:21,8
DA:24,0
DA:25,0
DA:26,0
DA:27,0
DA:28,0
DA:29,0
DA:31,0
LF:11
LH:4
BRDA:20,0,0,8
BRDA:20,0,1,0
BRDA:20,1,0,8
BRDA:20,1,1,8
BRDA:24,2,0,0
BRDA:24,2,1,0
BRDA:26,3,0,0
BRDA:26,3,1,0
BRDA:26,4,0,0
BRDA:26,4,1,0
BRDA:29,5,0,0
BRDA:29,5,1,0
BRF:12
BRH:3
end_of_record
TN:
SF:src/classes/trucks/Truck.js
FN:117,(anonymous_0)
FN:133,(anonymous_1)
FN:142,(anonymous_2)
FN:152,(anonymous_3)
FN:163,(anonymous_4)
FN:173,(anonymous_5)
FN:181,(anonymous_6)
FN:186,(anonymous_7)
FN:202,(anonymous_8)
FN:208,(anonymous_9)
FN:214,(anonymous_10)
FN:231,(anonymous_11)
FN:243,(anonymous_12)
FN:279,(anonymous_13)
FN:290,(anonymous_14)
FN:295,(anonymous_15)
FN:305,(anonymous_16)
FN:322,(anonymous_17)
FN:323,(anonymous_18)
FNF:19
FNH:1
FNDA:3,(anonymous_0)
FNDA:0,(anonymous_1)
FNDA:0,(anonymous_2)
FNDA:0,(anonymous_3)
FNDA:0,(anonymous_4)
FNDA:0,(anonymous_5)
FNDA:0,(anonymous_6)
FNDA:0,(anonymous_7)
FNDA:0,(anonymous_8)
FNDA:0,(anonymous_9)
FNDA:0,(anonymous_10)
FNDA:0,(anonymous_11)
FNDA:0,(anonymous_12)
FNDA:0,(anonymous_13)
FNDA:0,(anonymous_14)
FNDA:0,(anonymous_15)
FNDA:0,(anonymous_16)
FNDA:0,(anonymous_17)
FNDA:0,(anonymous_18)
DA:18,3
DA:30,3
DA:36,3
DA:45,3
DA:54,3
DA:60,3
DA:66,3
DA:68,3
DA:90,3
DA:95,3
DA:101,3
DA:107,3
DA:109,3
DA:118,3
DA:119,3
DA:120,0
DA:122,3
DA:123,3
DA:124,3
DA:125,3
DA:126,3
DA:127,3
DA:128,3
DA:129,3
DA:130,3
DA:134,0
DA:135,0
DA:136,0
DA:143,0
DA:153,0
DA:164,0
DA:174,0
DA:182,0
DA:183,0
DA:184,0
DA:186,0
DA:187,0
DA:188,0
DA:189,0
DA:192,0
DA:203,0
DA:204,0
DA:205,0
DA:207,0
DA:208,0
DA:209,0
DA:211,0
DA:213,0
DA:214,0
DA:215,0
DA:217,0
DA:219,0
DA:220,0
DA:221,0
DA:222,0
DA:232,0
DA:233,0
DA:234,0
DA:244,0
DA:245,0
DA:246,0
DA:247,0
DA:248,0
DA:249,0
DA:250,0
DA:252,0
DA:253,0
DA:254,0
DA:255,0
DA:256,0
DA:258,0
DA:259,0
DA:260,0
DA:261,0
DA:262,0
DA:263,0
DA:264,0
DA:280,0
DA:291,0
DA:292,0
DA:296,0
DA:297,0
DA:298,0
DA:299,0
DA:301,0
DA:302,0
DA:306,0
DA:307,0
DA:308,0
DA:309,0
DA:310,0
DA:312,0
DA:313,0
DA:323,0
DA:324,0
DA:325,0
DA:326,0
DA:327,0
DA:329,0
LF:99
LH:24
BRDA:119,0,0,0
BRDA:119,0,1,3
BRDA:183,1,0,0
BRDA:183,1,1,0
BRDA:187,2,0,0
BRDA:187,2,1,0
BRDA:205,3,0,0
BRDA:205,3,1,0
BRDA:205,3,2,0
BRDA:246,4,0,0
BRDA:246,4,1,0
BRDA:326,5,0,0
BRDA:326,5,1,0
BRF:13
BRH:1
end_of_record
TN:
SF:src/classes/trucks/TruckPropertyHandler.js
FN:10,(anonymous_0)
FN:31,(anonymous_1)
FN:32,(anonymous_2)
FN:38,(anonymous_3)
FNF:4
FNH:3
FNDA:3,(anonymous_0)
FNDA:3,(anonymous_1)
FNDA:4,(anonymous_2)
FNDA:0,(anonymous_3)
DA:11,3
DA:12,3
DA:32,4
DA:34,3
DA:35,3
DA:37,0
DA:38,0
DA:40,3
LF:8
LH:6
BRDA:34,0,0,3
BRDA:34,0,1,0
BRF:2
BRH:1
end_of_record
TN:
SF:src/classes/trucks/TruckState.js
FNF:0
FNH:0
DA:6,4
LF:1
LH:1
BRF:0
BRH:0
end_of_record
TN:
SF:src/classes/util/Observable.js
FN:5,(anonymous_0)
FN:13,(anonymous_1)
FN:14,(anonymous_2)
FNF:3
FNH:1
FNDA:14,(anonymous_0)
FNDA:0,(anonymous_1)
FNDA:0,(anonymous_2)
DA:3,11
DA:6,14
DA:7,14
DA:9,0
DA:14,0
LF:5
LH:3
BRDA:6,0,0,14
BRDA:6,0,1,0
BRF:2
BRH:1
end_of_record
TN:
SF:src/classes/util/UpdateMessage.js
FNF:0
FNH:0
LF:0
LH:0
BRF:0
BRH:0
end_of_record
TN:
SF:src/classes/view/GoodView.js
FN:9,(anonymous_0)
FN:29,(anonymous_1)
FNF:2
FNH:1
FNDA:8,(anonymous_0)
FNDA:0,(anonymous_1)
DA:6,8
DA:7,8
DA:11,8
DA:18,8
DA:25,8
DA:26,8
DA:30,0
DA:32,0
DA:33,0
DA:34,0
DA:36,0
DA:37,0
LF:12
LH:6
BRDA:30,0,0,0
BRDA:30,0,1,0
BRF:2
BRH:0
end_of_record
TN:
SF:src/classes/view/TruckView.js
FN:10,(anonymous_0)
FN:29,(anonymous_1)
FN:44,(anonymous_2)
FN:59,(anonymous_3)
FNF:4
FNH:2
FNDA:3,(anonymous_0)
FNDA:3,(anonymous_1)
FNDA:0,(anonymous_2)
FNDA:0,(anonymous_3)
DA:6,3
DA:7,3
DA:8,3
DA:11,3
DA:12,3
DA:19,3
DA:26,3
DA:30,3
DA:32,2
DA:34,1
DA:36,0
DA:38,0
DA:39,0
DA:40,0
DA:45,0
DA:47,0
DA:49,0
DA:51,0
DA:53,0
DA:54,0
DA:55,0
DA:60,0
DA:62,0
DA:63,0
DA:65,0
DA:66,0
DA:68,0
DA:69,0
DA:71,0
LF:29
LH:10
BRDA:30,0,0,2
BRDA:30,0,1,1
BRDA:30,0,2,0
BRDA:30,0,3,0
BRDA:45,1,0,0
BRDA:45,1,1,0
BRDA:45,1,2,0
BRDA:45,1,3,0
BRDA:60,2,0,0
BRDA:60,2,1,0
BRF:10
BRH:2
end_of_record
TN:
SF:src/components/SimplifiedMap.vue
FN:32,(anonymous_1)
FN:49,(anonymous_2)
FN:54,(anonymous_3)
FN:57,(anonymous_4)
FN:60,(anonymous_5)
FN:70,(anonymous_6)
FN:73,(anonymous_7)
FN:96,(anonymous_8)
FN:111,(anonymous_9)
FNF:9
FNH:3
FNDA:2,(anonymous_1)
FNDA:2,(anonymous_2)
FNDA:2,(anonymous_3)
FNDA:0,(anonymous_4)
FNDA:0,(anonymous_5)
FNDA:0,(anonymous_6)
FNDA:0,(anonymous_7)
FNDA:0,(anonymous_8)
FNDA:0,(anonymous_9)
DA:20,2
DA:21,2
DA:23,2
DA:33,2
DA:51,2
DA:55,2
DA:58,0
DA:61,0
DA:71,0
DA:72,0
DA:73,0
DA:75,0
DA:76,0
DA:78,0
DA:81,0
DA:82,0
DA:83,0
DA:97,0
DA:98,0
DA:99,0
DA:100,0
DA:101,0
DA:102,0
DA:104,0
DA:112,0
DA:113,0
DA:114,0
DA:115,0
LF:28
LH:6
BRDA:71,0,0,0
BRDA:71,0,1,0
BRDA:72,1,0,0
BRDA:72,1,1,0
BRDA:101,2,0,0
BRDA:101,2,1,0
BRF:6
BRH:0
end_of_record
TN:
SF:src/store/actions.js
FNF:0
FNH:0
DA:21,4
LF:1
LH:1
BRF:0
BRH:0
end_of_record
TN:
SF:src/store/getters.js
FN:7,(anonymous_0)
FN:16,(anonymous_1)
FN:25,(anonymous_2)
FN:34,(anonymous_3)
FN:43,(anonymous_4)
FN:52,(anonymous_5)
FN:61,(anonymous_6)
FN:70,(anonymous_7)
FN:74,(anonymous_8)
FN:78,(anonymous_9)
FN:82,(anonymous_10)
FNF:11
FNH:9
FNDA:0,(anonymous_0)
FNDA:1,(anonymous_1)
FNDA:1,(anonymous_2)
FNDA:1,(anonymous_3)
FNDA:2,(anonymous_4)
FNDA:6,(anonymous_5)
FNDA:4,(anonymous_6)
FNDA:2,(anonymous_7)
FNDA:1,(anonymous_8)
FNDA:1,(anonymous_9)
FNDA:0,(anonymous_10)
DA:1,4
DA:8,0
DA:17,1
DA:26,1
DA:35,1
DA:44,2
DA:53,6
DA:62,4
DA:71,2
DA:75,1
DA:79,1
DA:83,0
LF:12
LH:10
BRF:0
BRH:0
end_of_record
TN:
SF:src/store/index.js
FN:108,(anonymous_0)
FN:129,(anonymous_1)
FNF:2
FNH:2
FNDA:15,(anonymous_0)
FNDA:3,(anonymous_1)
DA:9,4
DA:109,15
DA:111,15
DA:112,15
DA:113,15
DA:114,12
DA:115,11
DA:117,11
DA:130,3
DA:131,3
DA:134,3
LF:11
LH:11
BRDA:111,0,0,0
BRDA:111,0,1,15
BRDA:112,1,0,0
BRDA:112,1,1,15
BRDA:113,2,0,3
BRDA:113,2,1,12
BRDA:113,3,0,15
BRDA:113,3,1,14
BRDA:114,4,0,1
BRDA:114,4,1,11
BRDA:114,5,0,12
BRDA:114,5,1,8
BRDA:115,6,0,0
BRDA:115,6,1,11
BRDA:115,7,0,11
BRDA:115,7,1,2
BRDA:130,8,0,0
BRDA:130,8,1,3
BRDA:131,9,0,0
BRDA:131,9,1,3
BRF:20
BRH:15
end_of_record
TN:
SF:src/store/mutations.js
FN:21,(anonymous_0)
FN:30,(anonymous_1)
FN:42,(anonymous_2)
FN:55,(anonymous_3)
FN:68,(anonymous_4)
FN:94,(anonymous_5)
FN:104,(anonymous_6)
FN:117,(anonymous_7)
FN:132,(anonymous_8)
FN:145,(anonymous_9)
FN:158,(anonymous_10)
FN:169,(anonymous_11)
FN:185,(anonymous_12)
FN:195,(anonymous_13)
FN:208,(anonymous_14)
FN:221,(anonymous_15)
FN:235,(anonymous_16)
FN:247,(anonymous_17)
FN:256,(anonymous_18)
FN:270,(anonymous_19)
FN:280,(anonymous_20)
FN:290,(anonymous_21)
FN:304,(anonymous_22)
FNF:23
FNH:20
FNDA:5,(anonymous_0)
FNDA:1,(anonymous_1)
FNDA:1,(anonymous_2)
FNDA:1,(anonymous_3)
FNDA:2,(anonymous_4)
FNDA:0,(anonymous_5)
FNDA:0,(anonymous_6)
FNDA:0,(anonymous_7)
FNDA:1,(anonymous_8)
FNDA:1,(anonymous_9)
FNDA:1,(anonymous_10)
FNDA:3,(anonymous_11)
FNDA:1,(anonymous_12)
FNDA:1,(anonymous_13)
FNDA:1,(anonymous_14)
FNDA:1,(anonymous_15)
FNDA:1,(anonymous_16)
FNDA:1,(anonymous_17)
FNDA:5,(anonymous_18)
FNDA:1,(anonymous_19)
FNDA:1,(anonymous_20)
FNDA:1,(anonymous_21)
FNDA:1,(anonymous_22)
DA:15,4
DA:22,5
DA:31,1
DA:32,1
DA:33,1
DA:34,1
DA:43,1
DA:44,1
DA:45,1
DA:46,1
DA:56,1
DA:57,1
DA:58,1
DA:59,1
DA:69,2
DA:70,0
DA:72,2
DA:74,1
DA:75,1
DA:77,1
DA:79,1
DA:80,1
DA:82,1
DA:84,0
DA:95,0
DA:96,0
DA:97,0
DA:105,0
DA:106,0
DA:108,0
DA:109,0
DA:110,0
DA:118,0
DA:119,0
DA:121,0
DA:122,0
DA:123,0
DA:133,1
DA:134,1
DA:135,1
DA:136,1
DA:146,1
DA:147,1
DA:148,1
DA:149,1
DA:159,1
DA:160,1
DA:161,1
DA:162,1
DA:170,3
DA:177,3
DA:186,1
DA:196,1
DA:197,1
DA:198,1
DA:199,1
DA:209,1
DA:210,1
DA:211,1
DA:212,1
DA:222,1
DA:223,1
DA:224,1
DA:225,1
DA:236,1
DA:237,1
DA:248,1
DA:249,1
DA:257,5
DA:262,5
DA:271,1
DA:281,1
DA:291,1
DA:292,1
DA:293,1
DA:294,1
DA:305,1
DA:306,1
LF:78
LH:63
BRDA:69,0,0,0
BRDA:69,0,1,2
BRDA:72,1,0,1
BRDA:72,1,1,1
BRDA:72,1,2,0
BRDA:74,2,0,1
BRDA:74,2,1,0
BRDA:79,3,0,1
BRDA:79,3,1,0
BRDA:96,4,0,0
BRDA:96,4,1,0
BRDA:97,5,0,0
BRDA:97,5,1,0
BRDA:105,6,0,0
BRDA:105,6,1,0
BRDA:106,7,0,0
BRDA:106,7,1,0
BRDA:118,8,0,0
BRDA:118,8,1,0
BRDA:119,9,0,0
BRDA:119,9,1,0
BRF:21
BRH:5
end_of_record
TN:
SF:src/util/avg.js
FN:1,avg
FN:2,(anonymous_1)
FNF:2
FNH:0
FNDA:0,avg
FNDA:0,(anonymous_1)
DA:2,0
LF:1
LH:0
BRF:0
BRH:0
end_of_record
TN:
SF:src/util/haversine.js
FN:1,haversine
FN:2,(anonymous_1)
FNF:2
FNH:0
FNDA:0,haversine
FNDA:0,(anonymous_1)
DA:2,0
DA:3,0
DA:4,0
DA:5,0
DA:7,0
DA:8,0
DA:10,0
DA:13,0
DA:15,0
LF:9
LH:0
BRF:0
BRH:0
end_of_record
